Determining if the -no-pie option is supported for C language failed with the following output:
cc: error: unrecognized command line option '-no-pie'

Determining if the -no-pie option is supported for CXX language failed with the following output:
c++: error: unrecognized command line option '-no-pie'

Performing C SOURCE FILE Test C_HAS_WARNING-Wno-long-double failed with the following output:
Change Dir: /public/liqingxing/PET/ITK/build/CMakeFiles/CMakeTmp

Run Build Command(s):/usr/bin/make cmTC_8fcd4/fast 
/usr/bin/make -f CMakeFiles/cmTC_8fcd4.dir/build.make CMakeFiles/cmTC_8fcd4.dir/build
make[1]: Entering directory '/public/liqingxing/PET/ITK/build/CMakeFiles/CMakeTmp'
Building C object CMakeFiles/cmTC_8fcd4.dir/src.c.o
/usr/bin/cc   -DC_HAS_WARNING-Wno-long-double   -Wno-long-double -o CMakeFiles/cmTC_8fcd4.dir/src.c.o   -c /public/liqingxing/PET/ITK/build/CMakeFiles/CMakeTmp/src.c
<command-line>:0:14: warning: missing whitespace after the macro name [enabled by default]
cc1: warning: unrecognized command line option "-Wno-long-double" [enabled by default]
Linking C executable cmTC_8fcd4
/opt/cmake-3.14.5/bin/cmake -E cmake_link_script CMakeFiles/cmTC_8fcd4.dir/link.txt --verbose=1
/usr/bin/cc  -DC_HAS_WARNING-Wno-long-double    CMakeFiles/cmTC_8fcd4.dir/src.c.o  -o cmTC_8fcd4 
make[1]: Leaving directory '/public/liqingxing/PET/ITK/build/CMakeFiles/CMakeTmp'

Source file was:
int main(void) { return 0; }
Performing C++ SOURCE FILE Test CXX_HAS_WARNING-Wno-long-double failed with the following output:
Change Dir: /public/liqingxing/PET/ITK/build/CMakeFiles/CMakeTmp

Run Build Command(s):/usr/bin/make cmTC_9be66/fast 
/usr/bin/make -f CMakeFiles/cmTC_9be66.dir/build.make CMakeFiles/cmTC_9be66.dir/build
make[1]: Entering directory '/public/liqingxing/PET/ITK/build/CMakeFiles/CMakeTmp'
Building CXX object CMakeFiles/cmTC_9be66.dir/src.cxx.o
/usr/bin/c++    -DCXX_HAS_WARNING-Wno-long-double   -Wno-long-double -std=c++11 -o CMakeFiles/cmTC_9be66.dir/src.cxx.o -c /public/liqingxing/PET/ITK/build/CMakeFiles/CMakeTmp/src.cxx
<command-line>:0:16: warning: ISO C99 requires whitespace after the macro name [enabled by default]
cc1plus: warning: unrecognized command line option "-Wno-long-double" [enabled by default]
Linking CXX executable cmTC_9be66
/opt/cmake-3.14.5/bin/cmake -E cmake_link_script CMakeFiles/cmTC_9be66.dir/link.txt --verbose=1
/usr/bin/c++   -DCXX_HAS_WARNING-Wno-long-double    CMakeFiles/cmTC_9be66.dir/src.cxx.o  -o cmTC_9be66 
make[1]: Leaving directory '/public/liqingxing/PET/ITK/build/CMakeFiles/CMakeTmp'

Source file was:
int main() { return 0;}
Performing C++ SOURCE FILE Test CXX_HAS_WARNING-Wno-undefined-var-template failed with the following output:
Change Dir: /public/liqingxing/PET/ITK/build/CMakeFiles/CMakeTmp

Run Build Command(s):/usr/bin/make cmTC_1e0d5/fast 
/usr/bin/make -f CMakeFiles/cmTC_1e0d5.dir/build.make CMakeFiles/cmTC_1e0d5.dir/build
make[1]: Entering directory '/public/liqingxing/PET/ITK/build/CMakeFiles/CMakeTmp'
Building CXX object CMakeFiles/cmTC_1e0d5.dir/src.cxx.o
/usr/bin/c++    -DCXX_HAS_WARNING-Wno-undefined-var-template   -Wno-undefined-var-template -std=c++11 -o CMakeFiles/cmTC_1e0d5.dir/src.cxx.o -c /public/liqingxing/PET/ITK/build/CMakeFiles/CMakeTmp/src.cxx
<command-line>:0:16: warning: ISO C99 requires whitespace after the macro name [enabled by default]
cc1plus: warning: unrecognized command line option "-Wno-undefined-var-template" [enabled by default]
Linking CXX executable cmTC_1e0d5
/opt/cmake-3.14.5/bin/cmake -E cmake_link_script CMakeFiles/cmTC_1e0d5.dir/link.txt --verbose=1
/usr/bin/c++   -DCXX_HAS_WARNING-Wno-undefined-var-template    CMakeFiles/cmTC_1e0d5.dir/src.cxx.o  -o cmTC_1e0d5 
make[1]: Leaving directory '/public/liqingxing/PET/ITK/build/CMakeFiles/CMakeTmp'

Source file was:
int main() { return 0;}
Performing C++ SOURCE FILE Test CXX_HAS_DISABLE_OPTIMIZATION_FLAG failed with the following output:
Change Dir: /public/liqingxing/PET/ITK/build/CMakeFiles/CMakeTmp

Run Build Command(s):/usr/bin/make cmTC_f9dcc/fast 
/usr/bin/make -f CMakeFiles/cmTC_f9dcc.dir/build.make CMakeFiles/cmTC_f9dcc.dir/build
make[1]: Entering directory '/public/liqingxing/PET/ITK/build/CMakeFiles/CMakeTmp'
Building CXX object CMakeFiles/cmTC_f9dcc.dir/src.cxx.o
/usr/bin/c++    -DCXX_HAS_DISABLE_OPTIMIZATION_FLAG   -std=c++11 -o CMakeFiles/cmTC_f9dcc.dir/src.cxx.o -c /public/liqingxing/PET/ITK/build/CMakeFiles/CMakeTmp/src.cxx
/public/liqingxing/PET/ITK/build/CMakeFiles/CMakeTmp/src.cxx:1:1: error: expected unqualified-id before ‘-’ token
 -O0
 ^
CMakeFiles/cmTC_f9dcc.dir/build.make:65: recipe for target 'CMakeFiles/cmTC_f9dcc.dir/src.cxx.o' failed
make[1]: *** [CMakeFiles/cmTC_f9dcc.dir/src.cxx.o] Error 1
make[1]: Leaving directory '/public/liqingxing/PET/ITK/build/CMakeFiles/CMakeTmp'
Makefile:121: recipe for target 'cmTC_f9dcc/fast' failed
make: *** [cmTC_f9dcc/fast] Error 2

Source file was:
-O0
Performing C++ SOURCE FILE Test COMPILER_SUPPORT_Wshorten64to32 failed with the following output:
Change Dir: /public/liqingxing/PET/ITK/build/CMakeFiles/CMakeTmp

Run Build Command(s):/usr/bin/make cmTC_5ba98/fast 
/usr/bin/make -f CMakeFiles/cmTC_5ba98.dir/build.make CMakeFiles/cmTC_5ba98.dir/build
make[1]: Entering directory '/public/liqingxing/PET/ITK/build/CMakeFiles/CMakeTmp'
Building CXX object CMakeFiles/cmTC_5ba98.dir/src.cxx.o
/usr/bin/c++    -mtune=native -march=corei7 -Wall -Wcast-align -Wdisabled-optimization -Wextra -Wformat=2 -Winvalid-pch -Wno-format-nonliteral -Wpointer-arith -Wshadow -Wunused -Wwrite-strings -funit-at-a-time -Wno-strict-overflow -Wno-deprecated -Wno-invalid-offsetof -Woverloaded-virtual -Wstrict-null-sentinel  -Wno-array-bounds -w -pedantic -Wall -Wextra -Wundef -Wcast-align -Wchar-subscripts -Wnon-virtual-dtor -Wunused-local-typedefs -Wpointer-arith -Wwrite-strings -Wformat-security -DCOMPILER_SUPPORT_Wshorten64to32 -Werror -fPIE   -Wshorten-64-to-32 -std=c++11 -o CMakeFiles/cmTC_5ba98.dir/src.cxx.o -c /public/liqingxing/PET/ITK/build/CMakeFiles/CMakeTmp/src.cxx
c++: error: unrecognized command line option '-Wshorten-64-to-32'
CMakeFiles/cmTC_5ba98.dir/build.make:65: recipe for target 'CMakeFiles/cmTC_5ba98.dir/src.cxx.o' failed
make[1]: *** [CMakeFiles/cmTC_5ba98.dir/src.cxx.o] Error 1
make[1]: Leaving directory '/public/liqingxing/PET/ITK/build/CMakeFiles/CMakeTmp'
Makefile:121: recipe for target 'cmTC_5ba98/fast' failed
make: *** [cmTC_5ba98/fast] Error 2

Source file was:
int main() { return 0; }
Performing C++ SOURCE FILE Test COMPILER_SUPPORT_Wenumconversion failed with the following output:
Change Dir: /public/liqingxing/PET/ITK/build/CMakeFiles/CMakeTmp

Run Build Command(s):/usr/bin/make cmTC_514af/fast 
/usr/bin/make -f CMakeFiles/cmTC_514af.dir/build.make CMakeFiles/cmTC_514af.dir/build
make[1]: Entering directory '/public/liqingxing/PET/ITK/build/CMakeFiles/CMakeTmp'
Building CXX object CMakeFiles/cmTC_514af.dir/src.cxx.o
/usr/bin/c++    -mtune=native -march=corei7 -Wall -Wcast-align -Wdisabled-optimization -Wextra -Wformat=2 -Winvalid-pch -Wno-format-nonliteral -Wpointer-arith -Wshadow -Wunused -Wwrite-strings -funit-at-a-time -Wno-strict-overflow -Wno-deprecated -Wno-invalid-offsetof -Woverloaded-virtual -Wstrict-null-sentinel  -Wno-array-bounds -w -pedantic -Wall -Wextra -Wundef -Wcast-align -Wchar-subscripts -Wnon-virtual-dtor -Wunused-local-typedefs -Wpointer-arith -Wwrite-strings -Wformat-security -Wlogical-op -DCOMPILER_SUPPORT_Wenumconversion -Werror -fPIE   -Wenum-conversion -std=c++11 -o CMakeFiles/cmTC_514af.dir/src.cxx.o -c /public/liqingxing/PET/ITK/build/CMakeFiles/CMakeTmp/src.cxx
c++: error: unrecognized command line option '-Wenum-conversion'
CMakeFiles/cmTC_514af.dir/build.make:65: recipe for target 'CMakeFiles/cmTC_514af.dir/src.cxx.o' failed
make[1]: *** [CMakeFiles/cmTC_514af.dir/src.cxx.o] Error 1
make[1]: Leaving directory '/public/liqingxing/PET/ITK/build/CMakeFiles/CMakeTmp'
Makefile:121: recipe for target 'cmTC_514af/fast' failed
make: *** [cmTC_514af/fast] Error 2

Source file was:
int main() { return 0; }
Performing C++ SOURCE FILE Test COMPILER_SUPPORT_Wcpp11extensions failed with the following output:
Change Dir: /public/liqingxing/PET/ITK/build/CMakeFiles/CMakeTmp

Run Build Command(s):/usr/bin/make cmTC_38172/fast 
/usr/bin/make -f CMakeFiles/cmTC_38172.dir/build.make CMakeFiles/cmTC_38172.dir/build
make[1]: Entering directory '/public/liqingxing/PET/ITK/build/CMakeFiles/CMakeTmp'
Building CXX object CMakeFiles/cmTC_38172.dir/src.cxx.o
/usr/bin/c++    -mtune=native -march=corei7 -Wall -Wcast-align -Wdisabled-optimization -Wextra -Wformat=2 -Winvalid-pch -Wno-format-nonliteral -Wpointer-arith -Wshadow -Wunused -Wwrite-strings -funit-at-a-time -Wno-strict-overflow -Wno-deprecated -Wno-invalid-offsetof -Woverloaded-virtual -Wstrict-null-sentinel  -Wno-array-bounds -w -pedantic -Wall -Wextra -Wundef -Wcast-align -Wchar-subscripts -Wnon-virtual-dtor -Wunused-local-typedefs -Wpointer-arith -Wwrite-strings -Wformat-security -Wlogical-op -DCOMPILER_SUPPORT_Wcpp11extensions -Werror -fPIE   -Wc++11-extensions -std=c++11 -o CMakeFiles/cmTC_38172.dir/src.cxx.o -c /public/liqingxing/PET/ITK/build/CMakeFiles/CMakeTmp/src.cxx
c++: error: unrecognized command line option '-Wc++11-extensions'
CMakeFiles/cmTC_38172.dir/build.make:65: recipe for target 'CMakeFiles/cmTC_38172.dir/src.cxx.o' failed
make[1]: *** [CMakeFiles/cmTC_38172.dir/src.cxx.o] Error 1
make[1]: Leaving directory '/public/liqingxing/PET/ITK/build/CMakeFiles/CMakeTmp'
Makefile:121: recipe for target 'cmTC_38172/fast' failed
make: *** [cmTC_38172/fast] Error 2

Source file was:
int main() { return 0; }
Performing C++ SOURCE FILE Test COMPILER_SUPPORT_wd981 failed with the following output:
Change Dir: /public/liqingxing/PET/ITK/build/CMakeFiles/CMakeTmp

Run Build Command(s):/usr/bin/make cmTC_608b9/fast 
/usr/bin/make -f CMakeFiles/cmTC_608b9.dir/build.make CMakeFiles/cmTC_608b9.dir/build
make[1]: Entering directory '/public/liqingxing/PET/ITK/build/CMakeFiles/CMakeTmp'
Building CXX object CMakeFiles/cmTC_608b9.dir/src.cxx.o
/usr/bin/c++    -mtune=native -march=corei7 -Wall -Wcast-align -Wdisabled-optimization -Wextra -Wformat=2 -Winvalid-pch -Wno-format-nonliteral -Wpointer-arith -Wshadow -Wunused -Wwrite-strings -funit-at-a-time -Wno-strict-overflow -Wno-deprecated -Wno-invalid-offsetof -Woverloaded-virtual -Wstrict-null-sentinel  -Wno-array-bounds -w -pedantic -Wall -Wextra -Wundef -Wcast-align -Wchar-subscripts -Wnon-virtual-dtor -Wunused-local-typedefs -Wpointer-arith -Wwrite-strings -Wformat-security -Wlogical-op -Wdouble-promotion -Wno-psabi -Wno-variadic-macros -Wno-long-long -fno-check-new -fno-common -fstrict-aliasing -DCOMPILER_SUPPORT_wd981 -Werror -fPIE   -wd981 -std=c++11 -o CMakeFiles/cmTC_608b9.dir/src.cxx.o -c /public/liqingxing/PET/ITK/build/CMakeFiles/CMakeTmp/src.cxx
c++: error: unrecognized command line option '-wd981'
CMakeFiles/cmTC_608b9.dir/build.make:65: recipe for target 'CMakeFiles/cmTC_608b9.dir/src.cxx.o' failed
make[1]: *** [CMakeFiles/cmTC_608b9.dir/src.cxx.o] Error 1
make[1]: Leaving directory '/public/liqingxing/PET/ITK/build/CMakeFiles/CMakeTmp'
Makefile:121: recipe for target 'cmTC_608b9/fast' failed
make: *** [cmTC_608b9/fast] Error 2

Source file was:
int main() { return 0; }
Performing C++ SOURCE FILE Test COMPILER_SUPPORT_wd2304 failed with the following output:
Change Dir: /public/liqingxing/PET/ITK/build/CMakeFiles/CMakeTmp

Run Build Command(s):/usr/bin/make cmTC_8f6ad/fast 
/usr/bin/make -f CMakeFiles/cmTC_8f6ad.dir/build.make CMakeFiles/cmTC_8f6ad.dir/build
make[1]: Entering directory '/public/liqingxing/PET/ITK/build/CMakeFiles/CMakeTmp'
Building CXX object CMakeFiles/cmTC_8f6ad.dir/src.cxx.o
/usr/bin/c++    -mtune=native -march=corei7 -Wall -Wcast-align -Wdisabled-optimization -Wextra -Wformat=2 -Winvalid-pch -Wno-format-nonliteral -Wpointer-arith -Wshadow -Wunused -Wwrite-strings -funit-at-a-time -Wno-strict-overflow -Wno-deprecated -Wno-invalid-offsetof -Woverloaded-virtual -Wstrict-null-sentinel  -Wno-array-bounds -w -pedantic -Wall -Wextra -Wundef -Wcast-align -Wchar-subscripts -Wnon-virtual-dtor -Wunused-local-typedefs -Wpointer-arith -Wwrite-strings -Wformat-security -Wlogical-op -Wdouble-promotion -Wno-psabi -Wno-variadic-macros -Wno-long-long -fno-check-new -fno-common -fstrict-aliasing -DCOMPILER_SUPPORT_wd2304 -Werror -fPIE   -wd2304 -std=c++11 -o CMakeFiles/cmTC_8f6ad.dir/src.cxx.o -c /public/liqingxing/PET/ITK/build/CMakeFiles/CMakeTmp/src.cxx
c++: error: unrecognized command line option '-wd2304'
CMakeFiles/cmTC_8f6ad.dir/build.make:65: recipe for target 'CMakeFiles/cmTC_8f6ad.dir/src.cxx.o' failed
make[1]: *** [CMakeFiles/cmTC_8f6ad.dir/src.cxx.o] Error 1
make[1]: Leaving directory '/public/liqingxing/PET/ITK/build/CMakeFiles/CMakeTmp'
Makefile:121: recipe for target 'cmTC_8f6ad/fast' failed
make: *** [cmTC_8f6ad/fast] Error 2

Source file was:
int main() { return 0; }
Performing C++ SOURCE FILE Test COMPILER_SUPPORT_STRICTANSI failed with the following output:
Change Dir: /public/liqingxing/PET/ITK/build/CMakeFiles/CMakeTmp

Run Build Command(s):/usr/bin/make cmTC_bc022/fast 
/usr/bin/make -f CMakeFiles/cmTC_bc022.dir/build.make CMakeFiles/cmTC_bc022.dir/build
make[1]: Entering directory '/public/liqingxing/PET/ITK/build/CMakeFiles/CMakeTmp'
Building CXX object CMakeFiles/cmTC_bc022.dir/src.cxx.o
/usr/bin/c++    -mtune=native -march=corei7 -Wall -Wcast-align -Wdisabled-optimization -Wextra -Wformat=2 -Winvalid-pch -Wno-format-nonliteral -Wpointer-arith -Wshadow -Wunused -Wwrite-strings -funit-at-a-time -Wno-strict-overflow -Wno-deprecated -Wno-invalid-offsetof -Woverloaded-virtual -Wstrict-null-sentinel  -Wno-array-bounds -w -pedantic -Wall -Wextra -Wundef -Wcast-align -Wchar-subscripts -Wnon-virtual-dtor -Wunused-local-typedefs -Wpointer-arith -Wwrite-strings -Wformat-security -Wlogical-op -Wdouble-promotion -Wno-psabi -Wno-variadic-macros -Wno-long-long -fno-check-new -fno-common -fstrict-aliasing -DCOMPILER_SUPPORT_STRICTANSI -Werror -fPIE   -strict-ansi -std=c++11 -o CMakeFiles/cmTC_bc022.dir/src.cxx.o -c /public/liqingxing/PET/ITK/build/CMakeFiles/CMakeTmp/src.cxx
c++: error: unrecognized command line option '-strict-ansi'
CMakeFiles/cmTC_bc022.dir/build.make:65: recipe for target 'CMakeFiles/cmTC_bc022.dir/src.cxx.o' failed
make[1]: *** [CMakeFiles/cmTC_bc022.dir/src.cxx.o] Error 1
make[1]: Leaving directory '/public/liqingxing/PET/ITK/build/CMakeFiles/CMakeTmp'
Makefile:121: recipe for target 'cmTC_bc022/fast' failed
make: *** [cmTC_bc022/fast] Error 2

Source file was:
int main() { return 0; }
Performing C++ SOURCE FILE Test COMPILER_SUPPORT_Qunusedarguments failed with the following output:
Change Dir: /public/liqingxing/PET/ITK/build/CMakeFiles/CMakeTmp

Run Build Command(s):/usr/bin/make cmTC_e7a34/fast 
/usr/bin/make -f CMakeFiles/cmTC_e7a34.dir/build.make CMakeFiles/cmTC_e7a34.dir/build
make[1]: Entering directory '/public/liqingxing/PET/ITK/build/CMakeFiles/CMakeTmp'
Building CXX object CMakeFiles/cmTC_e7a34.dir/src.cxx.o
/usr/bin/c++    -mtune=native -march=corei7 -Wall -Wcast-align -Wdisabled-optimization -Wextra -Wformat=2 -Winvalid-pch -Wno-format-nonliteral -Wpointer-arith -Wshadow -Wunused -Wwrite-strings -funit-at-a-time -Wno-strict-overflow -Wno-deprecated -Wno-invalid-offsetof -Woverloaded-virtual -Wstrict-null-sentinel  -Wno-array-bounds -w -pedantic -Wall -Wextra -Wundef -Wcast-align -Wchar-subscripts -Wnon-virtual-dtor -Wunused-local-typedefs -Wpointer-arith -Wwrite-strings -Wformat-security -Wlogical-op -Wdouble-promotion -Wno-psabi -Wno-variadic-macros -Wno-long-long -fno-check-new -fno-common -fstrict-aliasing -DCOMPILER_SUPPORT_Qunusedarguments -Werror -fPIE   -Qunused-arguments -std=c++11 -o CMakeFiles/cmTC_e7a34.dir/src.cxx.o -c /public/liqingxing/PET/ITK/build/CMakeFiles/CMakeTmp/src.cxx
c++: error: unrecognized command line option '-Qunused-arguments'
CMakeFiles/cmTC_e7a34.dir/build.make:65: recipe for target 'CMakeFiles/cmTC_e7a34.dir/src.cxx.o' failed
make[1]: *** [CMakeFiles/cmTC_e7a34.dir/src.cxx.o] Error 1
make[1]: Leaving directory '/public/liqingxing/PET/ITK/build/CMakeFiles/CMakeTmp'
Makefile:121: recipe for target 'cmTC_e7a34/fast' failed
make: *** [cmTC_e7a34/fast] Error 2

Source file was:
int main() { return 0; }
Checking whether C++ compiler has '__int64' failed to compile with the following output:
Change Dir: /public/liqingxing/PET/ITK/build/Modules/ThirdParty/KWSys/src/KWSys/CMakeFiles/CMakeTmp

Run Build Command(s):/usr/bin/make cmTC_f5889/fast 
/usr/bin/make -f CMakeFiles/cmTC_f5889.dir/build.make CMakeFiles/cmTC_f5889.dir/build
make[1]: Entering directory '/public/liqingxing/PET/ITK/build/Modules/ThirdParty/KWSys/src/KWSys/CMakeFiles/CMakeTmp'
Building CXX object CMakeFiles/cmTC_f5889.dir/kwsysPlatformTestsCXX.cxx.o
/usr/bin/c++  -DTEST_KWSYS_CXX_HAS___INT64  -mtune=native -march=corei7 -Wall -Wcast-align -Wdisabled-optimization -Wextra -Wformat=2 -Winvalid-pch -Wno-format-nonliteral -Wpointer-arith -Wshadow -Wunused -Wwrite-strings -funit-at-a-time -Wno-strict-overflow -Wno-deprecated -Wno-invalid-offsetof -Woverloaded-virtual -Wstrict-null-sentinel  -Wno-array-bounds -w  -fPIE   -std=c++11 -o CMakeFiles/cmTC_f5889.dir/kwsysPlatformTestsCXX.cxx.o -c /public/liqingxing/PET/ITK/InsightToolkit-5.0.1/Modules/ThirdParty/KWSys/src/KWSys/kwsysPlatformTestsCXX.cxx
/public/liqingxing/PET/ITK/InsightToolkit-5.0.1/Modules/ThirdParty/KWSys/src/KWSys/kwsysPlatformTestsCXX.cxx:24:1: error: ‘__int64’ does not name a type
 __int64 f(__int64 n)
 ^
/public/liqingxing/PET/ITK/InsightToolkit-5.0.1/Modules/ThirdParty/KWSys/src/KWSys/kwsysPlatformTestsCXX.cxx: In function ‘int main()’:
/public/liqingxing/PET/ITK/InsightToolkit-5.0.1/Modules/ThirdParty/KWSys/src/KWSys/kwsysPlatformTestsCXX.cxx:30:3: error: ‘__int64’ was not declared in this scope
   __int64 n = 0;
   ^
/public/liqingxing/PET/ITK/InsightToolkit-5.0.1/Modules/ThirdParty/KWSys/src/KWSys/kwsysPlatformTestsCXX.cxx:30:11: error: expected ‘;’ before ‘n’
   __int64 n = 0;
           ^
/public/liqingxing/PET/ITK/InsightToolkit-5.0.1/Modules/ThirdParty/KWSys/src/KWSys/kwsysPlatformTestsCXX.cxx:31:29: error: ‘n’ was not declared in this scope
   return static_cast<int>(f(n));
                             ^
/public/liqingxing/PET/ITK/InsightToolkit-5.0.1/Modules/ThirdParty/KWSys/src/KWSys/kwsysPlatformTestsCXX.cxx:31:30: error: ‘f’ was not declared in this scope
   return static_cast<int>(f(n));
                              ^
CMakeFiles/cmTC_f5889.dir/build.make:65: recipe for target 'CMakeFiles/cmTC_f5889.dir/kwsysPlatformTestsCXX.cxx.o' failed
make[1]: *** [CMakeFiles/cmTC_f5889.dir/kwsysPlatformTestsCXX.cxx.o] Error 1
make[1]: Leaving directory '/public/liqingxing/PET/ITK/build/Modules/ThirdParty/KWSys/src/KWSys/CMakeFiles/CMakeTmp'
Makefile:121: recipe for target 'cmTC_f5889/fast' failed
make: *** [cmTC_f5889/fast] Error 2


Checking whether CXX compiler has environ in stdlib.h failed to compile with the following output:
Change Dir: /public/liqingxing/PET/ITK/build/Modules/ThirdParty/KWSys/src/KWSys/CMakeFiles/CMakeTmp

Run Build Command(s):/usr/bin/make cmTC_fb658/fast 
/usr/bin/make -f CMakeFiles/cmTC_fb658.dir/build.make CMakeFiles/cmTC_fb658.dir/build
make[1]: Entering directory '/public/liqingxing/PET/ITK/build/Modules/ThirdParty/KWSys/src/KWSys/CMakeFiles/CMakeTmp'
Building CXX object CMakeFiles/cmTC_fb658.dir/kwsysPlatformTestsCXX.cxx.o
/usr/bin/c++  -DTEST_KWSYS_CXX_HAS_ENVIRON_IN_STDLIB_H  -mtune=native -march=corei7 -Wall -Wcast-align -Wdisabled-optimization -Wextra -Wformat=2 -Winvalid-pch -Wno-format-nonliteral -Wpointer-arith -Wshadow -Wunused -Wwrite-strings -funit-at-a-time -Wno-strict-overflow -Wno-deprecated -Wno-invalid-offsetof -Woverloaded-virtual -Wstrict-null-sentinel  -Wno-array-bounds -w  -fPIE   -std=c++11 -o CMakeFiles/cmTC_fb658.dir/kwsysPlatformTestsCXX.cxx.o -c /public/liqingxing/PET/ITK/InsightToolkit-5.0.1/Modules/ThirdParty/KWSys/src/KWSys/kwsysPlatformTestsCXX.cxx
/public/liqingxing/PET/ITK/InsightToolkit-5.0.1/Modules/ThirdParty/KWSys/src/KWSys/kwsysPlatformTestsCXX.cxx: In function ‘int main()’:
/public/liqingxing/PET/ITK/InsightToolkit-5.0.1/Modules/ThirdParty/KWSys/src/KWSys/kwsysPlatformTestsCXX.cxx:160:13: error: ‘environ’ was not declared in this scope
   char* e = environ[0];
             ^
CMakeFiles/cmTC_fb658.dir/build.make:65: recipe for target 'CMakeFiles/cmTC_fb658.dir/kwsysPlatformTestsCXX.cxx.o' failed
make[1]: *** [CMakeFiles/cmTC_fb658.dir/kwsysPlatformTestsCXX.cxx.o] Error 1
make[1]: Leaving directory '/public/liqingxing/PET/ITK/build/Modules/ThirdParty/KWSys/src/KWSys/CMakeFiles/CMakeTmp'
Makefile:121: recipe for target 'cmTC_fb658/fast' failed
make: *** [cmTC_fb658/fast] Error 2


Checking whether CXX compiler struct stat has st_mtimespec member failed to compile with the following output:
Change Dir: /public/liqingxing/PET/ITK/build/Modules/ThirdParty/KWSys/src/KWSys/CMakeFiles/CMakeTmp

Run Build Command(s):/usr/bin/make cmTC_610f5/fast 
/usr/bin/make -f CMakeFiles/cmTC_610f5.dir/build.make CMakeFiles/cmTC_610f5.dir/build
make[1]: Entering directory '/public/liqingxing/PET/ITK/build/Modules/ThirdParty/KWSys/src/KWSys/CMakeFiles/CMakeTmp'
Building CXX object CMakeFiles/cmTC_610f5.dir/kwsysPlatformTestsCXX.cxx.o
/usr/bin/c++  -DTEST_KWSYS_CXX_STAT_HAS_ST_MTIMESPEC  -mtune=native -march=corei7 -Wall -Wcast-align -Wdisabled-optimization -Wextra -Wformat=2 -Winvalid-pch -Wno-format-nonliteral -Wpointer-arith -Wshadow -Wunused -Wwrite-strings -funit-at-a-time -Wno-strict-overflow -Wno-deprecated -Wno-invalid-offsetof -Woverloaded-virtual -Wstrict-null-sentinel  -Wno-array-bounds -w  -fPIE   -std=c++11 -o CMakeFiles/cmTC_610f5.dir/kwsysPlatformTestsCXX.cxx.o -c /public/liqingxing/PET/ITK/InsightToolkit-5.0.1/Modules/ThirdParty/KWSys/src/KWSys/kwsysPlatformTestsCXX.cxx
/public/liqingxing/PET/ITK/InsightToolkit-5.0.1/Modules/ThirdParty/KWSys/src/KWSys/kwsysPlatformTestsCXX.cxx: In function ‘int main()’:
/public/liqingxing/PET/ITK/InsightToolkit-5.0.1/Modules/ThirdParty/KWSys/src/KWSys/kwsysPlatformTestsCXX.cxx:57:15: error: ‘struct stat’ has no member named ‘st_mtimespec’
   (void)stat1.st_mtimespec.tv_sec;
               ^
/public/liqingxing/PET/ITK/InsightToolkit-5.0.1/Modules/ThirdParty/KWSys/src/KWSys/kwsysPlatformTestsCXX.cxx:58:15: error: ‘struct stat’ has no member named ‘st_mtimespec’
   (void)stat1.st_mtimespec.tv_nsec;
               ^
CMakeFiles/cmTC_610f5.dir/build.make:65: recipe for target 'CMakeFiles/cmTC_610f5.dir/kwsysPlatformTestsCXX.cxx.o' failed
make[1]: *** [CMakeFiles/cmTC_610f5.dir/kwsysPlatformTestsCXX.cxx.o] Error 1
make[1]: Leaving directory '/public/liqingxing/PET/ITK/build/Modules/ThirdParty/KWSys/src/KWSys/CMakeFiles/CMakeTmp'
Makefile:121: recipe for target 'cmTC_610f5/fast' failed
make: *** [cmTC_610f5/fast] Error 2


Checking whether CXX compiler has _atoi64 failed to compile with the following output:
Change Dir: /public/liqingxing/PET/ITK/build/Modules/ThirdParty/KWSys/src/KWSys/CMakeFiles/CMakeTmp

Run Build Command(s):/usr/bin/make cmTC_fb48b/fast 
/usr/bin/make -f CMakeFiles/cmTC_fb48b.dir/build.make CMakeFiles/cmTC_fb48b.dir/build
make[1]: Entering directory '/public/liqingxing/PET/ITK/build/Modules/ThirdParty/KWSys/src/KWSys/CMakeFiles/CMakeTmp'
Building CXX object CMakeFiles/cmTC_fb48b.dir/kwsysPlatformTestsCXX.cxx.o
/usr/bin/c++  -DTEST_KWSYS_CXX_HAS__ATOI64  -mtune=native -march=corei7 -Wall -Wcast-align -Wdisabled-optimization -Wextra -Wformat=2 -Winvalid-pch -Wno-format-nonliteral -Wpointer-arith -Wshadow -Wunused -Wwrite-strings -funit-at-a-time -Wno-strict-overflow -Wno-deprecated -Wno-invalid-offsetof -Woverloaded-virtual -Wstrict-null-sentinel  -Wno-array-bounds -w  -fPIE   -std=c++11 -o CMakeFiles/cmTC_fb48b.dir/kwsysPlatformTestsCXX.cxx.o -c /public/liqingxing/PET/ITK/InsightToolkit-5.0.1/Modules/ThirdParty/KWSys/src/KWSys/kwsysPlatformTestsCXX.cxx
/public/liqingxing/PET/ITK/InsightToolkit-5.0.1/Modules/ThirdParty/KWSys/src/KWSys/kwsysPlatformTestsCXX.cxx: In function ‘int main()’:
/public/liqingxing/PET/ITK/InsightToolkit-5.0.1/Modules/ThirdParty/KWSys/src/KWSys/kwsysPlatformTestsCXX.cxx:210:38: error: ‘_atoi64’ was not declared in this scope
   return static_cast<int>(_atoi64(str));
                                      ^
CMakeFiles/cmTC_fb48b.dir/build.make:65: recipe for target 'CMakeFiles/cmTC_fb48b.dir/kwsysPlatformTestsCXX.cxx.o' failed
make[1]: *** [CMakeFiles/cmTC_fb48b.dir/kwsysPlatformTestsCXX.cxx.o] Error 1
make[1]: Leaving directory '/public/liqingxing/PET/ITK/build/Modules/ThirdParty/KWSys/src/KWSys/CMakeFiles/CMakeTmp'
Makefile:121: recipe for target 'cmTC_fb48b/fast' failed
make: *** [cmTC_fb48b/fast] Error 2


Performing Test VCL_HAS_LFS succeeded with the following output:
Change Dir: /public/liqingxing/PET/ITK/build/CMakeFiles/CMakeTmp

Run Build Command(s):/usr/bin/make cmTC_2e3ea/fast 
/usr/bin/make -f CMakeFiles/cmTC_2e3ea.dir/build.make CMakeFiles/cmTC_2e3ea.dir/build
make[1]: Entering directory '/public/liqingxing/PET/ITK/build/CMakeFiles/CMakeTmp'
Building CXX object CMakeFiles/cmTC_2e3ea.dir/vxl_platform_tests.cxx.o
/usr/bin/c++    -mtune=native -march=corei7 -Wall -Wcast-align -Wdisabled-optimization -Wextra -Wformat=2 -Winvalid-pch -Wno-format-nonliteral -Wpointer-arith -Wshadow -Wunused -Wwrite-strings -funit-at-a-time -Wno-strict-overflow -Wno-deprecated -Wno-invalid-offsetof -Woverloaded-virtual -Wstrict-null-sentinel  -Wno-array-bounds -w  -fPIC -DVCL_HAS_LFS -fPIE   -std=c++11 -o CMakeFiles/cmTC_2e3ea.dir/vxl_platform_tests.cxx.o -c /public/liqingxing/PET/ITK/InsightToolkit-5.0.1/Modules/ThirdParty/VNL/src/vxl/config/cmake/config/vxl_platform_tests.cxx
Linking CXX executable cmTC_2e3ea
/opt/cmake-3.14.5/bin/cmake -E cmake_link_script CMakeFiles/cmTC_2e3ea.dir/link.txt --verbose=1
/usr/bin/c++   -mtune=native -march=corei7 -Wall -Wcast-align -Wdisabled-optimization -Wextra -Wformat=2 -Winvalid-pch -Wno-format-nonliteral -Wpointer-arith -Wshadow -Wunused -Wwrite-strings -funit-at-a-time -Wno-strict-overflow -Wno-deprecated -Wno-invalid-offsetof -Woverloaded-virtual -Wstrict-null-sentinel  -Wno-array-bounds -w  -fPIC -DVCL_HAS_LFS      -fPIE -pie CMakeFiles/cmTC_2e3ea.dir/vxl_platform_tests.cxx.o  -o cmTC_2e3ea 
make[1]: Leaving directory '/public/liqingxing/PET/ITK/build/CMakeFiles/CMakeTmp'

Performing Test VXL_HAS_DBGHELP_H failed with the following output:
Change Dir: /public/liqingxing/PET/ITK/build/CMakeFiles/CMakeTmp

Run Build Command(s):/usr/bin/make cmTC_3a688/fast 
/usr/bin/make -f CMakeFiles/cmTC_3a688.dir/build.make CMakeFiles/cmTC_3a688.dir/build
make[1]: Entering directory '/public/liqingxing/PET/ITK/build/CMakeFiles/CMakeTmp'
Building CXX object CMakeFiles/cmTC_3a688.dir/vxl_platform_tests.cxx.o
/usr/bin/c++  -DVXL_HAS_DBGHELP_H  -mtune=native -march=corei7 -Wall -Wcast-align -Wdisabled-optimization -Wextra -Wformat=2 -Winvalid-pch -Wno-format-nonliteral -Wpointer-arith -Wshadow -Wunused -Wwrite-strings -funit-at-a-time -Wno-strict-overflow -Wno-deprecated -Wno-invalid-offsetof -Woverloaded-virtual -Wstrict-null-sentinel  -Wno-array-bounds -w  -fPIC  -fPIE   -std=c++11 -o CMakeFiles/cmTC_3a688.dir/vxl_platform_tests.cxx.o -c /public/liqingxing/PET/ITK/InsightToolkit-5.0.1/Modules/ThirdParty/VNL/src/vxl/config/cmake/config/vxl_platform_tests.cxx
/public/liqingxing/PET/ITK/InsightToolkit-5.0.1/Modules/ThirdParty/VNL/src/vxl/config/cmake/config/vxl_platform_tests.cxx:87:21: fatal error: Windows.h: No such file or directory
 #include <Windows.h>
                     ^
compilation terminated.
CMakeFiles/cmTC_3a688.dir/build.make:65: recipe for target 'CMakeFiles/cmTC_3a688.dir/vxl_platform_tests.cxx.o' failed
make[1]: *** [CMakeFiles/cmTC_3a688.dir/vxl_platform_tests.cxx.o] Error 1
make[1]: Leaving directory '/public/liqingxing/PET/ITK/build/CMakeFiles/CMakeTmp'
Makefile:121: recipe for target 'cmTC_3a688/fast' failed
make: *** [cmTC_3a688/fast] Error 2

Performing Test VXL_HAS_SSE2_HARDWARE_SUPPORT succeeded with the following output:
Change Dir: /public/liqingxing/PET/ITK/build/CMakeFiles/CMakeTmp

Run Build Command(s):/usr/bin/make cmTC_e4b4d/fast 
/usr/bin/make -f CMakeFiles/cmTC_e4b4d.dir/build.make CMakeFiles/cmTC_e4b4d.dir/build
make[1]: Entering directory '/public/liqingxing/PET/ITK/build/CMakeFiles/CMakeTmp'
Building CXX object CMakeFiles/cmTC_e4b4d.dir/vxl_platform_tests.cxx.o
/usr/bin/c++    -mtune=native -march=corei7 -Wall -Wcast-align -Wdisabled-optimization -Wextra -Wformat=2 -Winvalid-pch -Wno-format-nonliteral -Wpointer-arith -Wshadow -Wunused -Wwrite-strings -funit-at-a-time -Wno-strict-overflow -Wno-deprecated -Wno-invalid-offsetof -Woverloaded-virtual -Wstrict-null-sentinel  -Wno-array-bounds -w  -fPIC -DVXL_HAS_SSE2_HARDWARE_SUPPORT -fPIE   -std=c++11 -o CMakeFiles/cmTC_e4b4d.dir/vxl_platform_tests.cxx.o -c /public/liqingxing/PET/ITK/InsightToolkit-5.0.1/Modules/ThirdParty/VNL/src/vxl/config/cmake/config/vxl_platform_tests.cxx
Linking CXX executable cmTC_e4b4d
/opt/cmake-3.14.5/bin/cmake -E cmake_link_script CMakeFiles/cmTC_e4b4d.dir/link.txt --verbose=1
/usr/bin/c++   -mtune=native -march=corei7 -Wall -Wcast-align -Wdisabled-optimization -Wextra -Wformat=2 -Winvalid-pch -Wno-format-nonliteral -Wpointer-arith -Wshadow -Wunused -Wwrite-strings -funit-at-a-time -Wno-strict-overflow -Wno-deprecated -Wno-invalid-offsetof -Woverloaded-virtual -Wstrict-null-sentinel  -Wno-array-bounds -w  -fPIC -DVXL_HAS_SSE2_HARDWARE_SUPPORT      -fPIE -pie CMakeFiles/cmTC_e4b4d.dir/vxl_platform_tests.cxx.o  -o cmTC_e4b4d 
make[1]: Leaving directory '/public/liqingxing/PET/ITK/build/CMakeFiles/CMakeTmp'

Performing Test VXL_HAS_ALIGNED_MALLOC failed with the following output:
Change Dir: /public/liqingxing/PET/ITK/build/CMakeFiles/CMakeTmp

Run Build Command(s):/usr/bin/make cmTC_8f93e/fast 
/usr/bin/make -f CMakeFiles/cmTC_8f93e.dir/build.make CMakeFiles/cmTC_8f93e.dir/build
make[1]: Entering directory '/public/liqingxing/PET/ITK/build/CMakeFiles/CMakeTmp'
Building CXX object CMakeFiles/cmTC_8f93e.dir/vxl_platform_tests.cxx.o
/usr/bin/c++  -DVXL_HAS_ALIGNED_MALLOC  -mtune=native -march=corei7 -Wall -Wcast-align -Wdisabled-optimization -Wextra -Wformat=2 -Winvalid-pch -Wno-format-nonliteral -Wpointer-arith -Wshadow -Wunused -Wwrite-strings -funit-at-a-time -Wno-strict-overflow -Wno-deprecated -Wno-invalid-offsetof -Woverloaded-virtual -Wstrict-null-sentinel  -Wno-array-bounds -w  -fPIC  -fPIE   -std=c++11 -o CMakeFiles/cmTC_8f93e.dir/vxl_platform_tests.cxx.o -c /public/liqingxing/PET/ITK/InsightToolkit-5.0.1/Modules/ThirdParty/VNL/src/vxl/config/cmake/config/vxl_platform_tests.cxx
/public/liqingxing/PET/ITK/InsightToolkit-5.0.1/Modules/ThirdParty/VNL/src/vxl/config/cmake/config/vxl_platform_tests.cxx: In function ‘int main()’:
/public/liqingxing/PET/ITK/InsightToolkit-5.0.1/Modules/ThirdParty/VNL/src/vxl/config/cmake/config/vxl_platform_tests.cxx:131:47: error: ‘_aligned_malloc’ was not declared in this scope
   void* x = _aligned_malloc(4*sizeof(float),16);
                                               ^
/public/liqingxing/PET/ITK/InsightToolkit-5.0.1/Modules/ThirdParty/VNL/src/vxl/config/cmake/config/vxl_platform_tests.cxx:132:18: error: ‘_aligned_free’ was not declared in this scope
   _aligned_free(x);
                  ^
CMakeFiles/cmTC_8f93e.dir/build.make:65: recipe for target 'CMakeFiles/cmTC_8f93e.dir/vxl_platform_tests.cxx.o' failed
make[1]: *** [CMakeFiles/cmTC_8f93e.dir/vxl_platform_tests.cxx.o] Error 1
make[1]: Leaving directory '/public/liqingxing/PET/ITK/build/CMakeFiles/CMakeTmp'
Makefile:121: recipe for target 'cmTC_8f93e/fast' failed
make: *** [cmTC_8f93e/fast] Error 2

Performing Test VXL_HAS_MINGW_ALIGNED_MALLOC failed with the following output:
Change Dir: /public/liqingxing/PET/ITK/build/CMakeFiles/CMakeTmp

Run Build Command(s):/usr/bin/make cmTC_18dc0/fast 
/usr/bin/make -f CMakeFiles/cmTC_18dc0.dir/build.make CMakeFiles/cmTC_18dc0.dir/build
make[1]: Entering directory '/public/liqingxing/PET/ITK/build/CMakeFiles/CMakeTmp'
Building CXX object CMakeFiles/cmTC_18dc0.dir/vxl_platform_tests.cxx.o
/usr/bin/c++  -DVXL_HAS_MINGW_ALIGNED_MALLOC  -mtune=native -march=corei7 -Wall -Wcast-align -Wdisabled-optimization -Wextra -Wformat=2 -Winvalid-pch -Wno-format-nonliteral -Wpointer-arith -Wshadow -Wunused -Wwrite-strings -funit-at-a-time -Wno-strict-overflow -Wno-deprecated -Wno-invalid-offsetof -Woverloaded-virtual -Wstrict-null-sentinel  -Wno-array-bounds -w  -fPIC  -fPIE   -std=c++11 -o CMakeFiles/cmTC_18dc0.dir/vxl_platform_tests.cxx.o -c /public/liqingxing/PET/ITK/InsightToolkit-5.0.1/Modules/ThirdParty/VNL/src/vxl/config/cmake/config/vxl_platform_tests.cxx
/public/liqingxing/PET/ITK/InsightToolkit-5.0.1/Modules/ThirdParty/VNL/src/vxl/config/cmake/config/vxl_platform_tests.cxx: In function ‘int main()’:
/public/liqingxing/PET/ITK/InsightToolkit-5.0.1/Modules/ThirdParty/VNL/src/vxl/config/cmake/config/vxl_platform_tests.cxx:143:54: error: ‘__mingw_aligned_malloc’ was not declared in this scope
   void* x = __mingw_aligned_malloc(4*sizeof(float),16);
                                                      ^
/public/liqingxing/PET/ITK/InsightToolkit-5.0.1/Modules/ThirdParty/VNL/src/vxl/config/cmake/config/vxl_platform_tests.cxx:144:25: error: ‘__mingw_aligned_free’ was not declared in this scope
   __mingw_aligned_free(x);
                         ^
CMakeFiles/cmTC_18dc0.dir/build.make:65: recipe for target 'CMakeFiles/cmTC_18dc0.dir/vxl_platform_tests.cxx.o' failed
make[1]: *** [CMakeFiles/cmTC_18dc0.dir/vxl_platform_tests.cxx.o] Error 1
make[1]: Leaving directory '/public/liqingxing/PET/ITK/build/CMakeFiles/CMakeTmp'
Makefile:121: recipe for target 'cmTC_18dc0/fast' failed
make: *** [cmTC_18dc0/fast] Error 2

Performing Test VXL_HAS_POSIX_MEMALIGN failed with the following output:
Change Dir: /public/liqingxing/PET/ITK/build/CMakeFiles/CMakeTmp

Run Build Command(s):/usr/bin/make cmTC_ea78a/fast 
/usr/bin/make -f CMakeFiles/cmTC_ea78a.dir/build.make CMakeFiles/cmTC_ea78a.dir/build
make[1]: Entering directory '/public/liqingxing/PET/ITK/build/CMakeFiles/CMakeTmp'
Building CXX object CMakeFiles/cmTC_ea78a.dir/vxl_platform_tests.cxx.o
/usr/bin/c++  -DVXL_HAS_POSIX_MEMALIGN  -mtune=native -march=corei7 -Wall -Wcast-align -Wdisabled-optimization -Wextra -Wformat=2 -Winvalid-pch -Wno-format-nonliteral -Wpointer-arith -Wshadow -Wunused -Wwrite-strings -funit-at-a-time -Wno-strict-overflow -Wno-deprecated -Wno-invalid-offsetof -Woverloaded-virtual -Wstrict-null-sentinel  -Wno-array-bounds -w  -fPIC  -fPIE   -std=c++11 -o CMakeFiles/cmTC_ea78a.dir/vxl_platform_tests.cxx.o -c /public/liqingxing/PET/ITK/InsightToolkit-5.0.1/Modules/ThirdParty/VNL/src/vxl/config/cmake/config/vxl_platform_tests.cxx
/public/liqingxing/PET/ITK/InsightToolkit-5.0.1/Modules/ThirdParty/VNL/src/vxl/config/cmake/config/vxl_platform_tests.cxx: In function ‘int main()’:
/public/liqingxing/PET/ITK/InsightToolkit-5.0.1/Modules/ThirdParty/VNL/src/vxl/config/cmake/config/vxl_platform_tests.cxx:155:40: error: ‘memalign’ was not declared in this scope
   void* x = memalign(16,4*sizeof(float));
                                        ^
CMakeFiles/cmTC_ea78a.dir/build.make:65: recipe for target 'CMakeFiles/cmTC_ea78a.dir/vxl_platform_tests.cxx.o' failed
make[1]: *** [CMakeFiles/cmTC_ea78a.dir/vxl_platform_tests.cxx.o] Error 1
make[1]: Leaving directory '/public/liqingxing/PET/ITK/build/CMakeFiles/CMakeTmp'
Makefile:121: recipe for target 'cmTC_ea78a/fast' failed
make: *** [cmTC_ea78a/fast] Error 2

Looking for 8-bit int. Failed to compile with the following output:
(FLAGS=-DVXL_HAS_TYPE_OF_SIZE)
Change Dir: /public/liqingxing/PET/ITK/build/CMakeFiles/CMakeTmp

Run Build Command(s):/usr/bin/make cmTC_24d0b/fast 
/usr/bin/make -f CMakeFiles/cmTC_24d0b.dir/build.make CMakeFiles/cmTC_24d0b.dir/build
make[1]: Entering directory '/public/liqingxing/PET/ITK/build/CMakeFiles/CMakeTmp'
Building CXX object CMakeFiles/cmTC_24d0b.dir/vxl_platform_tests.cxx.o
/usr/bin/c++   -I/public/liqingxing/PET/ITK/build/CMakeTmp  -mtune=native -march=corei7 -Wall -Wcast-align -Wdisabled-optimization -Wextra -Wformat=2 -Winvalid-pch -Wno-format-nonliteral -Wpointer-arith -Wshadow -Wunused -Wwrite-strings -funit-at-a-time -Wno-strict-overflow -Wno-deprecated -Wno-invalid-offsetof -Woverloaded-virtual -Wstrict-null-sentinel  -Wno-array-bounds -w  -fPIC -DVXL_HAS_TYPE_OF_SIZE -fPIE   -std=c++11 -o CMakeFiles/cmTC_24d0b.dir/vxl_platform_tests.cxx.o -c /public/liqingxing/PET/ITK/InsightToolkit-5.0.1/Modules/ThirdParty/VNL/src/vxl/config/cmake/config/vxl_platform_tests.cxx
/public/liqingxing/PET/ITK/InsightToolkit-5.0.1/Modules/ThirdParty/VNL/src/vxl/config/cmake/config/vxl_platform_tests.cxx:53:35: error: conflicting declaration ‘int (* verify_size)[8]’
 extern int (*verify_size)[THE_SIZE];
                                   ^
/public/liqingxing/PET/ITK/InsightToolkit-5.0.1/Modules/ThirdParty/VNL/src/vxl/config/cmake/config/vxl_platform_tests.cxx:52:14: error: ‘verify_size’ has a previous declaration as ‘int (* verify_size)[16]’
 extern int (*verify_size)[sizeof(THE_TYPE) * CHAR_BIT];
              ^
CMakeFiles/cmTC_24d0b.dir/build.make:65: recipe for target 'CMakeFiles/cmTC_24d0b.dir/vxl_platform_tests.cxx.o' failed
make[1]: *** [CMakeFiles/cmTC_24d0b.dir/vxl_platform_tests.cxx.o] Error 1
make[1]: Leaving directory '/public/liqingxing/PET/ITK/build/CMakeFiles/CMakeTmp'
Makefile:121: recipe for target 'cmTC_24d0b/fast' failed
make: *** [cmTC_24d0b/fast] Error 2

Looking for 16-bit int. Failed to compile with the following output:
(FLAGS=-DVXL_HAS_TYPE_OF_SIZE)
Change Dir: /public/liqingxing/PET/ITK/build/CMakeFiles/CMakeTmp

Run Build Command(s):/usr/bin/make cmTC_7fd49/fast 
/usr/bin/make -f CMakeFiles/cmTC_7fd49.dir/build.make CMakeFiles/cmTC_7fd49.dir/build
make[1]: Entering directory '/public/liqingxing/PET/ITK/build/CMakeFiles/CMakeTmp'
Building CXX object CMakeFiles/cmTC_7fd49.dir/vxl_platform_tests.cxx.o
/usr/bin/c++   -I/public/liqingxing/PET/ITK/build/CMakeTmp  -mtune=native -march=corei7 -Wall -Wcast-align -Wdisabled-optimization -Wextra -Wformat=2 -Winvalid-pch -Wno-format-nonliteral -Wpointer-arith -Wshadow -Wunused -Wwrite-strings -funit-at-a-time -Wno-strict-overflow -Wno-deprecated -Wno-invalid-offsetof -Woverloaded-virtual -Wstrict-null-sentinel  -Wno-array-bounds -w  -fPIC -DVXL_HAS_TYPE_OF_SIZE -fPIE   -std=c++11 -o CMakeFiles/cmTC_7fd49.dir/vxl_platform_tests.cxx.o -c /public/liqingxing/PET/ITK/InsightToolkit-5.0.1/Modules/ThirdParty/VNL/src/vxl/config/cmake/config/vxl_platform_tests.cxx
/public/liqingxing/PET/ITK/InsightToolkit-5.0.1/Modules/ThirdParty/VNL/src/vxl/config/cmake/config/vxl_platform_tests.cxx:53:35: error: conflicting declaration ‘int (* verify_size)[16]’
 extern int (*verify_size)[THE_SIZE];
                                   ^
/public/liqingxing/PET/ITK/InsightToolkit-5.0.1/Modules/ThirdParty/VNL/src/vxl/config/cmake/config/vxl_platform_tests.cxx:52:14: error: ‘verify_size’ has a previous declaration as ‘int (* verify_size)[8]’
 extern int (*verify_size)[sizeof(THE_TYPE) * CHAR_BIT];
              ^
CMakeFiles/cmTC_7fd49.dir/build.make:65: recipe for target 'CMakeFiles/cmTC_7fd49.dir/vxl_platform_tests.cxx.o' failed
make[1]: *** [CMakeFiles/cmTC_7fd49.dir/vxl_platform_tests.cxx.o] Error 1
make[1]: Leaving directory '/public/liqingxing/PET/ITK/build/CMakeFiles/CMakeTmp'
Makefile:121: recipe for target 'cmTC_7fd49/fast' failed
make: *** [cmTC_7fd49/fast] Error 2

Looking for 16-bit int. Failed to compile with the following output:
(FLAGS=-DVXL_HAS_TYPE_OF_SIZE)
Change Dir: /public/liqingxing/PET/ITK/build/CMakeFiles/CMakeTmp

Run Build Command(s):/usr/bin/make cmTC_79c8a/fast 
/usr/bin/make -f CMakeFiles/cmTC_79c8a.dir/build.make CMakeFiles/cmTC_79c8a.dir/build
make[1]: Entering directory '/public/liqingxing/PET/ITK/build/CMakeFiles/CMakeTmp'
Building CXX object CMakeFiles/cmTC_79c8a.dir/vxl_platform_tests.cxx.o
/usr/bin/c++   -I/public/liqingxing/PET/ITK/build/CMakeTmp  -mtune=native -march=corei7 -Wall -Wcast-align -Wdisabled-optimization -Wextra -Wformat=2 -Winvalid-pch -Wno-format-nonliteral -Wpointer-arith -Wshadow -Wunused -Wwrite-strings -funit-at-a-time -Wno-strict-overflow -Wno-deprecated -Wno-invalid-offsetof -Woverloaded-virtual -Wstrict-null-sentinel  -Wno-array-bounds -w  -fPIC -DVXL_HAS_TYPE_OF_SIZE -fPIE   -std=c++11 -o CMakeFiles/cmTC_79c8a.dir/vxl_platform_tests.cxx.o -c /public/liqingxing/PET/ITK/InsightToolkit-5.0.1/Modules/ThirdParty/VNL/src/vxl/config/cmake/config/vxl_platform_tests.cxx
/public/liqingxing/PET/ITK/InsightToolkit-5.0.1/Modules/ThirdParty/VNL/src/vxl/config/cmake/config/vxl_platform_tests.cxx:53:35: error: conflicting declaration ‘int (* verify_size)[16]’
 extern int (*verify_size)[THE_SIZE];
                                   ^
/public/liqingxing/PET/ITK/InsightToolkit-5.0.1/Modules/ThirdParty/VNL/src/vxl/config/cmake/config/vxl_platform_tests.cxx:52:14: error: ‘verify_size’ has a previous declaration as ‘int (* verify_size)[32]’
 extern int (*verify_size)[sizeof(THE_TYPE) * CHAR_BIT];
              ^
CMakeFiles/cmTC_79c8a.dir/build.make:65: recipe for target 'CMakeFiles/cmTC_79c8a.dir/vxl_platform_tests.cxx.o' failed
make[1]: *** [CMakeFiles/cmTC_79c8a.dir/vxl_platform_tests.cxx.o] Error 1
make[1]: Leaving directory '/public/liqingxing/PET/ITK/build/CMakeFiles/CMakeTmp'
Makefile:121: recipe for target 'cmTC_79c8a/fast' failed
make: *** [cmTC_79c8a/fast] Error 2

Looking for 32-bit int. Failed to compile with the following output:
(FLAGS=-DVXL_HAS_TYPE_OF_SIZE)
Change Dir: /public/liqingxing/PET/ITK/build/CMakeFiles/CMakeTmp

Run Build Command(s):/usr/bin/make cmTC_f92df/fast 
/usr/bin/make -f CMakeFiles/cmTC_f92df.dir/build.make CMakeFiles/cmTC_f92df.dir/build
make[1]: Entering directory '/public/liqingxing/PET/ITK/build/CMakeFiles/CMakeTmp'
Building CXX object CMakeFiles/cmTC_f92df.dir/vxl_platform_tests.cxx.o
/usr/bin/c++   -I/public/liqingxing/PET/ITK/build/CMakeTmp  -mtune=native -march=corei7 -Wall -Wcast-align -Wdisabled-optimization -Wextra -Wformat=2 -Winvalid-pch -Wno-format-nonliteral -Wpointer-arith -Wshadow -Wunused -Wwrite-strings -funit-at-a-time -Wno-strict-overflow -Wno-deprecated -Wno-invalid-offsetof -Woverloaded-virtual -Wstrict-null-sentinel  -Wno-array-bounds -w  -fPIC -DVXL_HAS_TYPE_OF_SIZE -fPIE   -std=c++11 -o CMakeFiles/cmTC_f92df.dir/vxl_platform_tests.cxx.o -c /public/liqingxing/PET/ITK/InsightToolkit-5.0.1/Modules/ThirdParty/VNL/src/vxl/config/cmake/config/vxl_platform_tests.cxx
/public/liqingxing/PET/ITK/InsightToolkit-5.0.1/Modules/ThirdParty/VNL/src/vxl/config/cmake/config/vxl_platform_tests.cxx:53:35: error: conflicting declaration ‘int (* verify_size)[32]’
 extern int (*verify_size)[THE_SIZE];
                                   ^
/public/liqingxing/PET/ITK/InsightToolkit-5.0.1/Modules/ThirdParty/VNL/src/vxl/config/cmake/config/vxl_platform_tests.cxx:52:14: error: ‘verify_size’ has a previous declaration as ‘int (* verify_size)[16]’
 extern int (*verify_size)[sizeof(THE_TYPE) * CHAR_BIT];
              ^
CMakeFiles/cmTC_f92df.dir/build.make:65: recipe for target 'CMakeFiles/cmTC_f92df.dir/vxl_platform_tests.cxx.o' failed
make[1]: *** [CMakeFiles/cmTC_f92df.dir/vxl_platform_tests.cxx.o] Error 1
make[1]: Leaving directory '/public/liqingxing/PET/ITK/build/CMakeFiles/CMakeTmp'
Makefile:121: recipe for target 'cmTC_f92df/fast' failed
make: *** [cmTC_f92df/fast] Error 2

Looking for 32-bit int. Failed to compile with the following output:
(FLAGS=-DVXL_HAS_TYPE_OF_SIZE)
Change Dir: /public/liqingxing/PET/ITK/build/CMakeFiles/CMakeTmp

Run Build Command(s):/usr/bin/make cmTC_5def9/fast 
/usr/bin/make -f CMakeFiles/cmTC_5def9.dir/build.make CMakeFiles/cmTC_5def9.dir/build
make[1]: Entering directory '/public/liqingxing/PET/ITK/build/CMakeFiles/CMakeTmp'
Building CXX object CMakeFiles/cmTC_5def9.dir/vxl_platform_tests.cxx.o
/usr/bin/c++   -I/public/liqingxing/PET/ITK/build/CMakeTmp  -mtune=native -march=corei7 -Wall -Wcast-align -Wdisabled-optimization -Wextra -Wformat=2 -Winvalid-pch -Wno-format-nonliteral -Wpointer-arith -Wshadow -Wunused -Wwrite-strings -funit-at-a-time -Wno-strict-overflow -Wno-deprecated -Wno-invalid-offsetof -Woverloaded-virtual -Wstrict-null-sentinel  -Wno-array-bounds -w  -fPIC -DVXL_HAS_TYPE_OF_SIZE -fPIE   -std=c++11 -o CMakeFiles/cmTC_5def9.dir/vxl_platform_tests.cxx.o -c /public/liqingxing/PET/ITK/InsightToolkit-5.0.1/Modules/ThirdParty/VNL/src/vxl/config/cmake/config/vxl_platform_tests.cxx
/public/liqingxing/PET/ITK/InsightToolkit-5.0.1/Modules/ThirdParty/VNL/src/vxl/config/cmake/config/vxl_platform_tests.cxx:53:35: error: conflicting declaration ‘int (* verify_size)[32]’
 extern int (*verify_size)[THE_SIZE];
                                   ^
/public/liqingxing/PET/ITK/InsightToolkit-5.0.1/Modules/ThirdParty/VNL/src/vxl/config/cmake/config/vxl_platform_tests.cxx:52:14: error: ‘verify_size’ has a previous declaration as ‘int (* verify_size)[64]’
 extern int (*verify_size)[sizeof(THE_TYPE) * CHAR_BIT];
              ^
CMakeFiles/cmTC_5def9.dir/build.make:65: recipe for target 'CMakeFiles/cmTC_5def9.dir/vxl_platform_tests.cxx.o' failed
make[1]: *** [CMakeFiles/cmTC_5def9.dir/vxl_platform_tests.cxx.o] Error 1
make[1]: Leaving directory '/public/liqingxing/PET/ITK/build/CMakeFiles/CMakeTmp'
Makefile:121: recipe for target 'cmTC_5def9/fast' failed
make: *** [cmTC_5def9/fast] Error 2

Looking for 64-bit int. Failed to compile with the following output:
(FLAGS=-DVXL_HAS_TYPE_OF_SIZE)
Change Dir: /public/liqingxing/PET/ITK/build/CMakeFiles/CMakeTmp

Run Build Command(s):/usr/bin/make cmTC_b9290/fast 
/usr/bin/make -f CMakeFiles/cmTC_b9290.dir/build.make CMakeFiles/cmTC_b9290.dir/build
make[1]: Entering directory '/public/liqingxing/PET/ITK/build/CMakeFiles/CMakeTmp'
Building CXX object CMakeFiles/cmTC_b9290.dir/vxl_platform_tests.cxx.o
/usr/bin/c++   -I/public/liqingxing/PET/ITK/build/CMakeTmp  -mtune=native -march=corei7 -Wall -Wcast-align -Wdisabled-optimization -Wextra -Wformat=2 -Winvalid-pch -Wno-format-nonliteral -Wpointer-arith -Wshadow -Wunused -Wwrite-strings -funit-at-a-time -Wno-strict-overflow -Wno-deprecated -Wno-invalid-offsetof -Woverloaded-virtual -Wstrict-null-sentinel  -Wno-array-bounds -w  -fPIC -DVXL_HAS_TYPE_OF_SIZE -fPIE   -std=c++11 -o CMakeFiles/cmTC_b9290.dir/vxl_platform_tests.cxx.o -c /public/liqingxing/PET/ITK/InsightToolkit-5.0.1/Modules/ThirdParty/VNL/src/vxl/config/cmake/config/vxl_platform_tests.cxx
In file included from /public/liqingxing/PET/ITK/InsightToolkit-5.0.1/Modules/ThirdParty/VNL/src/vxl/config/cmake/config/vxl_platform_tests.cxx:37:0:
/public/liqingxing/PET/ITK/build/CMakeTmp/config.h:1:18: error: ‘__int64’ was not declared in this scope
 #define THE_TYPE __int64
                  ^
/public/liqingxing/PET/ITK/InsightToolkit-5.0.1/Modules/ThirdParty/VNL/src/vxl/config/cmake/config/vxl_platform_tests.cxx:40:14: note: in expansion of macro ‘THE_TYPE’
 double cast( THE_TYPE a, unsigned THE_TYPE b, signed THE_TYPE c )
              ^
/public/liqingxing/PET/ITK/InsightToolkit-5.0.1/Modules/ThirdParty/VNL/src/vxl/config/cmake/config/vxl_platform_tests.cxx:40:26: error: expected primary-expression before ‘unsigned’
 double cast( THE_TYPE a, unsigned THE_TYPE b, signed THE_TYPE c )
                          ^
/public/liqingxing/PET/ITK/InsightToolkit-5.0.1/Modules/ThirdParty/VNL/src/vxl/config/cmake/config/vxl_platform_tests.cxx:40:47: error: expected primary-expression before ‘signed’
 double cast( THE_TYPE a, unsigned THE_TYPE b, signed THE_TYPE c )
                                               ^
/public/liqingxing/PET/ITK/InsightToolkit-5.0.1/Modules/ThirdParty/VNL/src/vxl/config/cmake/config/vxl_platform_tests.cxx:40:65: error: expression list treated as compound expression in initializer [-fpermissive]
 double cast( THE_TYPE a, unsigned THE_TYPE b, signed THE_TYPE c )
                                                                 ^
/public/liqingxing/PET/ITK/InsightToolkit-5.0.1/Modules/ThirdParty/VNL/src/vxl/config/cmake/config/vxl_platform_tests.cxx:41:1: error: expected ‘,’ or ‘;’ before ‘{’ token
 {
 ^
In file included from /public/liqingxing/PET/ITK/InsightToolkit-5.0.1/Modules/ThirdParty/VNL/src/vxl/config/cmake/config/vxl_platform_tests.cxx:37:0:
/public/liqingxing/PET/ITK/build/CMakeTmp/config.h:1:18: error: ‘__int64’ was not declared in this scope
 #define THE_TYPE __int64
                  ^
/public/liqingxing/PET/ITK/InsightToolkit-5.0.1/Modules/ThirdParty/VNL/src/vxl/config/cmake/config/vxl_platform_tests.cxx:52:34: note: in expansion of macro ‘THE_TYPE’
 extern int (*verify_size)[sizeof(THE_TYPE) * CHAR_BIT];
                                  ^
CMakeFiles/cmTC_b9290.dir/build.make:65: recipe for target 'CMakeFiles/cmTC_b9290.dir/vxl_platform_tests.cxx.o' failed
make[1]: *** [CMakeFiles/cmTC_b9290.dir/vxl_platform_tests.cxx.o] Error 1
make[1]: Leaving directory '/public/liqingxing/PET/ITK/build/CMakeFiles/CMakeTmp'
Makefile:121: recipe for target 'cmTC_b9290/fast' failed
make: *** [cmTC_b9290/fast] Error 2

Looking for 32-bit float. Failed to compile with the following output:
(FLAGS=-DVXL_HAS_TYPE_OF_SIZE)
Change Dir: /public/liqingxing/PET/ITK/build/CMakeFiles/CMakeTmp

Run Build Command(s):/usr/bin/make cmTC_2270a/fast 
/usr/bin/make -f CMakeFiles/cmTC_2270a.dir/build.make CMakeFiles/cmTC_2270a.dir/build
make[1]: Entering directory '/public/liqingxing/PET/ITK/build/CMakeFiles/CMakeTmp'
Building CXX object CMakeFiles/cmTC_2270a.dir/vxl_platform_tests.cxx.o
/usr/bin/c++   -I/public/liqingxing/PET/ITK/build/CMakeTmp  -mtune=native -march=corei7 -Wall -Wcast-align -Wdisabled-optimization -Wextra -Wformat=2 -Winvalid-pch -Wno-format-nonliteral -Wpointer-arith -Wshadow -Wunused -Wwrite-strings -funit-at-a-time -Wno-strict-overflow -Wno-deprecated -Wno-invalid-offsetof -Woverloaded-virtual -Wstrict-null-sentinel  -Wno-array-bounds -w  -fPIC -DVXL_HAS_TYPE_OF_SIZE -fPIE   -std=c++11 -o CMakeFiles/cmTC_2270a.dir/vxl_platform_tests.cxx.o -c /public/liqingxing/PET/ITK/InsightToolkit-5.0.1/Modules/ThirdParty/VNL/src/vxl/config/cmake/config/vxl_platform_tests.cxx
/public/liqingxing/PET/ITK/InsightToolkit-5.0.1/Modules/ThirdParty/VNL/src/vxl/config/cmake/config/vxl_platform_tests.cxx:53:35: error: conflicting declaration ‘int (* verify_size)[32]’
 extern int (*verify_size)[THE_SIZE];
                                   ^
/public/liqingxing/PET/ITK/InsightToolkit-5.0.1/Modules/ThirdParty/VNL/src/vxl/config/cmake/config/vxl_platform_tests.cxx:52:14: error: ‘verify_size’ has a previous declaration as ‘int (* verify_size)[128]’
 extern int (*verify_size)[sizeof(THE_TYPE) * CHAR_BIT];
              ^
CMakeFiles/cmTC_2270a.dir/build.make:65: recipe for target 'CMakeFiles/cmTC_2270a.dir/vxl_platform_tests.cxx.o' failed
make[1]: *** [CMakeFiles/cmTC_2270a.dir/vxl_platform_tests.cxx.o] Error 1
make[1]: Leaving directory '/public/liqingxing/PET/ITK/build/CMakeFiles/CMakeTmp'
Makefile:121: recipe for target 'cmTC_2270a/fast' failed
make: *** [cmTC_2270a/fast] Error 2

Looking for 32-bit float. Failed to compile with the following output:
(FLAGS=-DVXL_HAS_TYPE_OF_SIZE)
Change Dir: /public/liqingxing/PET/ITK/build/CMakeFiles/CMakeTmp

Run Build Command(s):/usr/bin/make cmTC_8213e/fast 
/usr/bin/make -f CMakeFiles/cmTC_8213e.dir/build.make CMakeFiles/cmTC_8213e.dir/build
make[1]: Entering directory '/public/liqingxing/PET/ITK/build/CMakeFiles/CMakeTmp'
Building CXX object CMakeFiles/cmTC_8213e.dir/vxl_platform_tests.cxx.o
/usr/bin/c++   -I/public/liqingxing/PET/ITK/build/CMakeTmp  -mtune=native -march=corei7 -Wall -Wcast-align -Wdisabled-optimization -Wextra -Wformat=2 -Winvalid-pch -Wno-format-nonliteral -Wpointer-arith -Wshadow -Wunused -Wwrite-strings -funit-at-a-time -Wno-strict-overflow -Wno-deprecated -Wno-invalid-offsetof -Woverloaded-virtual -Wstrict-null-sentinel  -Wno-array-bounds -w  -fPIC -DVXL_HAS_TYPE_OF_SIZE -fPIE   -std=c++11 -o CMakeFiles/cmTC_8213e.dir/vxl_platform_tests.cxx.o -c /public/liqingxing/PET/ITK/InsightToolkit-5.0.1/Modules/ThirdParty/VNL/src/vxl/config/cmake/config/vxl_platform_tests.cxx
/public/liqingxing/PET/ITK/InsightToolkit-5.0.1/Modules/ThirdParty/VNL/src/vxl/config/cmake/config/vxl_platform_tests.cxx:53:35: error: conflicting declaration ‘int (* verify_size)[32]’
 extern int (*verify_size)[THE_SIZE];
                                   ^
/public/liqingxing/PET/ITK/InsightToolkit-5.0.1/Modules/ThirdParty/VNL/src/vxl/config/cmake/config/vxl_platform_tests.cxx:52:14: error: ‘verify_size’ has a previous declaration as ‘int (* verify_size)[64]’
 extern int (*verify_size)[sizeof(THE_TYPE) * CHAR_BIT];
              ^
CMakeFiles/cmTC_8213e.dir/build.make:65: recipe for target 'CMakeFiles/cmTC_8213e.dir/vxl_platform_tests.cxx.o' failed
make[1]: *** [CMakeFiles/cmTC_8213e.dir/vxl_platform_tests.cxx.o] Error 1
make[1]: Leaving directory '/public/liqingxing/PET/ITK/build/CMakeFiles/CMakeTmp'
Makefile:121: recipe for target 'cmTC_8213e/fast' failed
make: *** [cmTC_8213e/fast] Error 2

Looking for 64-bit float. Failed to compile with the following output:
(FLAGS=-DVXL_HAS_TYPE_OF_SIZE)
Change Dir: /public/liqingxing/PET/ITK/build/CMakeFiles/CMakeTmp

Run Build Command(s):/usr/bin/make cmTC_983fb/fast 
/usr/bin/make -f CMakeFiles/cmTC_983fb.dir/build.make CMakeFiles/cmTC_983fb.dir/build
make[1]: Entering directory '/public/liqingxing/PET/ITK/build/CMakeFiles/CMakeTmp'
Building CXX object CMakeFiles/cmTC_983fb.dir/vxl_platform_tests.cxx.o
/usr/bin/c++   -I/public/liqingxing/PET/ITK/build/CMakeTmp  -mtune=native -march=corei7 -Wall -Wcast-align -Wdisabled-optimization -Wextra -Wformat=2 -Winvalid-pch -Wno-format-nonliteral -Wpointer-arith -Wshadow -Wunused -Wwrite-strings -funit-at-a-time -Wno-strict-overflow -Wno-deprecated -Wno-invalid-offsetof -Woverloaded-virtual -Wstrict-null-sentinel  -Wno-array-bounds -w  -fPIC -DVXL_HAS_TYPE_OF_SIZE -fPIE   -std=c++11 -o CMakeFiles/cmTC_983fb.dir/vxl_platform_tests.cxx.o -c /public/liqingxing/PET/ITK/InsightToolkit-5.0.1/Modules/ThirdParty/VNL/src/vxl/config/cmake/config/vxl_platform_tests.cxx
/public/liqingxing/PET/ITK/InsightToolkit-5.0.1/Modules/ThirdParty/VNL/src/vxl/config/cmake/config/vxl_platform_tests.cxx:53:35: error: conflicting declaration ‘int (* verify_size)[64]’
 extern int (*verify_size)[THE_SIZE];
                                   ^
/public/liqingxing/PET/ITK/InsightToolkit-5.0.1/Modules/ThirdParty/VNL/src/vxl/config/cmake/config/vxl_platform_tests.cxx:52:14: error: ‘verify_size’ has a previous declaration as ‘int (* verify_size)[32]’
 extern int (*verify_size)[sizeof(THE_TYPE) * CHAR_BIT];
              ^
CMakeFiles/cmTC_983fb.dir/build.make:65: recipe for target 'CMakeFiles/cmTC_983fb.dir/vxl_platform_tests.cxx.o' failed
make[1]: *** [CMakeFiles/cmTC_983fb.dir/vxl_platform_tests.cxx.o] Error 1
make[1]: Leaving directory '/public/liqingxing/PET/ITK/build/CMakeFiles/CMakeTmp'
Makefile:121: recipe for target 'cmTC_983fb/fast' failed
make: *** [cmTC_983fb/fast] Error 2

Looking for 64-bit float. Failed to compile with the following output:
(FLAGS=-DVXL_HAS_TYPE_OF_SIZE)
Change Dir: /public/liqingxing/PET/ITK/build/CMakeFiles/CMakeTmp

Run Build Command(s):/usr/bin/make cmTC_692c6/fast 
/usr/bin/make -f CMakeFiles/cmTC_692c6.dir/build.make CMakeFiles/cmTC_692c6.dir/build
make[1]: Entering directory '/public/liqingxing/PET/ITK/build/CMakeFiles/CMakeTmp'
Building CXX object CMakeFiles/cmTC_692c6.dir/vxl_platform_tests.cxx.o
/usr/bin/c++   -I/public/liqingxing/PET/ITK/build/CMakeTmp  -mtune=native -march=corei7 -Wall -Wcast-align -Wdisabled-optimization -Wextra -Wformat=2 -Winvalid-pch -Wno-format-nonliteral -Wpointer-arith -Wshadow -Wunused -Wwrite-strings -funit-at-a-time -Wno-strict-overflow -Wno-deprecated -Wno-invalid-offsetof -Woverloaded-virtual -Wstrict-null-sentinel  -Wno-array-bounds -w  -fPIC -DVXL_HAS_TYPE_OF_SIZE -fPIE   -std=c++11 -o CMakeFiles/cmTC_692c6.dir/vxl_platform_tests.cxx.o -c /public/liqingxing/PET/ITK/InsightToolkit-5.0.1/Modules/ThirdParty/VNL/src/vxl/config/cmake/config/vxl_platform_tests.cxx
/public/liqingxing/PET/ITK/InsightToolkit-5.0.1/Modules/ThirdParty/VNL/src/vxl/config/cmake/config/vxl_platform_tests.cxx:53:35: error: conflicting declaration ‘int (* verify_size)[64]’
 extern int (*verify_size)[THE_SIZE];
                                   ^
/public/liqingxing/PET/ITK/InsightToolkit-5.0.1/Modules/ThirdParty/VNL/src/vxl/config/cmake/config/vxl_platform_tests.cxx:52:14: error: ‘verify_size’ has a previous declaration as ‘int (* verify_size)[128]’
 extern int (*verify_size)[sizeof(THE_TYPE) * CHAR_BIT];
              ^
CMakeFiles/cmTC_692c6.dir/build.make:65: recipe for target 'CMakeFiles/cmTC_692c6.dir/vxl_platform_tests.cxx.o' failed
make[1]: *** [CMakeFiles/cmTC_692c6.dir/vxl_platform_tests.cxx.o] Error 1
make[1]: Leaving directory '/public/liqingxing/PET/ITK/build/CMakeFiles/CMakeTmp'
Makefile:121: recipe for target 'cmTC_692c6/fast' failed
make: *** [cmTC_692c6/fast] Error 2

Looking for 96-bit float. Failed to compile with the following output:
(FLAGS=-DVXL_HAS_TYPE_OF_SIZE)
Change Dir: /public/liqingxing/PET/ITK/build/CMakeFiles/CMakeTmp

Run Build Command(s):/usr/bin/make cmTC_1c46f/fast 
/usr/bin/make -f CMakeFiles/cmTC_1c46f.dir/build.make CMakeFiles/cmTC_1c46f.dir/build
make[1]: Entering directory '/public/liqingxing/PET/ITK/build/CMakeFiles/CMakeTmp'
Building CXX object CMakeFiles/cmTC_1c46f.dir/vxl_platform_tests.cxx.o
/usr/bin/c++   -I/public/liqingxing/PET/ITK/build/CMakeTmp  -mtune=native -march=corei7 -Wall -Wcast-align -Wdisabled-optimization -Wextra -Wformat=2 -Winvalid-pch -Wno-format-nonliteral -Wpointer-arith -Wshadow -Wunused -Wwrite-strings -funit-at-a-time -Wno-strict-overflow -Wno-deprecated -Wno-invalid-offsetof -Woverloaded-virtual -Wstrict-null-sentinel  -Wno-array-bounds -w  -fPIC -DVXL_HAS_TYPE_OF_SIZE -fPIE   -std=c++11 -o CMakeFiles/cmTC_1c46f.dir/vxl_platform_tests.cxx.o -c /public/liqingxing/PET/ITK/InsightToolkit-5.0.1/Modules/ThirdParty/VNL/src/vxl/config/cmake/config/vxl_platform_tests.cxx
/public/liqingxing/PET/ITK/InsightToolkit-5.0.1/Modules/ThirdParty/VNL/src/vxl/config/cmake/config/vxl_platform_tests.cxx:53:35: error: conflicting declaration ‘int (* verify_size)[96]’
 extern int (*verify_size)[THE_SIZE];
                                   ^
/public/liqingxing/PET/ITK/InsightToolkit-5.0.1/Modules/ThirdParty/VNL/src/vxl/config/cmake/config/vxl_platform_tests.cxx:52:14: error: ‘verify_size’ has a previous declaration as ‘int (* verify_size)[32]’
 extern int (*verify_size)[sizeof(THE_TYPE) * CHAR_BIT];
              ^
CMakeFiles/cmTC_1c46f.dir/build.make:65: recipe for target 'CMakeFiles/cmTC_1c46f.dir/vxl_platform_tests.cxx.o' failed
make[1]: *** [CMakeFiles/cmTC_1c46f.dir/vxl_platform_tests.cxx.o] Error 1
make[1]: Leaving directory '/public/liqingxing/PET/ITK/build/CMakeFiles/CMakeTmp'
Makefile:121: recipe for target 'cmTC_1c46f/fast' failed
make: *** [cmTC_1c46f/fast] Error 2

Looking for 96-bit float. Failed to compile with the following output:
(FLAGS=-DVXL_HAS_TYPE_OF_SIZE)
Change Dir: /public/liqingxing/PET/ITK/build/CMakeFiles/CMakeTmp

Run Build Command(s):/usr/bin/make cmTC_81f24/fast 
/usr/bin/make -f CMakeFiles/cmTC_81f24.dir/build.make CMakeFiles/cmTC_81f24.dir/build
make[1]: Entering directory '/public/liqingxing/PET/ITK/build/CMakeFiles/CMakeTmp'
Building CXX object CMakeFiles/cmTC_81f24.dir/vxl_platform_tests.cxx.o
/usr/bin/c++   -I/public/liqingxing/PET/ITK/build/CMakeTmp  -mtune=native -march=corei7 -Wall -Wcast-align -Wdisabled-optimization -Wextra -Wformat=2 -Winvalid-pch -Wno-format-nonliteral -Wpointer-arith -Wshadow -Wunused -Wwrite-strings -funit-at-a-time -Wno-strict-overflow -Wno-deprecated -Wno-invalid-offsetof -Woverloaded-virtual -Wstrict-null-sentinel  -Wno-array-bounds -w  -fPIC -DVXL_HAS_TYPE_OF_SIZE -fPIE   -std=c++11 -o CMakeFiles/cmTC_81f24.dir/vxl_platform_tests.cxx.o -c /public/liqingxing/PET/ITK/InsightToolkit-5.0.1/Modules/ThirdParty/VNL/src/vxl/config/cmake/config/vxl_platform_tests.cxx
/public/liqingxing/PET/ITK/InsightToolkit-5.0.1/Modules/ThirdParty/VNL/src/vxl/config/cmake/config/vxl_platform_tests.cxx:53:35: error: conflicting declaration ‘int (* verify_size)[96]’
 extern int (*verify_size)[THE_SIZE];
                                   ^
/public/liqingxing/PET/ITK/InsightToolkit-5.0.1/Modules/ThirdParty/VNL/src/vxl/config/cmake/config/vxl_platform_tests.cxx:52:14: error: ‘verify_size’ has a previous declaration as ‘int (* verify_size)[64]’
 extern int (*verify_size)[sizeof(THE_TYPE) * CHAR_BIT];
              ^
CMakeFiles/cmTC_81f24.dir/build.make:65: recipe for target 'CMakeFiles/cmTC_81f24.dir/vxl_platform_tests.cxx.o' failed
make[1]: *** [CMakeFiles/cmTC_81f24.dir/vxl_platform_tests.cxx.o] Error 1
make[1]: Leaving directory '/public/liqingxing/PET/ITK/build/CMakeFiles/CMakeTmp'
Makefile:121: recipe for target 'cmTC_81f24/fast' failed
make: *** [cmTC_81f24/fast] Error 2

Looking for 96-bit float. Failed to compile with the following output:
(FLAGS=-DVXL_HAS_TYPE_OF_SIZE)
Change Dir: /public/liqingxing/PET/ITK/build/CMakeFiles/CMakeTmp

Run Build Command(s):/usr/bin/make cmTC_b9fee/fast 
/usr/bin/make -f CMakeFiles/cmTC_b9fee.dir/build.make CMakeFiles/cmTC_b9fee.dir/build
make[1]: Entering directory '/public/liqingxing/PET/ITK/build/CMakeFiles/CMakeTmp'
Building CXX object CMakeFiles/cmTC_b9fee.dir/vxl_platform_tests.cxx.o
/usr/bin/c++   -I/public/liqingxing/PET/ITK/build/CMakeTmp  -mtune=native -march=corei7 -Wall -Wcast-align -Wdisabled-optimization -Wextra -Wformat=2 -Winvalid-pch -Wno-format-nonliteral -Wpointer-arith -Wshadow -Wunused -Wwrite-strings -funit-at-a-time -Wno-strict-overflow -Wno-deprecated -Wno-invalid-offsetof -Woverloaded-virtual -Wstrict-null-sentinel  -Wno-array-bounds -w  -fPIC -DVXL_HAS_TYPE_OF_SIZE -fPIE   -std=c++11 -o CMakeFiles/cmTC_b9fee.dir/vxl_platform_tests.cxx.o -c /public/liqingxing/PET/ITK/InsightToolkit-5.0.1/Modules/ThirdParty/VNL/src/vxl/config/cmake/config/vxl_platform_tests.cxx
/public/liqingxing/PET/ITK/InsightToolkit-5.0.1/Modules/ThirdParty/VNL/src/vxl/config/cmake/config/vxl_platform_tests.cxx:53:35: error: conflicting declaration ‘int (* verify_size)[96]’
 extern int (*verify_size)[THE_SIZE];
                                   ^
/public/liqingxing/PET/ITK/InsightToolkit-5.0.1/Modules/ThirdParty/VNL/src/vxl/config/cmake/config/vxl_platform_tests.cxx:52:14: error: ‘verify_size’ has a previous declaration as ‘int (* verify_size)[128]’
 extern int (*verify_size)[sizeof(THE_TYPE) * CHAR_BIT];
              ^
CMakeFiles/cmTC_b9fee.dir/build.make:65: recipe for target 'CMakeFiles/cmTC_b9fee.dir/vxl_platform_tests.cxx.o' failed
make[1]: *** [CMakeFiles/cmTC_b9fee.dir/vxl_platform_tests.cxx.o] Error 1
make[1]: Leaving directory '/public/liqingxing/PET/ITK/build/CMakeFiles/CMakeTmp'
Makefile:121: recipe for target 'cmTC_b9fee/fast' failed
make: *** [cmTC_b9fee/fast] Error 2

Looking for 128-bit float. Failed to compile with the following output:
(FLAGS=-DVXL_HAS_TYPE_OF_SIZE)
Change Dir: /public/liqingxing/PET/ITK/build/CMakeFiles/CMakeTmp

Run Build Command(s):/usr/bin/make cmTC_cf29e/fast 
/usr/bin/make -f CMakeFiles/cmTC_cf29e.dir/build.make CMakeFiles/cmTC_cf29e.dir/build
make[1]: Entering directory '/public/liqingxing/PET/ITK/build/CMakeFiles/CMakeTmp'
Building CXX object CMakeFiles/cmTC_cf29e.dir/vxl_platform_tests.cxx.o
/usr/bin/c++   -I/public/liqingxing/PET/ITK/build/CMakeTmp  -mtune=native -march=corei7 -Wall -Wcast-align -Wdisabled-optimization -Wextra -Wformat=2 -Winvalid-pch -Wno-format-nonliteral -Wpointer-arith -Wshadow -Wunused -Wwrite-strings -funit-at-a-time -Wno-strict-overflow -Wno-deprecated -Wno-invalid-offsetof -Woverloaded-virtual -Wstrict-null-sentinel  -Wno-array-bounds -w  -fPIC -DVXL_HAS_TYPE_OF_SIZE -fPIE   -std=c++11 -o CMakeFiles/cmTC_cf29e.dir/vxl_platform_tests.cxx.o -c /public/liqingxing/PET/ITK/InsightToolkit-5.0.1/Modules/ThirdParty/VNL/src/vxl/config/cmake/config/vxl_platform_tests.cxx
/public/liqingxing/PET/ITK/InsightToolkit-5.0.1/Modules/ThirdParty/VNL/src/vxl/config/cmake/config/vxl_platform_tests.cxx:53:35: error: conflicting declaration ‘int (* verify_size)[128]’
 extern int (*verify_size)[THE_SIZE];
                                   ^
/public/liqingxing/PET/ITK/InsightToolkit-5.0.1/Modules/ThirdParty/VNL/src/vxl/config/cmake/config/vxl_platform_tests.cxx:52:14: error: ‘verify_size’ has a previous declaration as ‘int (* verify_size)[32]’
 extern int (*verify_size)[sizeof(THE_TYPE) * CHAR_BIT];
              ^
CMakeFiles/cmTC_cf29e.dir/build.make:65: recipe for target 'CMakeFiles/cmTC_cf29e.dir/vxl_platform_tests.cxx.o' failed
make[1]: *** [CMakeFiles/cmTC_cf29e.dir/vxl_platform_tests.cxx.o] Error 1
make[1]: Leaving directory '/public/liqingxing/PET/ITK/build/CMakeFiles/CMakeTmp'
Makefile:121: recipe for target 'cmTC_cf29e/fast' failed
make: *** [cmTC_cf29e/fast] Error 2

Looking for 128-bit float. Failed to compile with the following output:
(FLAGS=-DVXL_HAS_TYPE_OF_SIZE)
Change Dir: /public/liqingxing/PET/ITK/build/CMakeFiles/CMakeTmp

Run Build Command(s):/usr/bin/make cmTC_fc155/fast 
/usr/bin/make -f CMakeFiles/cmTC_fc155.dir/build.make CMakeFiles/cmTC_fc155.dir/build
make[1]: Entering directory '/public/liqingxing/PET/ITK/build/CMakeFiles/CMakeTmp'
Building CXX object CMakeFiles/cmTC_fc155.dir/vxl_platform_tests.cxx.o
/usr/bin/c++   -I/public/liqingxing/PET/ITK/build/CMakeTmp  -mtune=native -march=corei7 -Wall -Wcast-align -Wdisabled-optimization -Wextra -Wformat=2 -Winvalid-pch -Wno-format-nonliteral -Wpointer-arith -Wshadow -Wunused -Wwrite-strings -funit-at-a-time -Wno-strict-overflow -Wno-deprecated -Wno-invalid-offsetof -Woverloaded-virtual -Wstrict-null-sentinel  -Wno-array-bounds -w  -fPIC -DVXL_HAS_TYPE_OF_SIZE -fPIE   -std=c++11 -o CMakeFiles/cmTC_fc155.dir/vxl_platform_tests.cxx.o -c /public/liqingxing/PET/ITK/InsightToolkit-5.0.1/Modules/ThirdParty/VNL/src/vxl/config/cmake/config/vxl_platform_tests.cxx
/public/liqingxing/PET/ITK/InsightToolkit-5.0.1/Modules/ThirdParty/VNL/src/vxl/config/cmake/config/vxl_platform_tests.cxx:53:35: error: conflicting declaration ‘int (* verify_size)[128]’
 extern int (*verify_size)[THE_SIZE];
                                   ^
/public/liqingxing/PET/ITK/InsightToolkit-5.0.1/Modules/ThirdParty/VNL/src/vxl/config/cmake/config/vxl_platform_tests.cxx:52:14: error: ‘verify_size’ has a previous declaration as ‘int (* verify_size)[64]’
 extern int (*verify_size)[sizeof(THE_TYPE) * CHAR_BIT];
              ^
CMakeFiles/cmTC_fc155.dir/build.make:65: recipe for target 'CMakeFiles/cmTC_fc155.dir/vxl_platform_tests.cxx.o' failed
make[1]: *** [CMakeFiles/cmTC_fc155.dir/vxl_platform_tests.cxx.o] Error 1
make[1]: Leaving directory '/public/liqingxing/PET/ITK/build/CMakeFiles/CMakeTmp'
Makefile:121: recipe for target 'cmTC_fc155/fast' failed
make: *** [cmTC_fc155/fast] Error 2

Determining if the function tell exists failed with the following output:
Change Dir: /public/liqingxing/PET/ITK/build/CMakeFiles/CMakeTmp

Run Build Command(s):/usr/bin/make cmTC_c0ac9/fast 
/usr/bin/make -f CMakeFiles/cmTC_c0ac9.dir/build.make CMakeFiles/cmTC_c0ac9.dir/build
make[1]: Entering directory '/public/liqingxing/PET/ITK/build/CMakeFiles/CMakeTmp'
Building C object CMakeFiles/cmTC_c0ac9.dir/CheckFunctionExists.c.o
/usr/bin/cc   -mtune=native -march=corei7 -Wno-uninitialized -Wno-unused-parameter -Wall -Wcast-align -Wdisabled-optimization -Wextra -Wformat=2 -Winvalid-pch -Wno-format-nonliteral -Wpointer-arith -Wshadow -Wunused -Wwrite-strings -funit-at-a-time -Wno-strict-overflow  -w  -fPIC -DCHECK_FUNCTION_EXISTS=tell -fPIE   -std=c11 -o CMakeFiles/cmTC_c0ac9.dir/CheckFunctionExists.c.o   -c /opt/cmake-3.14.5/share/cmake-3.14/Modules/CheckFunctionExists.c
Linking C executable cmTC_c0ac9
/opt/cmake-3.14.5/bin/cmake -E cmake_link_script CMakeFiles/cmTC_c0ac9.dir/link.txt --verbose=1
/usr/bin/cc  -mtune=native -march=corei7 -Wno-uninitialized -Wno-unused-parameter -Wall -Wcast-align -Wdisabled-optimization -Wextra -Wformat=2 -Winvalid-pch -Wno-format-nonliteral -Wpointer-arith -Wshadow -Wunused -Wwrite-strings -funit-at-a-time -Wno-strict-overflow  -w  -fPIC -DCHECK_FUNCTION_EXISTS=tell      -fPIE -pie CMakeFiles/cmTC_c0ac9.dir/CheckFunctionExists.c.o  -o cmTC_c0ac9 
CMakeFiles/cmTC_c0ac9.dir/CheckFunctionExists.c.o: In function `main':
CheckFunctionExists.c:(.text+0x10): undefined reference to `tell'
collect2: error: ld returned 1 exit status
CMakeFiles/cmTC_c0ac9.dir/build.make:86: recipe for target 'cmTC_c0ac9' failed
make[1]: *** [cmTC_c0ac9] Error 1
make[1]: Leaving directory '/public/liqingxing/PET/ITK/build/CMakeFiles/CMakeTmp'
Makefile:121: recipe for target 'cmTC_c0ac9/fast' failed
make: *** [cmTC_c0ac9/fast] Error 2


Determining if the pthread_create exist failed with the following output:
Change Dir: /public/liqingxing/PET/ITK/build/CMakeFiles/CMakeTmp

Run Build Command(s):/usr/bin/make cmTC_37004/fast 
/usr/bin/make -f CMakeFiles/cmTC_37004.dir/build.make CMakeFiles/cmTC_37004.dir/build
make[1]: Entering directory '/public/liqingxing/PET/ITK/build/CMakeFiles/CMakeTmp'
Building C object CMakeFiles/cmTC_37004.dir/CheckSymbolExists.c.o
/usr/bin/cc   -mtune=native -march=corei7 -Wno-uninitialized -Wno-unused-parameter -Wall -Wcast-align -Wdisabled-optimization -Wextra -Wformat=2 -Winvalid-pch -Wno-format-nonliteral -Wpointer-arith -Wshadow -Wunused -Wwrite-strings -funit-at-a-time -Wno-strict-overflow   -fPIE   -o CMakeFiles/cmTC_37004.dir/CheckSymbolExists.c.o   -c /public/liqingxing/PET/ITK/build/CMakeFiles/CMakeTmp/CheckSymbolExists.c
Linking C executable cmTC_37004
/opt/cmake-3.14.5/bin/cmake -E cmake_link_script CMakeFiles/cmTC_37004.dir/link.txt --verbose=1
/usr/bin/cc  -mtune=native -march=corei7 -Wno-uninitialized -Wno-unused-parameter -Wall -Wcast-align -Wdisabled-optimization -Wextra -Wformat=2 -Winvalid-pch -Wno-format-nonliteral -Wpointer-arith -Wshadow -Wunused -Wwrite-strings -funit-at-a-time -Wno-strict-overflow       -fPIE -pie CMakeFiles/cmTC_37004.dir/CheckSymbolExists.c.o  -o cmTC_37004 
CMakeFiles/cmTC_37004.dir/CheckSymbolExists.c.o: In function `main':
CheckSymbolExists.c:(.text+0x1b): undefined reference to `pthread_create'
collect2: error: ld returned 1 exit status
CMakeFiles/cmTC_37004.dir/build.make:86: recipe for target 'cmTC_37004' failed
make[1]: *** [cmTC_37004] Error 1
make[1]: Leaving directory '/public/liqingxing/PET/ITK/build/CMakeFiles/CMakeTmp'
Makefile:121: recipe for target 'cmTC_37004/fast' failed
make: *** [cmTC_37004/fast] Error 2

File /public/liqingxing/PET/ITK/build/CMakeFiles/CMakeTmp/CheckSymbolExists.c:
/* */
#include <pthread.h>

int main(int argc, char** argv)
{
  (void)argv;
#ifndef pthread_create
  return ((int*)(&pthread_create))[argc];
#else
  (void)argc;
  return 0;
#endif
}

Determining if the function pthread_create exists in the pthreads failed with the following output:
Change Dir: /public/liqingxing/PET/ITK/build/CMakeFiles/CMakeTmp

Run Build Command(s):/usr/bin/make cmTC_0cdcc/fast 
/usr/bin/make -f CMakeFiles/cmTC_0cdcc.dir/build.make CMakeFiles/cmTC_0cdcc.dir/build
make[1]: Entering directory '/public/liqingxing/PET/ITK/build/CMakeFiles/CMakeTmp'
Building C object CMakeFiles/cmTC_0cdcc.dir/CheckFunctionExists.c.o
/usr/bin/cc   -mtune=native -march=corei7 -Wno-uninitialized -Wno-unused-parameter -Wall -Wcast-align -Wdisabled-optimization -Wextra -Wformat=2 -Winvalid-pch -Wno-format-nonliteral -Wpointer-arith -Wshadow -Wunused -Wwrite-strings -funit-at-a-time -Wno-strict-overflow  -DCHECK_FUNCTION_EXISTS=pthread_create -fPIE   -o CMakeFiles/cmTC_0cdcc.dir/CheckFunctionExists.c.o   -c /opt/cmake-3.14.5/share/cmake-3.14/Modules/CheckFunctionExists.c
Linking C executable cmTC_0cdcc
/opt/cmake-3.14.5/bin/cmake -E cmake_link_script CMakeFiles/cmTC_0cdcc.dir/link.txt --verbose=1
/usr/bin/cc  -mtune=native -march=corei7 -Wno-uninitialized -Wno-unused-parameter -Wall -Wcast-align -Wdisabled-optimization -Wextra -Wformat=2 -Winvalid-pch -Wno-format-nonliteral -Wpointer-arith -Wshadow -Wunused -Wwrite-strings -funit-at-a-time -Wno-strict-overflow  -DCHECK_FUNCTION_EXISTS=pthread_create     -fPIE -pie CMakeFiles/cmTC_0cdcc.dir/CheckFunctionExists.c.o  -o cmTC_0cdcc -lpthreads 
/usr/bin/ld: cannot find -lpthreads
collect2: error: ld returned 1 exit status
CMakeFiles/cmTC_0cdcc.dir/build.make:86: recipe for target 'cmTC_0cdcc' failed
make[1]: *** [cmTC_0cdcc] Error 1
make[1]: Leaving directory '/public/liqingxing/PET/ITK/build/CMakeFiles/CMakeTmp'
Makefile:121: recipe for target 'cmTC_0cdcc/fast' failed
make: *** [cmTC_0cdcc/fast] Error 2


Determining if the _aligned_malloc exist failed with the following output:
Change Dir: /public/liqingxing/PET/ITK/build/CMakeFiles/CMakeTmp

Run Build Command(s):/usr/bin/make cmTC_68fa7/fast 
/usr/bin/make -f CMakeFiles/cmTC_68fa7.dir/build.make CMakeFiles/cmTC_68fa7.dir/build
make[1]: Entering directory '/public/liqingxing/PET/ITK/build/CMakeFiles/CMakeTmp'
Building C object CMakeFiles/cmTC_68fa7.dir/CheckSymbolExists.c.o
/usr/bin/cc   -mtune=native -march=corei7 -Wno-uninitialized -Wno-unused-parameter -Wall -Wcast-align -Wdisabled-optimization -Wextra -Wformat=2 -Winvalid-pch -Wno-format-nonliteral -Wpointer-arith -Wshadow -Wunused -Wwrite-strings -funit-at-a-time -Wno-strict-overflow  -w -fno-ipa-cp-clone  -fPIE   -o CMakeFiles/cmTC_68fa7.dir/CheckSymbolExists.c.o   -c /public/liqingxing/PET/ITK/build/CMakeFiles/CMakeTmp/CheckSymbolExists.c
/public/liqingxing/PET/ITK/build/CMakeFiles/CMakeTmp/CheckSymbolExists.c: In function ‘main’:
/public/liqingxing/PET/ITK/build/CMakeFiles/CMakeTmp/CheckSymbolExists.c:8:19: error: ‘_aligned_malloc’ undeclared (first use in this function)
   return ((int*)(&_aligned_malloc))[argc];
                   ^
/public/liqingxing/PET/ITK/build/CMakeFiles/CMakeTmp/CheckSymbolExists.c:8:19: note: each undeclared identifier is reported only once for each function it appears in
CMakeFiles/cmTC_68fa7.dir/build.make:65: recipe for target 'CMakeFiles/cmTC_68fa7.dir/CheckSymbolExists.c.o' failed
make[1]: *** [CMakeFiles/cmTC_68fa7.dir/CheckSymbolExists.c.o] Error 1
make[1]: Leaving directory '/public/liqingxing/PET/ITK/build/CMakeFiles/CMakeTmp'
Makefile:121: recipe for target 'cmTC_68fa7/fast' failed
make: *** [cmTC_68fa7/fast] Error 2

File /public/liqingxing/PET/ITK/build/CMakeFiles/CMakeTmp/CheckSymbolExists.c:
/* */
#include <malloc.h>

int main(int argc, char** argv)
{
  (void)argv;
#ifndef _aligned_malloc
  return ((int*)(&_aligned_malloc))[argc];
#else
  (void)argc;
  return 0;
#endif
}

Determining if files stdlib.h;unistd.h;inttypes.h;sys/ioctl.h;sys/time.h;sys/file.h;sys/socket.h;sys/sockio.h exist failed with the following output:
Change Dir: /public/liqingxing/PET/ITK/build/CMakeFiles/CMakeTmp

Run Build Command(s):/usr/bin/make cmTC_207fd/fast 
/usr/bin/make -f CMakeFiles/cmTC_207fd.dir/build.make CMakeFiles/cmTC_207fd.dir/build
make[1]: Entering directory '/public/liqingxing/PET/ITK/build/CMakeFiles/CMakeTmp'
Building C object CMakeFiles/cmTC_207fd.dir/HAVE_SYS_SOCKIO_H.c.o
/usr/bin/cc   -mtune=native -march=corei7 -Wno-uninitialized -Wno-unused-parameter -Wall -Wcast-align -Wdisabled-optimization -Wextra -Wformat=2 -Winvalid-pch -Wno-format-nonliteral -Wpointer-arith -Wshadow -Wunused -Wwrite-strings -funit-at-a-time -Wno-strict-overflow  -w -fno-ipa-cp-clone  -fPIE   -o CMakeFiles/cmTC_207fd.dir/HAVE_SYS_SOCKIO_H.c.o   -c /public/liqingxing/PET/ITK/build/CMakeFiles/CheckIncludeFiles/HAVE_SYS_SOCKIO_H.c
/public/liqingxing/PET/ITK/build/CMakeFiles/CheckIncludeFiles/HAVE_SYS_SOCKIO_H.c:9:24: fatal error: sys/sockio.h: No such file or directory
 #include <sys/sockio.h>
                        ^
compilation terminated.
CMakeFiles/cmTC_207fd.dir/build.make:65: recipe for target 'CMakeFiles/cmTC_207fd.dir/HAVE_SYS_SOCKIO_H.c.o' failed
make[1]: *** [CMakeFiles/cmTC_207fd.dir/HAVE_SYS_SOCKIO_H.c.o] Error 1
make[1]: Leaving directory '/public/liqingxing/PET/ITK/build/CMakeFiles/CMakeTmp'
Makefile:121: recipe for target 'cmTC_207fd/fast' failed
make: *** [cmTC_207fd/fast] Error 2

Source:
/* */
#include <stdlib.h>
#include <unistd.h>
#include <inttypes.h>
#include <sys/ioctl.h>
#include <sys/time.h>
#include <sys/file.h>
#include <sys/socket.h>
#include <sys/sockio.h>


int main(void){return 0;}

Determining if files stdlib.h;unistd.h;inttypes.h;sys/ioctl.h;sys/time.h;sys/file.h;sys/socket.h;net/if.h;netinet/in.h;net/if_dl.h exist failed with the following output:
Change Dir: /public/liqingxing/PET/ITK/build/CMakeFiles/CMakeTmp

Run Build Command(s):/usr/bin/make cmTC_5e37b/fast 
/usr/bin/make -f CMakeFiles/cmTC_5e37b.dir/build.make CMakeFiles/cmTC_5e37b.dir/build
make[1]: Entering directory '/public/liqingxing/PET/ITK/build/CMakeFiles/CMakeTmp'
Building C object CMakeFiles/cmTC_5e37b.dir/HAVE_NET_IF_DL_H.c.o
/usr/bin/cc   -mtune=native -march=corei7 -Wno-uninitialized -Wno-unused-parameter -Wall -Wcast-align -Wdisabled-optimization -Wextra -Wformat=2 -Winvalid-pch -Wno-format-nonliteral -Wpointer-arith -Wshadow -Wunused -Wwrite-strings -funit-at-a-time -Wno-strict-overflow  -w -fno-ipa-cp-clone  -fPIE   -o CMakeFiles/cmTC_5e37b.dir/HAVE_NET_IF_DL_H.c.o   -c /public/liqingxing/PET/ITK/build/CMakeFiles/CheckIncludeFiles/HAVE_NET_IF_DL_H.c
/public/liqingxing/PET/ITK/build/CMakeFiles/CheckIncludeFiles/HAVE_NET_IF_DL_H.c:11:23: fatal error: net/if_dl.h: No such file or directory
 #include <net/if_dl.h>
                       ^
compilation terminated.
CMakeFiles/cmTC_5e37b.dir/build.make:65: recipe for target 'CMakeFiles/cmTC_5e37b.dir/HAVE_NET_IF_DL_H.c.o' failed
make[1]: *** [CMakeFiles/cmTC_5e37b.dir/HAVE_NET_IF_DL_H.c.o] Error 1
make[1]: Leaving directory '/public/liqingxing/PET/ITK/build/CMakeFiles/CMakeTmp'
Makefile:121: recipe for target 'cmTC_5e37b/fast' failed
make: *** [cmTC_5e37b/fast] Error 2

Source:
/* */
#include <stdlib.h>
#include <unistd.h>
#include <inttypes.h>
#include <sys/ioctl.h>
#include <sys/time.h>
#include <sys/file.h>
#include <sys/socket.h>
#include <net/if.h>
#include <netinet/in.h>
#include <net/if_dl.h>


int main(void){return 0;}

Determining if files sys/time.h;winsock.h exist failed with the following output:
Change Dir: /public/liqingxing/PET/ITK/build/CMakeFiles/CMakeTmp

Run Build Command(s):/usr/bin/make cmTC_25231/fast 
/usr/bin/make -f CMakeFiles/cmTC_25231.dir/build.make CMakeFiles/cmTC_25231.dir/build
make[1]: Entering directory '/public/liqingxing/PET/ITK/build/CMakeFiles/CMakeTmp'
Building C object CMakeFiles/cmTC_25231.dir/GDCM_HAVE_WINSOCK_H.c.o
/usr/bin/cc   -mtune=native -march=corei7 -Wno-uninitialized -Wno-unused-parameter -Wall -Wcast-align -Wdisabled-optimization -Wextra -Wformat=2 -Winvalid-pch -Wno-format-nonliteral -Wpointer-arith -Wshadow -Wunused -Wwrite-strings -funit-at-a-time -Wno-strict-overflow  -w -fno-ipa-cp-clone  -fPIE   -o CMakeFiles/cmTC_25231.dir/GDCM_HAVE_WINSOCK_H.c.o   -c /public/liqingxing/PET/ITK/build/CMakeFiles/CheckIncludeFiles/GDCM_HAVE_WINSOCK_H.c
/public/liqingxing/PET/ITK/build/CMakeFiles/CheckIncludeFiles/GDCM_HAVE_WINSOCK_H.c:3:21: fatal error: winsock.h: No such file or directory
 #include <winsock.h>
                     ^
compilation terminated.
CMakeFiles/cmTC_25231.dir/build.make:65: recipe for target 'CMakeFiles/cmTC_25231.dir/GDCM_HAVE_WINSOCK_H.c.o' failed
make[1]: *** [CMakeFiles/cmTC_25231.dir/GDCM_HAVE_WINSOCK_H.c.o] Error 1
make[1]: Leaving directory '/public/liqingxing/PET/ITK/build/CMakeFiles/CMakeTmp'
Makefile:121: recipe for target 'cmTC_25231/fast' failed
make: *** [cmTC_25231/fast] Error 2

Source:
/* */
#include <sys/time.h>
#include <winsock.h>


int main(void){return 0;}

Determining if the include file rpc.h exists failed with the following output:
Change Dir: /public/liqingxing/PET/ITK/build/CMakeFiles/CMakeTmp

Run Build Command(s):/usr/bin/make cmTC_edfd8/fast 
/usr/bin/make -f CMakeFiles/cmTC_edfd8.dir/build.make CMakeFiles/cmTC_edfd8.dir/build
make[1]: Entering directory '/public/liqingxing/PET/ITK/build/CMakeFiles/CMakeTmp'
Building C object CMakeFiles/cmTC_edfd8.dir/CheckIncludeFile.c.o
/usr/bin/cc   -mtune=native -march=corei7 -Wno-uninitialized -Wno-unused-parameter -Wall -Wcast-align -Wdisabled-optimization -Wextra -Wformat=2 -Winvalid-pch -Wno-format-nonliteral -Wpointer-arith -Wshadow -Wunused -Wwrite-strings -funit-at-a-time -Wno-strict-overflow  -w -fno-ipa-cp-clone  -fPIE   -o CMakeFiles/cmTC_edfd8.dir/CheckIncludeFile.c.o   -c /public/liqingxing/PET/ITK/build/CMakeFiles/CMakeTmp/CheckIncludeFile.c
/public/liqingxing/PET/ITK/build/CMakeFiles/CMakeTmp/CheckIncludeFile.c:1:17: fatal error: rpc.h: No such file or directory
 #include <rpc.h>
                 ^
compilation terminated.
CMakeFiles/cmTC_edfd8.dir/build.make:65: recipe for target 'CMakeFiles/cmTC_edfd8.dir/CheckIncludeFile.c.o' failed
make[1]: *** [CMakeFiles/cmTC_edfd8.dir/CheckIncludeFile.c.o] Error 1
make[1]: Leaving directory '/public/liqingxing/PET/ITK/build/CMakeFiles/CMakeTmp'
Makefile:121: recipe for target 'cmTC_edfd8/fast' failed
make: *** [cmTC_edfd8/fast] Error 2


Determining if the function _stricmp exists failed with the following output:
Change Dir: /public/liqingxing/PET/ITK/build/CMakeFiles/CMakeTmp

Run Build Command(s):/usr/bin/make cmTC_f7988/fast 
/usr/bin/make -f CMakeFiles/cmTC_f7988.dir/build.make CMakeFiles/cmTC_f7988.dir/build
make[1]: Entering directory '/public/liqingxing/PET/ITK/build/CMakeFiles/CMakeTmp'
Building C object CMakeFiles/cmTC_f7988.dir/CheckFunctionExists.c.o
/usr/bin/cc   -mtune=native -march=corei7 -Wno-uninitialized -Wno-unused-parameter -Wall -Wcast-align -Wdisabled-optimization -Wextra -Wformat=2 -Winvalid-pch -Wno-format-nonliteral -Wpointer-arith -Wshadow -Wunused -Wwrite-strings -funit-at-a-time -Wno-strict-overflow  -w -fno-ipa-cp-clone -DCHECK_FUNCTION_EXISTS=_stricmp -fPIE   -o CMakeFiles/cmTC_f7988.dir/CheckFunctionExists.c.o   -c /opt/cmake-3.14.5/share/cmake-3.14/Modules/CheckFunctionExists.c
Linking C executable cmTC_f7988
/opt/cmake-3.14.5/bin/cmake -E cmake_link_script CMakeFiles/cmTC_f7988.dir/link.txt --verbose=1
/usr/bin/cc  -mtune=native -march=corei7 -Wno-uninitialized -Wno-unused-parameter -Wall -Wcast-align -Wdisabled-optimization -Wextra -Wformat=2 -Winvalid-pch -Wno-format-nonliteral -Wpointer-arith -Wshadow -Wunused -Wwrite-strings -funit-at-a-time -Wno-strict-overflow  -w -fno-ipa-cp-clone -DCHECK_FUNCTION_EXISTS=_stricmp     -fPIE -pie CMakeFiles/cmTC_f7988.dir/CheckFunctionExists.c.o  -o cmTC_f7988 
CMakeFiles/cmTC_f7988.dir/CheckFunctionExists.c.o: In function `main':
CheckFunctionExists.c:(.text+0x10): undefined reference to `_stricmp'
collect2: error: ld returned 1 exit status
CMakeFiles/cmTC_f7988.dir/build.make:86: recipe for target 'cmTC_f7988' failed
make[1]: *** [cmTC_f7988] Error 1
make[1]: Leaving directory '/public/liqingxing/PET/ITK/build/CMakeFiles/CMakeTmp'
Makefile:121: recipe for target 'cmTC_f7988/fast' failed
make: *** [cmTC_f7988/fast] Error 2


Determining if the function _strnicmp exists failed with the following output:
Change Dir: /public/liqingxing/PET/ITK/build/CMakeFiles/CMakeTmp

Run Build Command(s):/usr/bin/make cmTC_11df8/fast 
/usr/bin/make -f CMakeFiles/cmTC_11df8.dir/build.make CMakeFiles/cmTC_11df8.dir/build
make[1]: Entering directory '/public/liqingxing/PET/ITK/build/CMakeFiles/CMakeTmp'
Building C object CMakeFiles/cmTC_11df8.dir/CheckFunctionExists.c.o
/usr/bin/cc   -mtune=native -march=corei7 -Wno-uninitialized -Wno-unused-parameter -Wall -Wcast-align -Wdisabled-optimization -Wextra -Wformat=2 -Winvalid-pch -Wno-format-nonliteral -Wpointer-arith -Wshadow -Wunused -Wwrite-strings -funit-at-a-time -Wno-strict-overflow  -w -fno-ipa-cp-clone -DCHECK_FUNCTION_EXISTS=_strnicmp -fPIE   -o CMakeFiles/cmTC_11df8.dir/CheckFunctionExists.c.o   -c /opt/cmake-3.14.5/share/cmake-3.14/Modules/CheckFunctionExists.c
Linking C executable cmTC_11df8
/opt/cmake-3.14.5/bin/cmake -E cmake_link_script CMakeFiles/cmTC_11df8.dir/link.txt --verbose=1
/usr/bin/cc  -mtune=native -march=corei7 -Wno-uninitialized -Wno-unused-parameter -Wall -Wcast-align -Wdisabled-optimization -Wextra -Wformat=2 -Winvalid-pch -Wno-format-nonliteral -Wpointer-arith -Wshadow -Wunused -Wwrite-strings -funit-at-a-time -Wno-strict-overflow  -w -fno-ipa-cp-clone -DCHECK_FUNCTION_EXISTS=_strnicmp     -fPIE -pie CMakeFiles/cmTC_11df8.dir/CheckFunctionExists.c.o  -o cmTC_11df8 
CMakeFiles/cmTC_11df8.dir/CheckFunctionExists.c.o: In function `main':
CheckFunctionExists.c:(.text+0x10): undefined reference to `_strnicmp'
collect2: error: ld returned 1 exit status
CMakeFiles/cmTC_11df8.dir/build.make:86: recipe for target 'cmTC_11df8' failed
make[1]: *** [cmTC_11df8] Error 1
make[1]: Leaving directory '/public/liqingxing/PET/ITK/build/CMakeFiles/CMakeTmp'
Makefile:121: recipe for target 'cmTC_11df8/fast' failed
make: *** [cmTC_11df8/fast] Error 2


Determining if the function _snprintf exists failed with the following output:
Change Dir: /public/liqingxing/PET/ITK/build/CMakeFiles/CMakeTmp

Run Build Command(s):/usr/bin/make cmTC_f64a2/fast 
/usr/bin/make -f CMakeFiles/cmTC_f64a2.dir/build.make CMakeFiles/cmTC_f64a2.dir/build
make[1]: Entering directory '/public/liqingxing/PET/ITK/build/CMakeFiles/CMakeTmp'
Building C object CMakeFiles/cmTC_f64a2.dir/CheckFunctionExists.c.o
/usr/bin/cc   -mtune=native -march=corei7 -Wno-uninitialized -Wno-unused-parameter -Wall -Wcast-align -Wdisabled-optimization -Wextra -Wformat=2 -Winvalid-pch -Wno-format-nonliteral -Wpointer-arith -Wshadow -Wunused -Wwrite-strings -funit-at-a-time -Wno-strict-overflow  -w -fno-ipa-cp-clone -DCHECK_FUNCTION_EXISTS=_snprintf -fPIE   -o CMakeFiles/cmTC_f64a2.dir/CheckFunctionExists.c.o   -c /opt/cmake-3.14.5/share/cmake-3.14/Modules/CheckFunctionExists.c
Linking C executable cmTC_f64a2
/opt/cmake-3.14.5/bin/cmake -E cmake_link_script CMakeFiles/cmTC_f64a2.dir/link.txt --verbose=1
/usr/bin/cc  -mtune=native -march=corei7 -Wno-uninitialized -Wno-unused-parameter -Wall -Wcast-align -Wdisabled-optimization -Wextra -Wformat=2 -Winvalid-pch -Wno-format-nonliteral -Wpointer-arith -Wshadow -Wunused -Wwrite-strings -funit-at-a-time -Wno-strict-overflow  -w -fno-ipa-cp-clone -DCHECK_FUNCTION_EXISTS=_snprintf     -fPIE -pie CMakeFiles/cmTC_f64a2.dir/CheckFunctionExists.c.o  -o cmTC_f64a2 
CMakeFiles/cmTC_f64a2.dir/CheckFunctionExists.c.o: In function `main':
CheckFunctionExists.c:(.text+0x10): undefined reference to `_snprintf'
collect2: error: ld returned 1 exit status
CMakeFiles/cmTC_f64a2.dir/build.make:86: recipe for target 'cmTC_f64a2' failed
make[1]: *** [cmTC_f64a2] Error 1
make[1]: Leaving directory '/public/liqingxing/PET/ITK/build/CMakeFiles/CMakeTmp'
Makefile:121: recipe for target 'cmTC_f64a2/fast' failed
make: *** [cmTC_f64a2/fast] Error 2


Performing C++ SOURCE FILE Test GDCM_HAVE_WCHAR_IFSTREAM failed with the following output:
Change Dir: /public/liqingxing/PET/ITK/build/CMakeFiles/CMakeTmp

Run Build Command(s):/usr/bin/make cmTC_b2269/fast 
/usr/bin/make -f CMakeFiles/cmTC_b2269.dir/build.make CMakeFiles/cmTC_b2269.dir/build
make[1]: Entering directory '/public/liqingxing/PET/ITK/build/CMakeFiles/CMakeTmp'
Building CXX object CMakeFiles/cmTC_b2269.dir/src.cxx.o
/usr/bin/c++    -mtune=native -march=corei7 -Wall -Wcast-align -Wdisabled-optimization -Wextra -Wformat=2 -Winvalid-pch -Wno-format-nonliteral -Wpointer-arith -Wshadow -Wunused -Wwrite-strings -funit-at-a-time -Wno-strict-overflow -Wno-deprecated -Wno-invalid-offsetof -Woverloaded-virtual -Wstrict-null-sentinel  -Wno-array-bounds -w -fno-ipa-cp-clone -DGDCM_HAVE_WCHAR_IFSTREAM -fPIE   -std=c++11 -o CMakeFiles/cmTC_b2269.dir/src.cxx.o -c /public/liqingxing/PET/ITK/build/CMakeFiles/CMakeTmp/src.cxx
/public/liqingxing/PET/ITK/build/CMakeFiles/CMakeTmp/src.cxx: In function ‘int main()’:
/public/liqingxing/PET/ITK/build/CMakeFiles/CMakeTmp/src.cxx:2:62: error: no matching function for call to ‘std::basic_ifstream<char>::basic_ifstream(const wchar_t [10])’
 int main() { const wchar_t fn[10] = {}; std::ifstream is( fn ); return 0;}
                                                              ^
/public/liqingxing/PET/ITK/build/CMakeFiles/CMakeTmp/src.cxx:2:62: note: candidates are:
In file included from /public/liqingxing/PET/ITK/build/CMakeFiles/CMakeTmp/src.cxx:1:0:
/usr/include/c++/4.8/fstream:483:7: note: std::basic_ifstream<_CharT, _Traits>::basic_ifstream(const string&, std::ios_base::openmode) [with _CharT = char; _Traits = std::char_traits<char>; std::string = std::basic_string<char>; std::ios_base::openmode = std::_Ios_Openmode]
       basic_ifstream(const std::string& __s,
       ^
/usr/include/c++/4.8/fstream:483:7: note:   no known conversion for argument 1 from ‘const wchar_t [10]’ to ‘const string& {aka const std::basic_string<char>&}’
/usr/include/c++/4.8/fstream:467:7: note: std::basic_ifstream<_CharT, _Traits>::basic_ifstream(const char*, std::ios_base::openmode) [with _CharT = char; _Traits = std::char_traits<char>; std::ios_base::openmode = std::_Ios_Openmode]
       basic_ifstream(const char* __s, ios_base::openmode __mode = ios_base::in)
       ^
/usr/include/c++/4.8/fstream:467:7: note:   no known conversion for argument 1 from ‘const wchar_t [10]’ to ‘const char*’
/usr/include/c++/4.8/fstream:453:7: note: std::basic_ifstream<_CharT, _Traits>::basic_ifstream() [with _CharT = char; _Traits = std::char_traits<char>]
       basic_ifstream() : __istream_type(), _M_filebuf()
       ^
/usr/include/c++/4.8/fstream:453:7: note:   candidate expects 0 arguments, 1 provided
CMakeFiles/cmTC_b2269.dir/build.make:65: recipe for target 'CMakeFiles/cmTC_b2269.dir/src.cxx.o' failed
make[1]: *** [CMakeFiles/cmTC_b2269.dir/src.cxx.o] Error 1
make[1]: Leaving directory '/public/liqingxing/PET/ITK/build/CMakeFiles/CMakeTmp'
Makefile:121: recipe for target 'cmTC_b2269/fast' failed
make: *** [cmTC_b2269/fast] Error 2

Source file was:
#include <fstream>
int main() { const wchar_t fn[10] = {}; std::ifstream is( fn ); return 0;}
Determining if the function WSAStartup exists in the ws2_32;m;dl failed with the following output:
Change Dir: /public/liqingxing/PET/ITK/build/CMakeFiles/CMakeTmp

Run Build Command(s):/usr/bin/make cmTC_11542/fast 
/usr/bin/make -f CMakeFiles/cmTC_11542.dir/build.make CMakeFiles/cmTC_11542.dir/build
make[1]: Entering directory '/public/liqingxing/PET/ITK/build/CMakeFiles/CMakeTmp'
Building C object CMakeFiles/cmTC_11542.dir/CheckFunctionExists.c.o
/usr/bin/cc   -mtune=native -march=corei7 -Wno-uninitialized -Wno-unused-parameter -Wall -Wcast-align -Wdisabled-optimization -Wextra -Wformat=2 -Winvalid-pch -Wno-format-nonliteral -Wpointer-arith -Wshadow -Wunused -Wwrite-strings -funit-at-a-time -Wno-strict-overflow  -w -DCHECK_FUNCTION_EXISTS=WSAStartup -fPIE   -o CMakeFiles/cmTC_11542.dir/CheckFunctionExists.c.o   -c /opt/cmake-3.14.5/share/cmake-3.14/Modules/CheckFunctionExists.c
Linking C executable cmTC_11542
/opt/cmake-3.14.5/bin/cmake -E cmake_link_script CMakeFiles/cmTC_11542.dir/link.txt --verbose=1
/usr/bin/cc  -mtune=native -march=corei7 -Wno-uninitialized -Wno-unused-parameter -Wall -Wcast-align -Wdisabled-optimization -Wextra -Wformat=2 -Winvalid-pch -Wno-format-nonliteral -Wpointer-arith -Wshadow -Wunused -Wwrite-strings -funit-at-a-time -Wno-strict-overflow  -w -DCHECK_FUNCTION_EXISTS=WSAStartup     -fPIE -pie CMakeFiles/cmTC_11542.dir/CheckFunctionExists.c.o  -o cmTC_11542 -lws2_32 -lm -ldl 
/usr/bin/ld: cannot find -lws2_32
collect2: error: ld returned 1 exit status
CMakeFiles/cmTC_11542.dir/build.make:86: recipe for target 'cmTC_11542' failed
make[1]: *** [cmTC_11542] Error 1
make[1]: Leaving directory '/public/liqingxing/PET/ITK/build/CMakeFiles/CMakeTmp'
Makefile:121: recipe for target 'cmTC_11542/fast' failed
make: *** [cmTC_11542/fast] Error 2


Determining if the function gethostbyname exists in the wsock32;m;dl failed with the following output:
Change Dir: /public/liqingxing/PET/ITK/build/CMakeFiles/CMakeTmp

Run Build Command(s):/usr/bin/make cmTC_a46a7/fast 
/usr/bin/make -f CMakeFiles/cmTC_a46a7.dir/build.make CMakeFiles/cmTC_a46a7.dir/build
make[1]: Entering directory '/public/liqingxing/PET/ITK/build/CMakeFiles/CMakeTmp'
Building C object CMakeFiles/cmTC_a46a7.dir/CheckFunctionExists.c.o
/usr/bin/cc   -mtune=native -march=corei7 -Wno-uninitialized -Wno-unused-parameter -Wall -Wcast-align -Wdisabled-optimization -Wextra -Wformat=2 -Winvalid-pch -Wno-format-nonliteral -Wpointer-arith -Wshadow -Wunused -Wwrite-strings -funit-at-a-time -Wno-strict-overflow  -w -DCHECK_FUNCTION_EXISTS=gethostbyname -fPIE   -o CMakeFiles/cmTC_a46a7.dir/CheckFunctionExists.c.o   -c /opt/cmake-3.14.5/share/cmake-3.14/Modules/CheckFunctionExists.c
Linking C executable cmTC_a46a7
/opt/cmake-3.14.5/bin/cmake -E cmake_link_script CMakeFiles/cmTC_a46a7.dir/link.txt --verbose=1
/usr/bin/cc  -mtune=native -march=corei7 -Wno-uninitialized -Wno-unused-parameter -Wall -Wcast-align -Wdisabled-optimization -Wextra -Wformat=2 -Winvalid-pch -Wno-format-nonliteral -Wpointer-arith -Wshadow -Wunused -Wwrite-strings -funit-at-a-time -Wno-strict-overflow  -w -DCHECK_FUNCTION_EXISTS=gethostbyname     -fPIE -pie CMakeFiles/cmTC_a46a7.dir/CheckFunctionExists.c.o  -o cmTC_a46a7 -lwsock32 -lm -ldl 
/usr/bin/ld: cannot find -lwsock32
collect2: error: ld returned 1 exit status
CMakeFiles/cmTC_a46a7.dir/build.make:86: recipe for target 'cmTC_a46a7' failed
make[1]: *** [cmTC_a46a7] Error 1
make[1]: Leaving directory '/public/liqingxing/PET/ITK/build/CMakeFiles/CMakeTmp'
Makefile:121: recipe for target 'cmTC_a46a7/fast' failed
make: *** [cmTC_a46a7/fast] Error 2


Determining if the function gethostname exists in the ucb;m;dl failed with the following output:
Change Dir: /public/liqingxing/PET/ITK/build/CMakeFiles/CMakeTmp

Run Build Command(s):/usr/bin/make cmTC_90682/fast 
/usr/bin/make -f CMakeFiles/cmTC_90682.dir/build.make CMakeFiles/cmTC_90682.dir/build
make[1]: Entering directory '/public/liqingxing/PET/ITK/build/CMakeFiles/CMakeTmp'
Building C object CMakeFiles/cmTC_90682.dir/CheckFunctionExists.c.o
/usr/bin/cc   -mtune=native -march=corei7 -Wno-uninitialized -Wno-unused-parameter -Wall -Wcast-align -Wdisabled-optimization -Wextra -Wformat=2 -Winvalid-pch -Wno-format-nonliteral -Wpointer-arith -Wshadow -Wunused -Wwrite-strings -funit-at-a-time -Wno-strict-overflow  -w -DCHECK_FUNCTION_EXISTS=gethostname -fPIE   -o CMakeFiles/cmTC_90682.dir/CheckFunctionExists.c.o   -c /opt/cmake-3.14.5/share/cmake-3.14/Modules/CheckFunctionExists.c
Linking C executable cmTC_90682
/opt/cmake-3.14.5/bin/cmake -E cmake_link_script CMakeFiles/cmTC_90682.dir/link.txt --verbose=1
/usr/bin/cc  -mtune=native -march=corei7 -Wno-uninitialized -Wno-unused-parameter -Wall -Wcast-align -Wdisabled-optimization -Wextra -Wformat=2 -Winvalid-pch -Wno-format-nonliteral -Wpointer-arith -Wshadow -Wunused -Wwrite-strings -funit-at-a-time -Wno-strict-overflow  -w -DCHECK_FUNCTION_EXISTS=gethostname     -fPIE -pie CMakeFiles/cmTC_90682.dir/CheckFunctionExists.c.o  -o cmTC_90682 -lucb -lm -ldl 
/usr/bin/ld: cannot find -lucb
collect2: error: ld returned 1 exit status
CMakeFiles/cmTC_90682.dir/build.make:86: recipe for target 'cmTC_90682' failed
make[1]: *** [cmTC_90682] Error 1
make[1]: Leaving directory '/public/liqingxing/PET/ITK/build/CMakeFiles/CMakeTmp'
Makefile:121: recipe for target 'cmTC_90682/fast' failed
make: *** [cmTC_90682/fast] Error 2


Determining if files sys/file.h;sys/ioctl.h;sys/resource.h;sys/socket.h;sys/stat.h;sys/time.h;sys/types.h;features.h;dirent.h;setjmp.h;stddef.h;stdint.h;unistd.h;mach/mach_time.h exist failed with the following output:
Change Dir: /public/liqingxing/PET/ITK/build/CMakeFiles/CMakeTmp

Run Build Command(s):/usr/bin/make cmTC_7d3b7/fast 
/usr/bin/make -f CMakeFiles/cmTC_7d3b7.dir/build.make CMakeFiles/cmTC_7d3b7.dir/build
make[1]: Entering directory '/public/liqingxing/PET/ITK/build/CMakeFiles/CMakeTmp'
Building C object CMakeFiles/cmTC_7d3b7.dir/H5_HAVE_MACH_MACH_TIME_H.c.o
/usr/bin/cc   -mtune=native -march=corei7 -Wno-uninitialized -Wno-unused-parameter -Wall -Wcast-align -Wdisabled-optimization -Wextra -Wformat=2 -Winvalid-pch -Wno-format-nonliteral -Wpointer-arith -Wshadow -Wunused -Wwrite-strings -funit-at-a-time -Wno-strict-overflow  -w  -fPIE   -o CMakeFiles/cmTC_7d3b7.dir/H5_HAVE_MACH_MACH_TIME_H.c.o   -c /public/liqingxing/PET/ITK/build/CMakeFiles/CheckIncludeFiles/H5_HAVE_MACH_MACH_TIME_H.c
/public/liqingxing/PET/ITK/build/CMakeFiles/CheckIncludeFiles/H5_HAVE_MACH_MACH_TIME_H.c:15:28: fatal error: mach/mach_time.h: No such file or directory
 #include <mach/mach_time.h>
                            ^
compilation terminated.
CMakeFiles/cmTC_7d3b7.dir/build.make:65: recipe for target 'CMakeFiles/cmTC_7d3b7.dir/H5_HAVE_MACH_MACH_TIME_H.c.o' failed
make[1]: *** [CMakeFiles/cmTC_7d3b7.dir/H5_HAVE_MACH_MACH_TIME_H.c.o] Error 1
make[1]: Leaving directory '/public/liqingxing/PET/ITK/build/CMakeFiles/CMakeTmp'
Makefile:121: recipe for target 'cmTC_7d3b7/fast' failed
make: *** [cmTC_7d3b7/fast] Error 2

Source:
/* */
#include <sys/file.h>
#include <sys/ioctl.h>
#include <sys/resource.h>
#include <sys/socket.h>
#include <sys/stat.h>
#include <sys/time.h>
#include <sys/types.h>
#include <features.h>
#include <dirent.h>
#include <setjmp.h>
#include <stddef.h>
#include <stdint.h>
#include <unistd.h>
#include <mach/mach_time.h>


int main(void){return 0;}

Determining if files sys/file.h;sys/ioctl.h;sys/resource.h;sys/socket.h;sys/stat.h;sys/time.h;sys/types.h;features.h;dirent.h;setjmp.h;stddef.h;stdint.h;unistd.h;io.h exist failed with the following output:
Change Dir: /public/liqingxing/PET/ITK/build/CMakeFiles/CMakeTmp

Run Build Command(s):/usr/bin/make cmTC_62f92/fast 
/usr/bin/make -f CMakeFiles/cmTC_62f92.dir/build.make CMakeFiles/cmTC_62f92.dir/build
make[1]: Entering directory '/public/liqingxing/PET/ITK/build/CMakeFiles/CMakeTmp'
Building C object CMakeFiles/cmTC_62f92.dir/H5_HAVE_IO_H.c.o
/usr/bin/cc   -mtune=native -march=corei7 -Wno-uninitialized -Wno-unused-parameter -Wall -Wcast-align -Wdisabled-optimization -Wextra -Wformat=2 -Winvalid-pch -Wno-format-nonliteral -Wpointer-arith -Wshadow -Wunused -Wwrite-strings -funit-at-a-time -Wno-strict-overflow  -w  -fPIE   -o CMakeFiles/cmTC_62f92.dir/H5_HAVE_IO_H.c.o   -c /public/liqingxing/PET/ITK/build/CMakeFiles/CheckIncludeFiles/H5_HAVE_IO_H.c
/public/liqingxing/PET/ITK/build/CMakeFiles/CheckIncludeFiles/H5_HAVE_IO_H.c:15:16: fatal error: io.h: No such file or directory
 #include <io.h>
                ^
compilation terminated.
CMakeFiles/cmTC_62f92.dir/build.make:65: recipe for target 'CMakeFiles/cmTC_62f92.dir/H5_HAVE_IO_H.c.o' failed
make[1]: *** [CMakeFiles/cmTC_62f92.dir/H5_HAVE_IO_H.c.o] Error 1
make[1]: Leaving directory '/public/liqingxing/PET/ITK/build/CMakeFiles/CMakeTmp'
Makefile:121: recipe for target 'cmTC_62f92/fast' failed
make: *** [cmTC_62f92/fast] Error 2

Source:
/* */
#include <sys/file.h>
#include <sys/ioctl.h>
#include <sys/resource.h>
#include <sys/socket.h>
#include <sys/stat.h>
#include <sys/time.h>
#include <sys/types.h>
#include <features.h>
#include <dirent.h>
#include <setjmp.h>
#include <stddef.h>
#include <stdint.h>
#include <unistd.h>
#include <io.h>


int main(void){return 0;}

Determining if files sys/file.h;sys/ioctl.h;sys/resource.h;sys/socket.h;sys/stat.h;sys/time.h;sys/types.h;features.h;dirent.h;setjmp.h;stddef.h;stdint.h;unistd.h;winsock2.h exist failed with the following output:
Change Dir: /public/liqingxing/PET/ITK/build/CMakeFiles/CMakeTmp

Run Build Command(s):/usr/bin/make cmTC_189f9/fast 
/usr/bin/make -f CMakeFiles/cmTC_189f9.dir/build.make CMakeFiles/cmTC_189f9.dir/build
make[1]: Entering directory '/public/liqingxing/PET/ITK/build/CMakeFiles/CMakeTmp'
Building C object CMakeFiles/cmTC_189f9.dir/H5_HAVE_WINSOCK2_H.c.o
/usr/bin/cc   -mtune=native -march=corei7 -Wno-uninitialized -Wno-unused-parameter -Wall -Wcast-align -Wdisabled-optimization -Wextra -Wformat=2 -Winvalid-pch -Wno-format-nonliteral -Wpointer-arith -Wshadow -Wunused -Wwrite-strings -funit-at-a-time -Wno-strict-overflow  -w  -fPIE   -o CMakeFiles/cmTC_189f9.dir/H5_HAVE_WINSOCK2_H.c.o   -c /public/liqingxing/PET/ITK/build/CMakeFiles/CheckIncludeFiles/H5_HAVE_WINSOCK2_H.c
/public/liqingxing/PET/ITK/build/CMakeFiles/CheckIncludeFiles/H5_HAVE_WINSOCK2_H.c:15:22: fatal error: winsock2.h: No such file or directory
 #include <winsock2.h>
                      ^
compilation terminated.
CMakeFiles/cmTC_189f9.dir/build.make:65: recipe for target 'CMakeFiles/cmTC_189f9.dir/H5_HAVE_WINSOCK2_H.c.o' failed
make[1]: *** [CMakeFiles/cmTC_189f9.dir/H5_HAVE_WINSOCK2_H.c.o] Error 1
make[1]: Leaving directory '/public/liqingxing/PET/ITK/build/CMakeFiles/CMakeTmp'
Makefile:121: recipe for target 'cmTC_189f9/fast' failed
make: *** [cmTC_189f9/fast] Error 2

Source:
/* */
#include <sys/file.h>
#include <sys/ioctl.h>
#include <sys/resource.h>
#include <sys/socket.h>
#include <sys/stat.h>
#include <sys/time.h>
#include <sys/types.h>
#include <features.h>
#include <dirent.h>
#include <setjmp.h>
#include <stddef.h>
#include <stdint.h>
#include <unistd.h>
#include <winsock2.h>


int main(void){return 0;}

Determining if files sys/file.h;sys/ioctl.h;sys/resource.h;sys/socket.h;sys/stat.h;sys/time.h;sys/types.h;features.h;dirent.h;setjmp.h;stddef.h;stdint.h;unistd.h;sys/timeb.h;globus/common.h exist failed with the following output:
Change Dir: /public/liqingxing/PET/ITK/build/CMakeFiles/CMakeTmp

Run Build Command(s):/usr/bin/make cmTC_04a59/fast 
/usr/bin/make -f CMakeFiles/cmTC_04a59.dir/build.make CMakeFiles/cmTC_04a59.dir/build
make[1]: Entering directory '/public/liqingxing/PET/ITK/build/CMakeFiles/CMakeTmp'
Building C object CMakeFiles/cmTC_04a59.dir/H5_HAVE_GLOBUS_COMMON_H.c.o
/usr/bin/cc   -mtune=native -march=corei7 -Wno-uninitialized -Wno-unused-parameter -Wall -Wcast-align -Wdisabled-optimization -Wextra -Wformat=2 -Winvalid-pch -Wno-format-nonliteral -Wpointer-arith -Wshadow -Wunused -Wwrite-strings -funit-at-a-time -Wno-strict-overflow  -w  -fPIE   -o CMakeFiles/cmTC_04a59.dir/H5_HAVE_GLOBUS_COMMON_H.c.o   -c /public/liqingxing/PET/ITK/build/CMakeFiles/CheckIncludeFiles/H5_HAVE_GLOBUS_COMMON_H.c
/public/liqingxing/PET/ITK/build/CMakeFiles/CheckIncludeFiles/H5_HAVE_GLOBUS_COMMON_H.c:16:27: fatal error: globus/common.h: No such file or directory
 #include <globus/common.h>
                           ^
compilation terminated.
CMakeFiles/cmTC_04a59.dir/build.make:65: recipe for target 'CMakeFiles/cmTC_04a59.dir/H5_HAVE_GLOBUS_COMMON_H.c.o' failed
make[1]: *** [CMakeFiles/cmTC_04a59.dir/H5_HAVE_GLOBUS_COMMON_H.c.o] Error 1
make[1]: Leaving directory '/public/liqingxing/PET/ITK/build/CMakeFiles/CMakeTmp'
Makefile:121: recipe for target 'cmTC_04a59/fast' failed
make: *** [cmTC_04a59/fast] Error 2

Source:
/* */
#include <sys/file.h>
#include <sys/ioctl.h>
#include <sys/resource.h>
#include <sys/socket.h>
#include <sys/stat.h>
#include <sys/time.h>
#include <sys/types.h>
#include <features.h>
#include <dirent.h>
#include <setjmp.h>
#include <stddef.h>
#include <stdint.h>
#include <unistd.h>
#include <sys/timeb.h>
#include <globus/common.h>


int main(void){return 0;}

Determining if files sys/file.h;sys/ioctl.h;sys/resource.h;sys/socket.h;sys/stat.h;sys/time.h;sys/types.h;features.h;dirent.h;setjmp.h;stddef.h;stdint.h;unistd.h;sys/timeb.h;pdb.h exist failed with the following output:
Change Dir: /public/liqingxing/PET/ITK/build/CMakeFiles/CMakeTmp

Run Build Command(s):/usr/bin/make cmTC_42755/fast 
/usr/bin/make -f CMakeFiles/cmTC_42755.dir/build.make CMakeFiles/cmTC_42755.dir/build
make[1]: Entering directory '/public/liqingxing/PET/ITK/build/CMakeFiles/CMakeTmp'
Building C object CMakeFiles/cmTC_42755.dir/H5_HAVE_PDB_H.c.o
/usr/bin/cc   -mtune=native -march=corei7 -Wno-uninitialized -Wno-unused-parameter -Wall -Wcast-align -Wdisabled-optimization -Wextra -Wformat=2 -Winvalid-pch -Wno-format-nonliteral -Wpointer-arith -Wshadow -Wunused -Wwrite-strings -funit-at-a-time -Wno-strict-overflow  -w  -fPIE   -o CMakeFiles/cmTC_42755.dir/H5_HAVE_PDB_H.c.o   -c /public/liqingxing/PET/ITK/build/CMakeFiles/CheckIncludeFiles/H5_HAVE_PDB_H.c
/public/liqingxing/PET/ITK/build/CMakeFiles/CheckIncludeFiles/H5_HAVE_PDB_H.c:16:17: fatal error: pdb.h: No such file or directory
 #include <pdb.h>
                 ^
compilation terminated.
CMakeFiles/cmTC_42755.dir/build.make:65: recipe for target 'CMakeFiles/cmTC_42755.dir/H5_HAVE_PDB_H.c.o' failed
make[1]: *** [CMakeFiles/cmTC_42755.dir/H5_HAVE_PDB_H.c.o] Error 1
make[1]: Leaving directory '/public/liqingxing/PET/ITK/build/CMakeFiles/CMakeTmp'
Makefile:121: recipe for target 'cmTC_42755/fast' failed
make: *** [cmTC_42755/fast] Error 2

Source:
/* */
#include <sys/file.h>
#include <sys/ioctl.h>
#include <sys/resource.h>
#include <sys/socket.h>
#include <sys/stat.h>
#include <sys/time.h>
#include <sys/types.h>
#include <features.h>
#include <dirent.h>
#include <setjmp.h>
#include <stddef.h>
#include <stdint.h>
#include <unistd.h>
#include <sys/timeb.h>
#include <pdb.h>


int main(void){return 0;}

Determining if files sys/file.h;sys/ioctl.h;sys/resource.h;sys/socket.h;sys/stat.h;sys/time.h;sys/types.h;features.h;dirent.h;setjmp.h;stddef.h;stdint.h;unistd.h;sys/timeb.h;pthread.h;srbclient.h exist failed with the following output:
Change Dir: /public/liqingxing/PET/ITK/build/CMakeFiles/CMakeTmp

Run Build Command(s):/usr/bin/make cmTC_8400f/fast 
/usr/bin/make -f CMakeFiles/cmTC_8400f.dir/build.make CMakeFiles/cmTC_8400f.dir/build
make[1]: Entering directory '/public/liqingxing/PET/ITK/build/CMakeFiles/CMakeTmp'
Building C object CMakeFiles/cmTC_8400f.dir/H5_HAVE_SRBCLIENT_H.c.o
/usr/bin/cc   -mtune=native -march=corei7 -Wno-uninitialized -Wno-unused-parameter -Wall -Wcast-align -Wdisabled-optimization -Wextra -Wformat=2 -Winvalid-pch -Wno-format-nonliteral -Wpointer-arith -Wshadow -Wunused -Wwrite-strings -funit-at-a-time -Wno-strict-overflow  -w  -fPIE   -o CMakeFiles/cmTC_8400f.dir/H5_HAVE_SRBCLIENT_H.c.o   -c /public/liqingxing/PET/ITK/build/CMakeFiles/CheckIncludeFiles/H5_HAVE_SRBCLIENT_H.c
/public/liqingxing/PET/ITK/build/CMakeFiles/CheckIncludeFiles/H5_HAVE_SRBCLIENT_H.c:17:23: fatal error: srbclient.h: No such file or directory
 #include <srbclient.h>
                       ^
compilation terminated.
CMakeFiles/cmTC_8400f.dir/build.make:65: recipe for target 'CMakeFiles/cmTC_8400f.dir/H5_HAVE_SRBCLIENT_H.c.o' failed
make[1]: *** [CMakeFiles/cmTC_8400f.dir/H5_HAVE_SRBCLIENT_H.c.o] Error 1
make[1]: Leaving directory '/public/liqingxing/PET/ITK/build/CMakeFiles/CMakeTmp'
Makefile:121: recipe for target 'cmTC_8400f/fast' failed
make: *** [cmTC_8400f/fast] Error 2

Source:
/* */
#include <sys/file.h>
#include <sys/ioctl.h>
#include <sys/resource.h>
#include <sys/socket.h>
#include <sys/stat.h>
#include <sys/time.h>
#include <sys/types.h>
#include <features.h>
#include <dirent.h>
#include <setjmp.h>
#include <stddef.h>
#include <stdint.h>
#include <unistd.h>
#include <sys/timeb.h>
#include <pthread.h>
#include <srbclient.h>


int main(void){return 0;}

Determining size of __int64 failed with the following output:
Change Dir: /public/liqingxing/PET/ITK/build/CMakeFiles/CMakeTmp

Run Build Command(s):/usr/bin/make cmTC_7109a/fast 
/usr/bin/make -f CMakeFiles/cmTC_7109a.dir/build.make CMakeFiles/cmTC_7109a.dir/build
make[1]: Entering directory '/public/liqingxing/PET/ITK/build/CMakeFiles/CMakeTmp'
Building C object CMakeFiles/cmTC_7109a.dir/H5_SIZEOF___INT64.c.o
/usr/bin/cc -D_FILE_OFFSET_BITS=64 -D_LARGEFILE64_SOURCE -D_LARGEFILE_SOURCE  -mtune=native -march=corei7 -Wno-uninitialized -Wno-unused-parameter -Wall -Wcast-align -Wdisabled-optimization -Wextra -Wformat=2 -Winvalid-pch -Wno-format-nonliteral -Wpointer-arith -Wshadow -Wunused -Wwrite-strings -funit-at-a-time -Wno-strict-overflow  -w  -fPIE   -o CMakeFiles/cmTC_7109a.dir/H5_SIZEOF___INT64.c.o   -c /public/liqingxing/PET/ITK/build/CMakeFiles/CheckTypeSize/H5_SIZEOF___INT64.c
/public/liqingxing/PET/ITK/build/CMakeFiles/CheckTypeSize/H5_SIZEOF___INT64.c:23:22: error: ‘__int64’ undeclared here (not in a function)
 #define SIZE (sizeof(__int64))
                      ^
/public/liqingxing/PET/ITK/build/CMakeFiles/CheckTypeSize/H5_SIZEOF___INT64.c:25:12: note: in expansion of macro ‘SIZE’
   ('0' + ((SIZE / 10000)%10)),
            ^
CMakeFiles/cmTC_7109a.dir/build.make:65: recipe for target 'CMakeFiles/cmTC_7109a.dir/H5_SIZEOF___INT64.c.o' failed
make[1]: *** [CMakeFiles/cmTC_7109a.dir/H5_SIZEOF___INT64.c.o] Error 1
make[1]: Leaving directory '/public/liqingxing/PET/ITK/build/CMakeFiles/CMakeTmp'
Makefile:121: recipe for target 'cmTC_7109a/fast' failed
make: *** [cmTC_7109a/fast] Error 2

/public/liqingxing/PET/ITK/build/CMakeFiles/CheckTypeSize/H5_SIZEOF___INT64.c:
#include <sys/types.h>
#include <stdint.h>
#include <stddef.h>


#undef KEY
#if defined(__i386)
# define KEY '_','_','i','3','8','6'
#elif defined(__x86_64)
# define KEY '_','_','x','8','6','_','6','4'
#elif defined(__ppc__)
# define KEY '_','_','p','p','c','_','_'
#elif defined(__ppc64__)
# define KEY '_','_','p','p','c','6','4','_','_'
#elif defined(__aarch64__)
# define KEY '_','_','a','a','r','c','h','6','4','_','_'
#elif defined(__ARM_ARCH_7A__)
# define KEY '_','_','A','R','M','_','A','R','C','H','_','7','A','_','_'
#elif defined(__ARM_ARCH_7S__)
# define KEY '_','_','A','R','M','_','A','R','C','H','_','7','S','_','_'
#endif

#define SIZE (sizeof(__int64))
char info_size[] =  {'I', 'N', 'F', 'O', ':', 's','i','z','e','[',
  ('0' + ((SIZE / 10000)%10)),
  ('0' + ((SIZE / 1000)%10)),
  ('0' + ((SIZE / 100)%10)),
  ('0' + ((SIZE / 10)%10)),
  ('0' +  (SIZE    % 10)),
  ']',
#ifdef KEY
  ' ','k','e','y','[', KEY, ']',
#endif
  '\0'};

#ifdef __CLASSIC_C__
int main(argc, argv) int argc; char *argv[];
#else
int main(int argc, char *argv[])
#endif
{
  int require = 0;
  require += info_size[argc];
  (void)argv;
  return require;
}


Determining if the variable CLOCK_MONOTONIC exists failed with the following output:
Change Dir: /public/liqingxing/PET/ITK/build/CMakeFiles/CMakeTmp

Run Build Command(s):/usr/bin/make cmTC_471f8/fast 
/usr/bin/make -f CMakeFiles/cmTC_471f8.dir/build.make CMakeFiles/cmTC_471f8.dir/build
make[1]: Entering directory '/public/liqingxing/PET/ITK/build/CMakeFiles/CMakeTmp'
Building C object CMakeFiles/cmTC_471f8.dir/CheckVariableExists.c.o
/usr/bin/cc -D_FILE_OFFSET_BITS=64 -D_LARGEFILE64_SOURCE -D_LARGEFILE_SOURCE  -mtune=native -march=corei7 -Wno-uninitialized -Wno-unused-parameter -Wall -Wcast-align -Wdisabled-optimization -Wextra -Wformat=2 -Winvalid-pch -Wno-format-nonliteral -Wpointer-arith -Wshadow -Wunused -Wwrite-strings -funit-at-a-time -Wno-strict-overflow  -w -DCHECK_VARIABLE_EXISTS=CLOCK_MONOTONIC -fPIE   -o CMakeFiles/cmTC_471f8.dir/CheckVariableExists.c.o   -c /opt/cmake-3.14.5/share/cmake-3.14/Modules/CheckVariableExists.c
Linking C executable cmTC_471f8
/opt/cmake-3.14.5/bin/cmake -E cmake_link_script CMakeFiles/cmTC_471f8.dir/link.txt --verbose=1
/usr/bin/cc  -mtune=native -march=corei7 -Wno-uninitialized -Wno-unused-parameter -Wall -Wcast-align -Wdisabled-optimization -Wextra -Wformat=2 -Winvalid-pch -Wno-format-nonliteral -Wpointer-arith -Wshadow -Wunused -Wwrite-strings -funit-at-a-time -Wno-strict-overflow  -w -DCHECK_VARIABLE_EXISTS=CLOCK_MONOTONIC     -fPIE -pie CMakeFiles/cmTC_471f8.dir/CheckVariableExists.c.o  -o cmTC_471f8 -lm -ldl 
CMakeFiles/cmTC_471f8.dir/CheckVariableExists.c.o: In function `main':
CheckVariableExists.c:(.text+0x26): undefined reference to `CLOCK_MONOTONIC'
collect2: error: ld returned 1 exit status
CMakeFiles/cmTC_471f8.dir/build.make:86: recipe for target 'cmTC_471f8' failed
make[1]: *** [cmTC_471f8] Error 1
make[1]: Leaving directory '/public/liqingxing/PET/ITK/build/CMakeFiles/CMakeTmp'
Makefile:121: recipe for target 'cmTC_471f8/fast' failed
make: *** [cmTC_471f8/fast] Error 2


Performing Other Test HAVE___TM_GMTOFF failed with the following output:
Change Dir: /public/liqingxing/PET/ITK/build/CMakeFiles/CMakeTmp

Run Build Command(s):/usr/bin/make cmTC_bdccc/fast 
/usr/bin/make -f CMakeFiles/cmTC_bdccc.dir/build.make CMakeFiles/cmTC_bdccc.dir/build
make[1]: Entering directory '/public/liqingxing/PET/ITK/build/CMakeFiles/CMakeTmp'
Building C object CMakeFiles/cmTC_bdccc.dir/HDFTests.c.o
/usr/bin/cc   -mtune=native -march=corei7 -Wno-uninitialized -Wno-unused-parameter -Wall -Wcast-align -Wdisabled-optimization -Wextra -Wformat=2 -Winvalid-pch -Wno-format-nonliteral -Wpointer-arith -Wshadow -Wunused -Wwrite-strings -funit-at-a-time -Wno-strict-overflow  -w  -fPIE   -DHAVE___TM_GMTOFF  -DHAVE_SYS_TIME_H -DHAVE_UNISTD_H -DHAVE_SYS_TYPES_H -DHAVE_SYS_SOCKET_H -D_FILE_OFFSET_BITS=64 -D_LARGEFILE64_SOURCE -D_LARGEFILE_SOURCE -o CMakeFiles/cmTC_bdccc.dir/HDFTests.c.o   -c /public/liqingxing/PET/ITK/InsightToolkit-5.0.1/Modules/ThirdParty/HDF5/src/itkhdf5/config/cmake_ext_mod/HDFTests.c
/public/liqingxing/PET/ITK/InsightToolkit-5.0.1/Modules/ThirdParty/HDF5/src/itkhdf5/config/cmake_ext_mod/HDFTests.c: In function ‘main’:
/public/liqingxing/PET/ITK/InsightToolkit-5.0.1/Modules/ThirdParty/HDF5/src/itkhdf5/config/cmake_ext_mod/HDFTests.c:181:29: error: ‘struct tm’ has no member named ‘__tm_gmtoff’
 SIMPLE_TEST(struct tm tm; tm.__tm_gmtoff=0);
                             ^
/public/liqingxing/PET/ITK/InsightToolkit-5.0.1/Modules/ThirdParty/HDF5/src/itkhdf5/config/cmake_ext_mod/HDFTests.c:12:36: note: in definition of macro ‘SIMPLE_TEST’
 #define SIMPLE_TEST(x) int main(){ x; return 0; }
                                    ^
CMakeFiles/cmTC_bdccc.dir/build.make:65: recipe for target 'CMakeFiles/cmTC_bdccc.dir/HDFTests.c.o' failed
make[1]: *** [CMakeFiles/cmTC_bdccc.dir/HDFTests.c.o] Error 1
make[1]: Leaving directory '/public/liqingxing/PET/ITK/build/CMakeFiles/CMakeTmp'
Makefile:121: recipe for target 'cmTC_bdccc/fast' failed
make: *** [cmTC_bdccc/fast] Error 2

Performing Other Test HAVE_TM_ZONE failed with the following output:
Change Dir: /public/liqingxing/PET/ITK/build/CMakeFiles/CMakeTmp

Run Build Command(s):/usr/bin/make cmTC_f87c1/fast 
/usr/bin/make -f CMakeFiles/cmTC_f87c1.dir/build.make CMakeFiles/cmTC_f87c1.dir/build
make[1]: Entering directory '/public/liqingxing/PET/ITK/build/CMakeFiles/CMakeTmp'
Building C object CMakeFiles/cmTC_f87c1.dir/HDFTests.c.o
/usr/bin/cc   -mtune=native -march=corei7 -Wno-uninitialized -Wno-unused-parameter -Wall -Wcast-align -Wdisabled-optimization -Wextra -Wformat=2 -Winvalid-pch -Wno-format-nonliteral -Wpointer-arith -Wshadow -Wunused -Wwrite-strings -funit-at-a-time -Wno-strict-overflow  -w  -fPIE   -DHAVE_TM_ZONE  -DHAVE_SYS_TIME_H -DHAVE_UNISTD_H -DHAVE_SYS_TYPES_H -DHAVE_SYS_SOCKET_H -D_FILE_OFFSET_BITS=64 -D_LARGEFILE64_SOURCE -D_LARGEFILE_SOURCE -o CMakeFiles/cmTC_f87c1.dir/HDFTests.c.o   -c /public/liqingxing/PET/ITK/InsightToolkit-5.0.1/Modules/ThirdParty/HDF5/src/itkhdf5/config/cmake_ext_mod/HDFTests.c
Linking C executable cmTC_f87c1
/opt/cmake-3.14.5/bin/cmake -E cmake_link_script CMakeFiles/cmTC_f87c1.dir/link.txt --verbose=1
/usr/bin/cc  -mtune=native -march=corei7 -Wno-uninitialized -Wno-unused-parameter -Wall -Wcast-align -Wdisabled-optimization -Wextra -Wformat=2 -Winvalid-pch -Wno-format-nonliteral -Wpointer-arith -Wshadow -Wunused -Wwrite-strings -funit-at-a-time -Wno-strict-overflow  -w      -fPIE -pie CMakeFiles/cmTC_f87c1.dir/HDFTests.c.o  -o cmTC_f87c1 -lm -ldl 
/usr/lib/gcc/x86_64-linux-gnu/4.8/../../../x86_64-linux-gnu/Scrt1.o: In function `_start':
(.text+0x20): undefined reference to `main'
collect2: error: ld returned 1 exit status
CMakeFiles/cmTC_f87c1.dir/build.make:86: recipe for target 'cmTC_f87c1' failed
make[1]: *** [cmTC_f87c1] Error 1
make[1]: Leaving directory '/public/liqingxing/PET/ITK/build/CMakeFiles/CMakeTmp'
Makefile:121: recipe for target 'cmTC_f87c1/fast' failed
make: *** [cmTC_f87c1/fast] Error 2

Performing Other Test HAVE_STRUCT_TM_TM_ZONE failed with the following output:
Change Dir: /public/liqingxing/PET/ITK/build/CMakeFiles/CMakeTmp

Run Build Command(s):/usr/bin/make cmTC_5cace/fast 
/usr/bin/make -f CMakeFiles/cmTC_5cace.dir/build.make CMakeFiles/cmTC_5cace.dir/build
make[1]: Entering directory '/public/liqingxing/PET/ITK/build/CMakeFiles/CMakeTmp'
Building C object CMakeFiles/cmTC_5cace.dir/HDFTests.c.o
/usr/bin/cc   -mtune=native -march=corei7 -Wno-uninitialized -Wno-unused-parameter -Wall -Wcast-align -Wdisabled-optimization -Wextra -Wformat=2 -Winvalid-pch -Wno-format-nonliteral -Wpointer-arith -Wshadow -Wunused -Wwrite-strings -funit-at-a-time -Wno-strict-overflow  -w  -fPIE   -DHAVE_STRUCT_TM_TM_ZONE  -DHAVE_SYS_TIME_H -DHAVE_UNISTD_H -DHAVE_SYS_TYPES_H -DHAVE_SYS_SOCKET_H -D_FILE_OFFSET_BITS=64 -D_LARGEFILE64_SOURCE -D_LARGEFILE_SOURCE -o CMakeFiles/cmTC_5cace.dir/HDFTests.c.o   -c /public/liqingxing/PET/ITK/InsightToolkit-5.0.1/Modules/ThirdParty/HDF5/src/itkhdf5/config/cmake_ext_mod/HDFTests.c
Linking C executable cmTC_5cace
/opt/cmake-3.14.5/bin/cmake -E cmake_link_script CMakeFiles/cmTC_5cace.dir/link.txt --verbose=1
/usr/bin/cc  -mtune=native -march=corei7 -Wno-uninitialized -Wno-unused-parameter -Wall -Wcast-align -Wdisabled-optimization -Wextra -Wformat=2 -Winvalid-pch -Wno-format-nonliteral -Wpointer-arith -Wshadow -Wunused -Wwrite-strings -funit-at-a-time -Wno-strict-overflow  -w      -fPIE -pie CMakeFiles/cmTC_5cace.dir/HDFTests.c.o  -o cmTC_5cace -lm -ldl 
/usr/lib/gcc/x86_64-linux-gnu/4.8/../../../x86_64-linux-gnu/Scrt1.o: In function `_start':
(.text+0x20): undefined reference to `main'
collect2: error: ld returned 1 exit status
CMakeFiles/cmTC_5cace.dir/build.make:86: recipe for target 'cmTC_5cace' failed
make[1]: *** [cmTC_5cace] Error 1
make[1]: Leaving directory '/public/liqingxing/PET/ITK/build/CMakeFiles/CMakeTmp'
Makefile:121: recipe for target 'cmTC_5cace/fast' failed
make: *** [cmTC_5cace/fast] Error 2

Performing Other Test HAVE_STRUCT_VIDEOCONFIG failed with the following output:
Change Dir: /public/liqingxing/PET/ITK/build/CMakeFiles/CMakeTmp

Run Build Command(s):/usr/bin/make cmTC_225ed/fast 
/usr/bin/make -f CMakeFiles/cmTC_225ed.dir/build.make CMakeFiles/cmTC_225ed.dir/build
make[1]: Entering directory '/public/liqingxing/PET/ITK/build/CMakeFiles/CMakeTmp'
Building C object CMakeFiles/cmTC_225ed.dir/HDFTests.c.o
/usr/bin/cc   -mtune=native -march=corei7 -Wno-uninitialized -Wno-unused-parameter -Wall -Wcast-align -Wdisabled-optimization -Wextra -Wformat=2 -Winvalid-pch -Wno-format-nonliteral -Wpointer-arith -Wshadow -Wunused -Wwrite-strings -funit-at-a-time -Wno-strict-overflow  -w  -fPIE   -DHAVE_STRUCT_VIDEOCONFIG  -DHAVE_SYS_TIME_H -DHAVE_UNISTD_H -DHAVE_SYS_TYPES_H -DHAVE_SYS_SOCKET_H -D_FILE_OFFSET_BITS=64 -D_LARGEFILE64_SOURCE -D_LARGEFILE_SOURCE -o CMakeFiles/cmTC_225ed.dir/HDFTests.c.o   -c /public/liqingxing/PET/ITK/InsightToolkit-5.0.1/Modules/ThirdParty/HDF5/src/itkhdf5/config/cmake_ext_mod/HDFTests.c
/public/liqingxing/PET/ITK/InsightToolkit-5.0.1/Modules/ThirdParty/HDF5/src/itkhdf5/config/cmake_ext_mod/HDFTests.c: In function ‘main’:
/public/liqingxing/PET/ITK/InsightToolkit-5.0.1/Modules/ThirdParty/HDF5/src/itkhdf5/config/cmake_ext_mod/HDFTests.c:437:32: error: storage size of ‘w’ isn’t known
 SIMPLE_TEST(struct videoconfig w; w.numtextcols=0);
                                ^
/public/liqingxing/PET/ITK/InsightToolkit-5.0.1/Modules/ThirdParty/HDF5/src/itkhdf5/config/cmake_ext_mod/HDFTests.c:12:36: note: in definition of macro ‘SIMPLE_TEST’
 #define SIMPLE_TEST(x) int main(){ x; return 0; }
                                    ^
CMakeFiles/cmTC_225ed.dir/build.make:65: recipe for target 'CMakeFiles/cmTC_225ed.dir/HDFTests.c.o' failed
make[1]: *** [CMakeFiles/cmTC_225ed.dir/HDFTests.c.o] Error 1
make[1]: Leaving directory '/public/liqingxing/PET/ITK/build/CMakeFiles/CMakeTmp'
Makefile:121: recipe for target 'cmTC_225ed/fast' failed
make: *** [cmTC_225ed/fast] Error 2

Performing Other Test HAVE_STRUCT_TEXT_INFO failed with the following output:
Change Dir: /public/liqingxing/PET/ITK/build/CMakeFiles/CMakeTmp

Run Build Command(s):/usr/bin/make cmTC_b1094/fast 
/usr/bin/make -f CMakeFiles/cmTC_b1094.dir/build.make CMakeFiles/cmTC_b1094.dir/build
make[1]: Entering directory '/public/liqingxing/PET/ITK/build/CMakeFiles/CMakeTmp'
Building C object CMakeFiles/cmTC_b1094.dir/HDFTests.c.o
/usr/bin/cc   -mtune=native -march=corei7 -Wno-uninitialized -Wno-unused-parameter -Wall -Wcast-align -Wdisabled-optimization -Wextra -Wformat=2 -Winvalid-pch -Wno-format-nonliteral -Wpointer-arith -Wshadow -Wunused -Wwrite-strings -funit-at-a-time -Wno-strict-overflow  -w  -fPIE   -DHAVE_STRUCT_TEXT_INFO  -DHAVE_SYS_TIME_H -DHAVE_UNISTD_H -DHAVE_SYS_TYPES_H -DHAVE_SYS_SOCKET_H -D_FILE_OFFSET_BITS=64 -D_LARGEFILE64_SOURCE -D_LARGEFILE_SOURCE -o CMakeFiles/cmTC_b1094.dir/HDFTests.c.o   -c /public/liqingxing/PET/ITK/InsightToolkit-5.0.1/Modules/ThirdParty/HDF5/src/itkhdf5/config/cmake_ext_mod/HDFTests.c
/public/liqingxing/PET/ITK/InsightToolkit-5.0.1/Modules/ThirdParty/HDF5/src/itkhdf5/config/cmake_ext_mod/HDFTests.c: In function ‘main’:
/public/liqingxing/PET/ITK/InsightToolkit-5.0.1/Modules/ThirdParty/HDF5/src/itkhdf5/config/cmake_ext_mod/HDFTests.c:443:30: error: storage size of ‘w’ isn’t known
 SIMPLE_TEST(struct text_info w; w.screenwidth=0);
                              ^
/public/liqingxing/PET/ITK/InsightToolkit-5.0.1/Modules/ThirdParty/HDF5/src/itkhdf5/config/cmake_ext_mod/HDFTests.c:12:36: note: in definition of macro ‘SIMPLE_TEST’
 #define SIMPLE_TEST(x) int main(){ x; return 0; }
                                    ^
CMakeFiles/cmTC_b1094.dir/build.make:65: recipe for target 'CMakeFiles/cmTC_b1094.dir/HDFTests.c.o' failed
make[1]: *** [CMakeFiles/cmTC_b1094.dir/HDFTests.c.o] Error 1
make[1]: Leaving directory '/public/liqingxing/PET/ITK/build/CMakeFiles/CMakeTmp'
Makefile:121: recipe for target 'cmTC_b1094/fast' failed
make: *** [cmTC_b1094/fast] Error 2

Determining if the function _getvideoconfig exists failed with the following output:
Change Dir: /public/liqingxing/PET/ITK/build/CMakeFiles/CMakeTmp

Run Build Command(s):/usr/bin/make cmTC_cb68e/fast 
/usr/bin/make -f CMakeFiles/cmTC_cb68e.dir/build.make CMakeFiles/cmTC_cb68e.dir/build
make[1]: Entering directory '/public/liqingxing/PET/ITK/build/CMakeFiles/CMakeTmp'
Building C object CMakeFiles/cmTC_cb68e.dir/CheckFunctionExists.c.o
/usr/bin/cc -D_FILE_OFFSET_BITS=64 -D_LARGEFILE64_SOURCE -D_LARGEFILE_SOURCE  -mtune=native -march=corei7 -Wno-uninitialized -Wno-unused-parameter -Wall -Wcast-align -Wdisabled-optimization -Wextra -Wformat=2 -Winvalid-pch -Wno-format-nonliteral -Wpointer-arith -Wshadow -Wunused -Wwrite-strings -funit-at-a-time -Wno-strict-overflow  -w -DCHECK_FUNCTION_EXISTS=_getvideoconfig -fPIE   -o CMakeFiles/cmTC_cb68e.dir/CheckFunctionExists.c.o   -c /opt/cmake-3.14.5/share/cmake-3.14/Modules/CheckFunctionExists.c
Linking C executable cmTC_cb68e
/opt/cmake-3.14.5/bin/cmake -E cmake_link_script CMakeFiles/cmTC_cb68e.dir/link.txt --verbose=1
/usr/bin/cc  -mtune=native -march=corei7 -Wno-uninitialized -Wno-unused-parameter -Wall -Wcast-align -Wdisabled-optimization -Wextra -Wformat=2 -Winvalid-pch -Wno-format-nonliteral -Wpointer-arith -Wshadow -Wunused -Wwrite-strings -funit-at-a-time -Wno-strict-overflow  -w -DCHECK_FUNCTION_EXISTS=_getvideoconfig     -fPIE -pie CMakeFiles/cmTC_cb68e.dir/CheckFunctionExists.c.o  -o cmTC_cb68e -lm -ldl 
CMakeFiles/cmTC_cb68e.dir/CheckFunctionExists.c.o: In function `main':
CheckFunctionExists.c:(.text+0x10): undefined reference to `_getvideoconfig'
collect2: error: ld returned 1 exit status
CMakeFiles/cmTC_cb68e.dir/build.make:86: recipe for target 'cmTC_cb68e' failed
make[1]: *** [cmTC_cb68e] Error 1
make[1]: Leaving directory '/public/liqingxing/PET/ITK/build/CMakeFiles/CMakeTmp'
Makefile:121: recipe for target 'cmTC_cb68e/fast' failed
make: *** [cmTC_cb68e/fast] Error 2


Determining if the function gettextinfo exists failed with the following output:
Change Dir: /public/liqingxing/PET/ITK/build/CMakeFiles/CMakeTmp

Run Build Command(s):/usr/bin/make cmTC_c20d3/fast 
/usr/bin/make -f CMakeFiles/cmTC_c20d3.dir/build.make CMakeFiles/cmTC_c20d3.dir/build
make[1]: Entering directory '/public/liqingxing/PET/ITK/build/CMakeFiles/CMakeTmp'
Building C object CMakeFiles/cmTC_c20d3.dir/CheckFunctionExists.c.o
/usr/bin/cc -D_FILE_OFFSET_BITS=64 -D_LARGEFILE64_SOURCE -D_LARGEFILE_SOURCE  -mtune=native -march=corei7 -Wno-uninitialized -Wno-unused-parameter -Wall -Wcast-align -Wdisabled-optimization -Wextra -Wformat=2 -Winvalid-pch -Wno-format-nonliteral -Wpointer-arith -Wshadow -Wunused -Wwrite-strings -funit-at-a-time -Wno-strict-overflow  -w -DCHECK_FUNCTION_EXISTS=gettextinfo -fPIE   -o CMakeFiles/cmTC_c20d3.dir/CheckFunctionExists.c.o   -c /opt/cmake-3.14.5/share/cmake-3.14/Modules/CheckFunctionExists.c
Linking C executable cmTC_c20d3
/opt/cmake-3.14.5/bin/cmake -E cmake_link_script CMakeFiles/cmTC_c20d3.dir/link.txt --verbose=1
/usr/bin/cc  -mtune=native -march=corei7 -Wno-uninitialized -Wno-unused-parameter -Wall -Wcast-align -Wdisabled-optimization -Wextra -Wformat=2 -Winvalid-pch -Wno-format-nonliteral -Wpointer-arith -Wshadow -Wunused -Wwrite-strings -funit-at-a-time -Wno-strict-overflow  -w -DCHECK_FUNCTION_EXISTS=gettextinfo     -fPIE -pie CMakeFiles/cmTC_c20d3.dir/CheckFunctionExists.c.o  -o cmTC_c20d3 -lm -ldl 
CMakeFiles/cmTC_c20d3.dir/CheckFunctionExists.c.o: In function `main':
CheckFunctionExists.c:(.text+0x10): undefined reference to `gettextinfo'
collect2: error: ld returned 1 exit status
CMakeFiles/cmTC_c20d3.dir/build.make:86: recipe for target 'cmTC_c20d3' failed
make[1]: *** [cmTC_c20d3] Error 1
make[1]: Leaving directory '/public/liqingxing/PET/ITK/build/CMakeFiles/CMakeTmp'
Makefile:121: recipe for target 'cmTC_c20d3/fast' failed
make: *** [cmTC_c20d3/fast] Error 2


Determining if the function _scrsize exists failed with the following output:
Change Dir: /public/liqingxing/PET/ITK/build/CMakeFiles/CMakeTmp

Run Build Command(s):/usr/bin/make cmTC_c157a/fast 
/usr/bin/make -f CMakeFiles/cmTC_c157a.dir/build.make CMakeFiles/cmTC_c157a.dir/build
make[1]: Entering directory '/public/liqingxing/PET/ITK/build/CMakeFiles/CMakeTmp'
Building C object CMakeFiles/cmTC_c157a.dir/CheckFunctionExists.c.o
/usr/bin/cc -D_FILE_OFFSET_BITS=64 -D_LARGEFILE64_SOURCE -D_LARGEFILE_SOURCE  -mtune=native -march=corei7 -Wno-uninitialized -Wno-unused-parameter -Wall -Wcast-align -Wdisabled-optimization -Wextra -Wformat=2 -Winvalid-pch -Wno-format-nonliteral -Wpointer-arith -Wshadow -Wunused -Wwrite-strings -funit-at-a-time -Wno-strict-overflow  -w -DCHECK_FUNCTION_EXISTS=_scrsize -fPIE   -o CMakeFiles/cmTC_c157a.dir/CheckFunctionExists.c.o   -c /opt/cmake-3.14.5/share/cmake-3.14/Modules/CheckFunctionExists.c
Linking C executable cmTC_c157a
/opt/cmake-3.14.5/bin/cmake -E cmake_link_script CMakeFiles/cmTC_c157a.dir/link.txt --verbose=1
/usr/bin/cc  -mtune=native -march=corei7 -Wno-uninitialized -Wno-unused-parameter -Wall -Wcast-align -Wdisabled-optimization -Wextra -Wformat=2 -Winvalid-pch -Wno-format-nonliteral -Wpointer-arith -Wshadow -Wunused -Wwrite-strings -funit-at-a-time -Wno-strict-overflow  -w -DCHECK_FUNCTION_EXISTS=_scrsize     -fPIE -pie CMakeFiles/cmTC_c157a.dir/CheckFunctionExists.c.o  -o cmTC_c157a -lm -ldl 
CMakeFiles/cmTC_c157a.dir/CheckFunctionExists.c.o: In function `main':
CheckFunctionExists.c:(.text+0x10): undefined reference to `_scrsize'
collect2: error: ld returned 1 exit status
CMakeFiles/cmTC_c157a.dir/build.make:86: recipe for target 'cmTC_c157a' failed
make[1]: *** [cmTC_c157a] Error 1
make[1]: Leaving directory '/public/liqingxing/PET/ITK/build/CMakeFiles/CMakeTmp'
Makefile:121: recipe for target 'cmTC_c157a/fast' failed
make: *** [cmTC_c157a/fast] Error 2


Determining if the function GetConsoleScreenBufferInfo exists failed with the following output:
Change Dir: /public/liqingxing/PET/ITK/build/CMakeFiles/CMakeTmp

Run Build Command(s):/usr/bin/make cmTC_498be/fast 
/usr/bin/make -f CMakeFiles/cmTC_498be.dir/build.make CMakeFiles/cmTC_498be.dir/build
make[1]: Entering directory '/public/liqingxing/PET/ITK/build/CMakeFiles/CMakeTmp'
Building C object CMakeFiles/cmTC_498be.dir/CheckFunctionExists.c.o
/usr/bin/cc -D_FILE_OFFSET_BITS=64 -D_LARGEFILE64_SOURCE -D_LARGEFILE_SOURCE  -mtune=native -march=corei7 -Wno-uninitialized -Wno-unused-parameter -Wall -Wcast-align -Wdisabled-optimization -Wextra -Wformat=2 -Winvalid-pch -Wno-format-nonliteral -Wpointer-arith -Wshadow -Wunused -Wwrite-strings -funit-at-a-time -Wno-strict-overflow  -w -DCHECK_FUNCTION_EXISTS=GetConsoleScreenBufferInfo -fPIE   -o CMakeFiles/cmTC_498be.dir/CheckFunctionExists.c.o   -c /opt/cmake-3.14.5/share/cmake-3.14/Modules/CheckFunctionExists.c
Linking C executable cmTC_498be
/opt/cmake-3.14.5/bin/cmake -E cmake_link_script CMakeFiles/cmTC_498be.dir/link.txt --verbose=1
/usr/bin/cc  -mtune=native -march=corei7 -Wno-uninitialized -Wno-unused-parameter -Wall -Wcast-align -Wdisabled-optimization -Wextra -Wformat=2 -Winvalid-pch -Wno-format-nonliteral -Wpointer-arith -Wshadow -Wunused -Wwrite-strings -funit-at-a-time -Wno-strict-overflow  -w -DCHECK_FUNCTION_EXISTS=GetConsoleScreenBufferInfo     -fPIE -pie CMakeFiles/cmTC_498be.dir/CheckFunctionExists.c.o  -o cmTC_498be -lm -ldl 
CMakeFiles/cmTC_498be.dir/CheckFunctionExists.c.o: In function `main':
CheckFunctionExists.c:(.text+0x10): undefined reference to `GetConsoleScreenBufferInfo'
collect2: error: ld returned 1 exit status
CMakeFiles/cmTC_498be.dir/build.make:86: recipe for target 'cmTC_498be' failed
make[1]: *** [cmTC_498be] Error 1
make[1]: Leaving directory '/public/liqingxing/PET/ITK/build/CMakeFiles/CMakeTmp'
Makefile:121: recipe for target 'cmTC_498be/fast' failed
make: *** [cmTC_498be/fast] Error 2


Determining if the function setsysinfo exists failed with the following output:
Change Dir: /public/liqingxing/PET/ITK/build/CMakeFiles/CMakeTmp

Run Build Command(s):/usr/bin/make cmTC_dba51/fast 
/usr/bin/make -f CMakeFiles/cmTC_dba51.dir/build.make CMakeFiles/cmTC_dba51.dir/build
make[1]: Entering directory '/public/liqingxing/PET/ITK/build/CMakeFiles/CMakeTmp'
Building C object CMakeFiles/cmTC_dba51.dir/CheckFunctionExists.c.o
/usr/bin/cc -D_FILE_OFFSET_BITS=64 -D_LARGEFILE64_SOURCE -D_LARGEFILE_SOURCE  -mtune=native -march=corei7 -Wno-uninitialized -Wno-unused-parameter -Wall -Wcast-align -Wdisabled-optimization -Wextra -Wformat=2 -Winvalid-pch -Wno-format-nonliteral -Wpointer-arith -Wshadow -Wunused -Wwrite-strings -funit-at-a-time -Wno-strict-overflow  -w -DCHECK_FUNCTION_EXISTS=setsysinfo -fPIE   -o CMakeFiles/cmTC_dba51.dir/CheckFunctionExists.c.o   -c /opt/cmake-3.14.5/share/cmake-3.14/Modules/CheckFunctionExists.c
Linking C executable cmTC_dba51
/opt/cmake-3.14.5/bin/cmake -E cmake_link_script CMakeFiles/cmTC_dba51.dir/link.txt --verbose=1
/usr/bin/cc  -mtune=native -march=corei7 -Wno-uninitialized -Wno-unused-parameter -Wall -Wcast-align -Wdisabled-optimization -Wextra -Wformat=2 -Winvalid-pch -Wno-format-nonliteral -Wpointer-arith -Wshadow -Wunused -Wwrite-strings -funit-at-a-time -Wno-strict-overflow  -w -DCHECK_FUNCTION_EXISTS=setsysinfo     -fPIE -pie CMakeFiles/cmTC_dba51.dir/CheckFunctionExists.c.o  -o cmTC_dba51 -lm -ldl 
CMakeFiles/cmTC_dba51.dir/CheckFunctionExists.c.o: In function `main':
CheckFunctionExists.c:(.text+0x10): undefined reference to `setsysinfo'
collect2: error: ld returned 1 exit status
CMakeFiles/cmTC_dba51.dir/build.make:86: recipe for target 'cmTC_dba51' failed
make[1]: *** [cmTC_dba51] Error 1
make[1]: Leaving directory '/public/liqingxing/PET/ITK/build/CMakeFiles/CMakeTmp'
Makefile:121: recipe for target 'cmTC_dba51/fast' failed
make: *** [cmTC_dba51/fast] Error 2


Determining if the function sigsetjmp exists failed with the following output:
Change Dir: /public/liqingxing/PET/ITK/build/CMakeFiles/CMakeTmp

Run Build Command(s):/usr/bin/make cmTC_30429/fast 
/usr/bin/make -f CMakeFiles/cmTC_30429.dir/build.make CMakeFiles/cmTC_30429.dir/build
make[1]: Entering directory '/public/liqingxing/PET/ITK/build/CMakeFiles/CMakeTmp'
Building C object CMakeFiles/cmTC_30429.dir/CheckFunctionExists.c.o
/usr/bin/cc -D_FILE_OFFSET_BITS=64 -D_LARGEFILE64_SOURCE -D_LARGEFILE_SOURCE  -mtune=native -march=corei7 -Wno-uninitialized -Wno-unused-parameter -Wall -Wcast-align -Wdisabled-optimization -Wextra -Wformat=2 -Winvalid-pch -Wno-format-nonliteral -Wpointer-arith -Wshadow -Wunused -Wwrite-strings -funit-at-a-time -Wno-strict-overflow  -w -DCHECK_FUNCTION_EXISTS=sigsetjmp -fPIE   -o CMakeFiles/cmTC_30429.dir/CheckFunctionExists.c.o   -c /opt/cmake-3.14.5/share/cmake-3.14/Modules/CheckFunctionExists.c
Linking C executable cmTC_30429
/opt/cmake-3.14.5/bin/cmake -E cmake_link_script CMakeFiles/cmTC_30429.dir/link.txt --verbose=1
/usr/bin/cc  -mtune=native -march=corei7 -Wno-uninitialized -Wno-unused-parameter -Wall -Wcast-align -Wdisabled-optimization -Wextra -Wformat=2 -Winvalid-pch -Wno-format-nonliteral -Wpointer-arith -Wshadow -Wunused -Wwrite-strings -funit-at-a-time -Wno-strict-overflow  -w -DCHECK_FUNCTION_EXISTS=sigsetjmp     -fPIE -pie CMakeFiles/cmTC_30429.dir/CheckFunctionExists.c.o  -o cmTC_30429 -lm -ldl 
CMakeFiles/cmTC_30429.dir/CheckFunctionExists.c.o: In function `main':
CheckFunctionExists.c:(.text+0x10): undefined reference to `sigsetjmp'
collect2: error: ld returned 1 exit status
CMakeFiles/cmTC_30429.dir/build.make:86: recipe for target 'cmTC_30429' failed
make[1]: *** [cmTC_30429] Error 1
make[1]: Leaving directory '/public/liqingxing/PET/ITK/build/CMakeFiles/CMakeTmp'
Makefile:121: recipe for target 'cmTC_30429/fast' failed
make: *** [cmTC_30429/fast] Error 2


Determining if the function clock_gettime exists in the posix4 failed with the following output:
Change Dir: /public/liqingxing/PET/ITK/build/CMakeFiles/CMakeTmp

Run Build Command(s):/usr/bin/make cmTC_7afd9/fast 
/usr/bin/make -f CMakeFiles/cmTC_7afd9.dir/build.make CMakeFiles/cmTC_7afd9.dir/build
make[1]: Entering directory '/public/liqingxing/PET/ITK/build/CMakeFiles/CMakeTmp'
Building C object CMakeFiles/cmTC_7afd9.dir/CheckFunctionExists.c.o
/usr/bin/cc -D_FILE_OFFSET_BITS=64 -D_LARGEFILE64_SOURCE -D_LARGEFILE_SOURCE  -mtune=native -march=corei7 -Wno-uninitialized -Wno-unused-parameter -Wall -Wcast-align -Wdisabled-optimization -Wextra -Wformat=2 -Winvalid-pch -Wno-format-nonliteral -Wpointer-arith -Wshadow -Wunused -Wwrite-strings -funit-at-a-time -Wno-strict-overflow  -w -DCHECK_FUNCTION_EXISTS=clock_gettime -fPIE   -o CMakeFiles/cmTC_7afd9.dir/CheckFunctionExists.c.o   -c /opt/cmake-3.14.5/share/cmake-3.14/Modules/CheckFunctionExists.c
Linking C executable cmTC_7afd9
/opt/cmake-3.14.5/bin/cmake -E cmake_link_script CMakeFiles/cmTC_7afd9.dir/link.txt --verbose=1
/usr/bin/cc  -mtune=native -march=corei7 -Wno-uninitialized -Wno-unused-parameter -Wall -Wcast-align -Wdisabled-optimization -Wextra -Wformat=2 -Winvalid-pch -Wno-format-nonliteral -Wpointer-arith -Wshadow -Wunused -Wwrite-strings -funit-at-a-time -Wno-strict-overflow  -w -DCHECK_FUNCTION_EXISTS=clock_gettime     -fPIE -pie CMakeFiles/cmTC_7afd9.dir/CheckFunctionExists.c.o  -o cmTC_7afd9 -lposix4 -lm -ldl 
/usr/bin/ld: cannot find -lposix4
collect2: error: ld returned 1 exit status
CMakeFiles/cmTC_7afd9.dir/build.make:86: recipe for target 'cmTC_7afd9' failed
make[1]: *** [cmTC_7afd9] Error 1
make[1]: Leaving directory '/public/liqingxing/PET/ITK/build/CMakeFiles/CMakeTmp'
Makefile:121: recipe for target 'cmTC_7afd9/fast' failed
make: *** [cmTC_7afd9/fast] Error 2


Determining size of _Quad failed with the following output:
Change Dir: /public/liqingxing/PET/ITK/build/CMakeFiles/CMakeTmp

Run Build Command(s):/usr/bin/make cmTC_49468/fast 
/usr/bin/make -f CMakeFiles/cmTC_49468.dir/build.make CMakeFiles/cmTC_49468.dir/build
make[1]: Entering directory '/public/liqingxing/PET/ITK/build/CMakeFiles/CMakeTmp'
Building C object CMakeFiles/cmTC_49468.dir/H5_SIZEOF__QUAD.c.o
/usr/bin/cc -D_FILE_OFFSET_BITS=64 -D_LARGEFILE64_SOURCE  -mtune=native -march=corei7 -Wno-uninitialized -Wno-unused-parameter -Wall -Wcast-align -Wdisabled-optimization -Wextra -Wformat=2 -Winvalid-pch -Wno-format-nonliteral -Wpointer-arith -Wshadow -Wunused -Wwrite-strings -funit-at-a-time -Wno-strict-overflow  -w  -fPIE   -D_LARGEFILE_SOURCE -D_GNU_SOURCE -o CMakeFiles/cmTC_49468.dir/H5_SIZEOF__QUAD.c.o   -c /public/liqingxing/PET/ITK/build/CMakeFiles/CheckTypeSize/H5_SIZEOF__QUAD.c
/public/liqingxing/PET/ITK/build/CMakeFiles/CheckTypeSize/H5_SIZEOF__QUAD.c:23:22: error: ‘_Quad’ undeclared here (not in a function)
 #define SIZE (sizeof(_Quad))
                      ^
/public/liqingxing/PET/ITK/build/CMakeFiles/CheckTypeSize/H5_SIZEOF__QUAD.c:25:12: note: in expansion of macro ‘SIZE’
   ('0' + ((SIZE / 10000)%10)),
            ^
CMakeFiles/cmTC_49468.dir/build.make:65: recipe for target 'CMakeFiles/cmTC_49468.dir/H5_SIZEOF__QUAD.c.o' failed
make[1]: *** [CMakeFiles/cmTC_49468.dir/H5_SIZEOF__QUAD.c.o] Error 1
make[1]: Leaving directory '/public/liqingxing/PET/ITK/build/CMakeFiles/CMakeTmp'
Makefile:121: recipe for target 'cmTC_49468/fast' failed
make: *** [cmTC_49468/fast] Error 2

/public/liqingxing/PET/ITK/build/CMakeFiles/CheckTypeSize/H5_SIZEOF__QUAD.c:
#include <sys/types.h>
#include <stdint.h>
#include <stddef.h>


#undef KEY
#if defined(__i386)
# define KEY '_','_','i','3','8','6'
#elif defined(__x86_64)
# define KEY '_','_','x','8','6','_','6','4'
#elif defined(__ppc__)
# define KEY '_','_','p','p','c','_','_'
#elif defined(__ppc64__)
# define KEY '_','_','p','p','c','6','4','_','_'
#elif defined(__aarch64__)
# define KEY '_','_','a','a','r','c','h','6','4','_','_'
#elif defined(__ARM_ARCH_7A__)
# define KEY '_','_','A','R','M','_','A','R','C','H','_','7','A','_','_'
#elif defined(__ARM_ARCH_7S__)
# define KEY '_','_','A','R','M','_','A','R','C','H','_','7','S','_','_'
#endif

#define SIZE (sizeof(_Quad))
char info_size[] =  {'I', 'N', 'F', 'O', ':', 's','i','z','e','[',
  ('0' + ((SIZE / 10000)%10)),
  ('0' + ((SIZE / 1000)%10)),
  ('0' + ((SIZE / 100)%10)),
  ('0' + ((SIZE / 10)%10)),
  ('0' +  (SIZE    % 10)),
  ']',
#ifdef KEY
  ' ','k','e','y','[', KEY, ']',
#endif
  '\0'};

#ifdef __CLASSIC_C__
int main(argc, argv) int argc; char *argv[];
#else
int main(int argc, char *argv[])
#endif
{
  int require = 0;
  require += info_size[argc];
  (void)argv;
  return require;
}


Test H5_LDOUBLE_TO_LONG_SPECIAL Compile failed with the following output:
 Change Dir: /public/liqingxing/PET/ITK/build/CMakeFiles/CMakeTmp

Run Build Command(s):/usr/bin/make cmTC_2b7eb/fast 
/usr/bin/make -f CMakeFiles/cmTC_2b7eb.dir/build.make CMakeFiles/cmTC_2b7eb.dir/build
make[1]: Entering directory '/public/liqingxing/PET/ITK/build/CMakeFiles/CMakeTmp'
Building C object CMakeFiles/cmTC_2b7eb.dir/ConversionTests.c.o
/usr/bin/cc   -mtune=native -march=corei7 -Wno-uninitialized -Wno-unused-parameter -Wall -Wcast-align -Wdisabled-optimization -Wextra -Wformat=2 -Winvalid-pch -Wno-format-nonliteral -Wpointer-arith -Wshadow -Wunused -Wwrite-strings -funit-at-a-time -Wno-strict-overflow  -w -DH5_LDOUBLE_TO_LONG_SPECIAL_TEST -fPIE   -o CMakeFiles/cmTC_2b7eb.dir/ConversionTests.c.o   -c /public/liqingxing/PET/ITK/InsightToolkit-5.0.1/Modules/ThirdParty/HDF5/src/itkhdf5/config/cmake/ConversionTests.c
/public/liqingxing/PET/ITK/InsightToolkit-5.0.1/Modules/ThirdParty/HDF5/src/itkhdf5/config/cmake/ConversionTests.c:12:1: error: expected identifier or ‘(’ before ‘+’ token
 +
 ^
In file included from /public/liqingxing/PET/ITK/InsightToolkit-5.0.1/Modules/ThirdParty/HDF5/src/itkhdf5/config/cmake/ConversionTests.c:25:0:
/usr/include/string.h:43:8: error: unknown type name ‘size_t’
        size_t __n) __THROW __nonnull ((1, 2));
        ^
/usr/include/string.h:46:56: error: unknown type name ‘size_t’
 extern void *memmove (void *__dest, const void *__src, size_t __n)
                                                        ^
/usr/include/string.h:55:18: error: unknown type name ‘size_t’
         int __c, size_t __n)
                  ^
/usr/include/string.h:62:42: error: unknown type name ‘size_t’
 extern void *memset (void *__s, int __c, size_t __n) __THROW __nonnull ((1));
                                          ^
/usr/include/string.h:65:56: error: unknown type name ‘size_t’
 extern int memcmp (const void *__s1, const void *__s2, size_t __n)
                                                        ^
/usr/include/string.h:92:48: error: unknown type name ‘size_t’
 extern void *memchr (const void *__s, int __c, size_t __n)
                                                ^
/usr/include/string.h:129:39: error: unknown type name ‘size_t’
         const char *__restrict __src, size_t __n)
                                       ^
/usr/include/string.h:137:9: error: unknown type name ‘size_t’
         size_t __n) __THROW __nonnull ((1, 2));
         ^
/usr/include/string.h:143:57: error: unknown type name ‘size_t’
 extern int strncmp (const char *__s1, const char *__s2, size_t __n)
                                                         ^
/usr/include/string.h:150:1: error: unknown type name ‘size_t’
 extern size_t strxfrm (char *__restrict __dest,
 ^
/usr/include/string.h:151:40: error: unknown type name ‘size_t’
          const char *__restrict __src, size_t __n)
                                        ^
In file included from /public/liqingxing/PET/ITK/InsightToolkit-5.0.1/Modules/ThirdParty/HDF5/src/itkhdf5/config/cmake/ConversionTests.c:25:0:
/usr/include/string.h:165:1: error: unknown type name ‘size_t’
 extern size_t strxfrm_l (char *__dest, const char *__src, size_t __n,
 ^
/usr/include/string.h:165:59: error: unknown type name ‘size_t’
 extern size_t strxfrm_l (char *__dest, const char *__src, size_t __n,
                                                           ^
/usr/include/string.h:179:45: error: unknown type name ‘size_t’
 extern char *strndup (const char *__string, size_t __n)
                                             ^
/usr/include/string.h:280:1: error: unknown type name ‘size_t’
 extern size_t strcspn (const char *__s, const char *__reject)
 ^
/usr/include/string.h:284:1: error: unknown type name ‘size_t’
 extern size_t strspn (const char *__s, const char *__accept)
 ^
/usr/include/string.h:394:1: error: unknown type name ‘size_t’
 extern size_t strlen (const char *__s)
 ^
/usr/include/string.h:401:1: error: unknown type name ‘size_t’
 extern size_t strnlen (const char *__string, size_t __maxlen)
 ^
/usr/include/string.h:401:46: error: unknown type name ‘size_t’
 extern size_t strnlen (const char *__string, size_t __maxlen)
                                              ^
In file included from /usr/include/features.h:367:0,
                 from /usr/include/string.h:25,
                 from /public/liqingxing/PET/ITK/InsightToolkit-5.0.1/Modules/ThirdParty/HDF5/src/itkhdf5/config/cmake/ConversionTests.c:25:
/usr/include/string.h:422:12: error: unknown type name ‘size_t’
 extern int __REDIRECT_NTH (strerror_r,
            ^
In file included from /public/liqingxing/PET/ITK/InsightToolkit-5.0.1/Modules/ThirdParty/HDF5/src/itkhdf5/config/cmake/ConversionTests.c:25:0:
/usr/include/string.h:446:33: error: unknown type name ‘size_t’
 extern void __bzero (void *__s, size_t __n) __THROW __nonnull ((1));
                                 ^
/usr/include/string.h:450:53: error: unknown type name ‘size_t’
 extern void bcopy (const void *__src, void *__dest, size_t __n)
                                                     ^
/usr/include/string.h:454:31: error: unknown type name ‘size_t’
 extern void bzero (void *__s, size_t __n) __THROW __nonnull ((1));
                               ^
/usr/include/string.h:457:54: error: unknown type name ‘size_t’
 extern int bcmp (const void *__s1, const void *__s2, size_t __n)
                                                      ^
/usr/include/string.h:533:61: error: unknown type name ‘size_t’
 extern int strncasecmp (const char *__s1, const char *__s2, size_t __n)
                                                             ^
/usr/include/string.h:570:34: error: unknown type name ‘size_t’
    const char *__restrict __src, size_t __n)
                                  ^
/usr/include/string.h:573:39: error: unknown type name ‘size_t’
         const char *__restrict __src, size_t __n)
                                       ^
In file included from /public/liqingxing/PET/ITK/InsightToolkit-5.0.1/Modules/ThirdParty/HDF5/src/itkhdf5/config/cmake/ConversionTests.c:26:0:
/usr/include/stdlib.h:139:1: error: unknown type name ‘size_t’
 extern size_t __ctype_get_mb_cur_max (void) __THROW __wur;
 ^
In file included from /public/liqingxing/PET/ITK/InsightToolkit-5.0.1/Modules/ThirdParty/HDF5/src/itkhdf5/config/cmake/ConversionTests.c:26:0:
/usr/include/stdlib.h:331:4: error: unknown type name ‘size_t’
    size_t __statelen) __THROW __nonnull ((2));
    ^
/usr/include/stdlib.h:361:4: error: unknown type name ‘size_t’
    size_t __statelen,
    ^
/usr/include/stdlib.h:466:22: error: unknown type name ‘size_t’
 extern void *malloc (size_t __size) __THROW __attribute_malloc__ __wur;
                      ^
/usr/include/stdlib.h:468:22: error: unknown type name ‘size_t’
 extern void *calloc (size_t __nmemb, size_t __size)
                      ^
/usr/include/stdlib.h:468:38: error: unknown type name ‘size_t’
 extern void *calloc (size_t __nmemb, size_t __size)
                                      ^
/usr/include/stdlib.h:480:36: error: unknown type name ‘size_t’
 extern void *realloc (void *__ptr, size_t __size)
                                    ^
In file included from /usr/include/stdlib.h:492:0,
                 from /public/liqingxing/PET/ITK/InsightToolkit-5.0.1/Modules/ThirdParty/HDF5/src/itkhdf5/config/cmake/ConversionTests.c:26:
/usr/include/alloca.h:32:22: error: unknown type name ‘size_t’
 extern void *alloca (size_t __size) __THROW;
                      ^
In file included from /public/liqingxing/PET/ITK/InsightToolkit-5.0.1/Modules/ThirdParty/HDF5/src/itkhdf5/config/cmake/ConversionTests.c:26:0:
/usr/include/stdlib.h:498:22: error: unknown type name ‘size_t’
 extern void *valloc (size_t __size) __THROW __attribute_malloc__ __wur;
                      ^
/usr/include/stdlib.h:503:45: error: unknown type name ‘size_t’
 extern int posix_memalign (void **__memptr, size_t __alignment, size_t __size)
                                             ^
/usr/include/stdlib.h:503:65: error: unknown type name ‘size_t’
 extern int posix_memalign (void **__memptr, size_t __alignment, size_t __size)
                                                                 ^
/usr/include/stdlib.h:755:9: error: unknown type name ‘size_t’
         size_t __nmemb, size_t __size, __compar_fn_t __compar)
         ^
/usr/include/stdlib.h:755:25: error: unknown type name ‘size_t’
         size_t __nmemb, size_t __size, __compar_fn_t __compar)
                         ^
/usr/include/stdlib.h:764:34: error: unknown type name ‘size_t’
 extern void qsort (void *__base, size_t __nmemb, size_t __size,
                                  ^
/usr/include/stdlib.h:764:50: error: unknown type name ‘size_t’
 extern void qsort (void *__base, size_t __nmemb, size_t __size,
                                                  ^
/usr/include/stdlib.h:843:6: error: unknown type name ‘size_t’
      size_t __len) __THROW __nonnull ((3, 4, 5));
      ^
/usr/include/stdlib.h:846:6: error: unknown type name ‘size_t’
      size_t __len) __THROW __nonnull ((3, 4, 5));
      ^
/usr/include/stdlib.h:850:31: error: unknown type name ‘size_t’
       char *__restrict __buf, size_t __len)
                               ^
/usr/include/stdlib.h:854:31: error: unknown type name ‘size_t’
       char *__restrict __buf, size_t __len)
                               ^
/usr/include/stdlib.h:862:36: error: unknown type name ‘size_t’
 extern int mblen (const char *__s, size_t __n) __THROW;
                                    ^
/usr/include/stdlib.h:866:34: error: unknown type name ‘size_t’
      const char *__restrict __s, size_t __n) __THROW;
                                  ^
/usr/include/stdlib.h:873:1: error: unknown type name ‘size_t’
 extern size_t mbstowcs (wchar_t *__restrict  __pwcs,
 ^
/usr/include/stdlib.h:874:32: error: unknown type name ‘size_t’
    const char *__restrict __s, size_t __n) __THROW;
                                ^
/usr/include/stdlib.h:876:1: error: unknown type name ‘size_t’
 extern size_t wcstombs (char *__restrict __s,
 ^
/usr/include/stdlib.h:877:38: error: unknown type name ‘size_t’
    const wchar_t *__restrict __pwcs, size_t __n)
                                      ^
CMakeFiles/cmTC_2b7eb.dir/build.make:65: recipe for target 'CMakeFiles/cmTC_2b7eb.dir/ConversionTests.c.o' failed
make[1]: *** [CMakeFiles/cmTC_2b7eb.dir/ConversionTests.c.o] Error 1
make[1]: Leaving directory '/public/liqingxing/PET/ITK/build/CMakeFiles/CMakeTmp'
Makefile:121: recipe for target 'cmTC_2b7eb/fast' failed
make: *** [cmTC_2b7eb/fast] Error 2

Test H5_LONG_TO_LDOUBLE_SPECIAL Compile failed with the following output:
 Change Dir: /public/liqingxing/PET/ITK/build/CMakeFiles/CMakeTmp

Run Build Command(s):/usr/bin/make cmTC_18494/fast 
/usr/bin/make -f CMakeFiles/cmTC_18494.dir/build.make CMakeFiles/cmTC_18494.dir/build
make[1]: Entering directory '/public/liqingxing/PET/ITK/build/CMakeFiles/CMakeTmp'
Building C object CMakeFiles/cmTC_18494.dir/ConversionTests.c.o
/usr/bin/cc   -mtune=native -march=corei7 -Wno-uninitialized -Wno-unused-parameter -Wall -Wcast-align -Wdisabled-optimization -Wextra -Wformat=2 -Winvalid-pch -Wno-format-nonliteral -Wpointer-arith -Wshadow -Wunused -Wwrite-strings -funit-at-a-time -Wno-strict-overflow  -w -DH5_LONG_TO_LDOUBLE_SPECIAL_TEST -fPIE   -o CMakeFiles/cmTC_18494.dir/ConversionTests.c.o   -c /public/liqingxing/PET/ITK/InsightToolkit-5.0.1/Modules/ThirdParty/HDF5/src/itkhdf5/config/cmake/ConversionTests.c
/public/liqingxing/PET/ITK/InsightToolkit-5.0.1/Modules/ThirdParty/HDF5/src/itkhdf5/config/cmake/ConversionTests.c:12:1: error: expected identifier or ‘(’ before ‘+’ token
 +
 ^
In file included from /public/liqingxing/PET/ITK/InsightToolkit-5.0.1/Modules/ThirdParty/HDF5/src/itkhdf5/config/cmake/ConversionTests.c:86:0:
/usr/include/string.h:43:8: error: unknown type name ‘size_t’
        size_t __n) __THROW __nonnull ((1, 2));
        ^
/usr/include/string.h:46:56: error: unknown type name ‘size_t’
 extern void *memmove (void *__dest, const void *__src, size_t __n)
                                                        ^
/usr/include/string.h:55:18: error: unknown type name ‘size_t’
         int __c, size_t __n)
                  ^
/usr/include/string.h:62:42: error: unknown type name ‘size_t’
 extern void *memset (void *__s, int __c, size_t __n) __THROW __nonnull ((1));
                                          ^
/usr/include/string.h:65:56: error: unknown type name ‘size_t’
 extern int memcmp (const void *__s1, const void *__s2, size_t __n)
                                                        ^
/usr/include/string.h:92:48: error: unknown type name ‘size_t’
 extern void *memchr (const void *__s, int __c, size_t __n)
                                                ^
/usr/include/string.h:129:39: error: unknown type name ‘size_t’
         const char *__restrict __src, size_t __n)
                                       ^
/usr/include/string.h:137:9: error: unknown type name ‘size_t’
         size_t __n) __THROW __nonnull ((1, 2));
         ^
/usr/include/string.h:143:57: error: unknown type name ‘size_t’
 extern int strncmp (const char *__s1, const char *__s2, size_t __n)
                                                         ^
/usr/include/string.h:150:1: error: unknown type name ‘size_t’
 extern size_t strxfrm (char *__restrict __dest,
 ^
/usr/include/string.h:151:40: error: unknown type name ‘size_t’
          const char *__restrict __src, size_t __n)
                                        ^
In file included from /public/liqingxing/PET/ITK/InsightToolkit-5.0.1/Modules/ThirdParty/HDF5/src/itkhdf5/config/cmake/ConversionTests.c:86:0:
/usr/include/string.h:165:1: error: unknown type name ‘size_t’
 extern size_t strxfrm_l (char *__dest, const char *__src, size_t __n,
 ^
/usr/include/string.h:165:59: error: unknown type name ‘size_t’
 extern size_t strxfrm_l (char *__dest, const char *__src, size_t __n,
                                                           ^
/usr/include/string.h:179:45: error: unknown type name ‘size_t’
 extern char *strndup (const char *__string, size_t __n)
                                             ^
/usr/include/string.h:280:1: error: unknown type name ‘size_t’
 extern size_t strcspn (const char *__s, const char *__reject)
 ^
/usr/include/string.h:284:1: error: unknown type name ‘size_t’
 extern size_t strspn (const char *__s, const char *__accept)
 ^
/usr/include/string.h:394:1: error: unknown type name ‘size_t’
 extern size_t strlen (const char *__s)
 ^
/usr/include/string.h:401:1: error: unknown type name ‘size_t’
 extern size_t strnlen (const char *__string, size_t __maxlen)
 ^
/usr/include/string.h:401:46: error: unknown type name ‘size_t’
 extern size_t strnlen (const char *__string, size_t __maxlen)
                                              ^
In file included from /usr/include/features.h:367:0,
                 from /usr/include/string.h:25,
                 from /public/liqingxing/PET/ITK/InsightToolkit-5.0.1/Modules/ThirdParty/HDF5/src/itkhdf5/config/cmake/ConversionTests.c:86:
/usr/include/string.h:422:12: error: unknown type name ‘size_t’
 extern int __REDIRECT_NTH (strerror_r,
            ^
In file included from /public/liqingxing/PET/ITK/InsightToolkit-5.0.1/Modules/ThirdParty/HDF5/src/itkhdf5/config/cmake/ConversionTests.c:86:0:
/usr/include/string.h:446:33: error: unknown type name ‘size_t’
 extern void __bzero (void *__s, size_t __n) __THROW __nonnull ((1));
                                 ^
/usr/include/string.h:450:53: error: unknown type name ‘size_t’
 extern void bcopy (const void *__src, void *__dest, size_t __n)
                                                     ^
/usr/include/string.h:454:31: error: unknown type name ‘size_t’
 extern void bzero (void *__s, size_t __n) __THROW __nonnull ((1));
                               ^
/usr/include/string.h:457:54: error: unknown type name ‘size_t’
 extern int bcmp (const void *__s1, const void *__s2, size_t __n)
                                                      ^
/usr/include/string.h:533:61: error: unknown type name ‘size_t’
 extern int strncasecmp (const char *__s1, const char *__s2, size_t __n)
                                                             ^
/usr/include/string.h:570:34: error: unknown type name ‘size_t’
    const char *__restrict __src, size_t __n)
                                  ^
/usr/include/string.h:573:39: error: unknown type name ‘size_t’
         const char *__restrict __src, size_t __n)
                                       ^
In file included from /public/liqingxing/PET/ITK/InsightToolkit-5.0.1/Modules/ThirdParty/HDF5/src/itkhdf5/config/cmake/ConversionTests.c:87:0:
/usr/include/stdlib.h:139:1: error: unknown type name ‘size_t’
 extern size_t __ctype_get_mb_cur_max (void) __THROW __wur;
 ^
In file included from /public/liqingxing/PET/ITK/InsightToolkit-5.0.1/Modules/ThirdParty/HDF5/src/itkhdf5/config/cmake/ConversionTests.c:87:0:
/usr/include/stdlib.h:331:4: error: unknown type name ‘size_t’
    size_t __statelen) __THROW __nonnull ((2));
    ^
/usr/include/stdlib.h:361:4: error: unknown type name ‘size_t’
    size_t __statelen,
    ^
/usr/include/stdlib.h:466:22: error: unknown type name ‘size_t’
 extern void *malloc (size_t __size) __THROW __attribute_malloc__ __wur;
                      ^
/usr/include/stdlib.h:468:22: error: unknown type name ‘size_t’
 extern void *calloc (size_t __nmemb, size_t __size)
                      ^
/usr/include/stdlib.h:468:38: error: unknown type name ‘size_t’
 extern void *calloc (size_t __nmemb, size_t __size)
                                      ^
/usr/include/stdlib.h:480:36: error: unknown type name ‘size_t’
 extern void *realloc (void *__ptr, size_t __size)
                                    ^
In file included from /usr/include/stdlib.h:492:0,
                 from /public/liqingxing/PET/ITK/InsightToolkit-5.0.1/Modules/ThirdParty/HDF5/src/itkhdf5/config/cmake/ConversionTests.c:87:
/usr/include/alloca.h:32:22: error: unknown type name ‘size_t’
 extern void *alloca (size_t __size) __THROW;
                      ^
In file included from /public/liqingxing/PET/ITK/InsightToolkit-5.0.1/Modules/ThirdParty/HDF5/src/itkhdf5/config/cmake/ConversionTests.c:87:0:
/usr/include/stdlib.h:498:22: error: unknown type name ‘size_t’
 extern void *valloc (size_t __size) __THROW __attribute_malloc__ __wur;
                      ^
/usr/include/stdlib.h:503:45: error: unknown type name ‘size_t’
 extern int posix_memalign (void **__memptr, size_t __alignment, size_t __size)
                                             ^
/usr/include/stdlib.h:503:65: error: unknown type name ‘size_t’
 extern int posix_memalign (void **__memptr, size_t __alignment, size_t __size)
                                                                 ^
/usr/include/stdlib.h:755:9: error: unknown type name ‘size_t’
         size_t __nmemb, size_t __size, __compar_fn_t __compar)
         ^
/usr/include/stdlib.h:755:25: error: unknown type name ‘size_t’
         size_t __nmemb, size_t __size, __compar_fn_t __compar)
                         ^
/usr/include/stdlib.h:764:34: error: unknown type name ‘size_t’
 extern void qsort (void *__base, size_t __nmemb, size_t __size,
                                  ^
/usr/include/stdlib.h:764:50: error: unknown type name ‘size_t’
 extern void qsort (void *__base, size_t __nmemb, size_t __size,
                                                  ^
/usr/include/stdlib.h:843:6: error: unknown type name ‘size_t’
      size_t __len) __THROW __nonnull ((3, 4, 5));
      ^
/usr/include/stdlib.h:846:6: error: unknown type name ‘size_t’
      size_t __len) __THROW __nonnull ((3, 4, 5));
      ^
/usr/include/stdlib.h:850:31: error: unknown type name ‘size_t’
       char *__restrict __buf, size_t __len)
                               ^
/usr/include/stdlib.h:854:31: error: unknown type name ‘size_t’
       char *__restrict __buf, size_t __len)
                               ^
/usr/include/stdlib.h:862:36: error: unknown type name ‘size_t’
 extern int mblen (const char *__s, size_t __n) __THROW;
                                    ^
/usr/include/stdlib.h:866:34: error: unknown type name ‘size_t’
      const char *__restrict __s, size_t __n) __THROW;
                                  ^
/usr/include/stdlib.h:873:1: error: unknown type name ‘size_t’
 extern size_t mbstowcs (wchar_t *__restrict  __pwcs,
 ^
/usr/include/stdlib.h:874:32: error: unknown type name ‘size_t’
    const char *__restrict __s, size_t __n) __THROW;
                                ^
/usr/include/stdlib.h:876:1: error: unknown type name ‘size_t’
 extern size_t wcstombs (char *__restrict __s,
 ^
/usr/include/stdlib.h:877:38: error: unknown type name ‘size_t’
    const wchar_t *__restrict __pwcs, size_t __n)
                                      ^
CMakeFiles/cmTC_18494.dir/build.make:65: recipe for target 'CMakeFiles/cmTC_18494.dir/ConversionTests.c.o' failed
make[1]: *** [CMakeFiles/cmTC_18494.dir/ConversionTests.c.o] Error 1
make[1]: Leaving directory '/public/liqingxing/PET/ITK/build/CMakeFiles/CMakeTmp'
Makefile:121: recipe for target 'cmTC_18494/fast' failed
make: *** [cmTC_18494/fast] Error 2

Test H5_LDOUBLE_TO_LLONG_ACCURATE Compile failed with the following output:
 Change Dir: /public/liqingxing/PET/ITK/build/CMakeFiles/CMakeTmp

Run Build Command(s):/usr/bin/make cmTC_bb30e/fast 
/usr/bin/make -f CMakeFiles/cmTC_bb30e.dir/build.make CMakeFiles/cmTC_bb30e.dir/build
make[1]: Entering directory '/public/liqingxing/PET/ITK/build/CMakeFiles/CMakeTmp'
Building C object CMakeFiles/cmTC_bb30e.dir/ConversionTests.c.o
/usr/bin/cc   -mtune=native -march=corei7 -Wno-uninitialized -Wno-unused-parameter -Wall -Wcast-align -Wdisabled-optimization -Wextra -Wformat=2 -Winvalid-pch -Wno-format-nonliteral -Wpointer-arith -Wshadow -Wunused -Wwrite-strings -funit-at-a-time -Wno-strict-overflow  -w -DH5_LDOUBLE_TO_LLONG_ACCURATE_TEST -fPIE   -o CMakeFiles/cmTC_bb30e.dir/ConversionTests.c.o   -c /public/liqingxing/PET/ITK/InsightToolkit-5.0.1/Modules/ThirdParty/HDF5/src/itkhdf5/config/cmake/ConversionTests.c
/public/liqingxing/PET/ITK/InsightToolkit-5.0.1/Modules/ThirdParty/HDF5/src/itkhdf5/config/cmake/ConversionTests.c:12:1: error: expected identifier or ‘(’ before ‘+’ token
 +
 ^
In file included from /public/liqingxing/PET/ITK/InsightToolkit-5.0.1/Modules/ThirdParty/HDF5/src/itkhdf5/config/cmake/ConversionTests.c:149:0:
/usr/include/string.h:43:8: error: unknown type name ‘size_t’
        size_t __n) __THROW __nonnull ((1, 2));
        ^
/usr/include/string.h:46:56: error: unknown type name ‘size_t’
 extern void *memmove (void *__dest, const void *__src, size_t __n)
                                                        ^
/usr/include/string.h:55:18: error: unknown type name ‘size_t’
         int __c, size_t __n)
                  ^
/usr/include/string.h:62:42: error: unknown type name ‘size_t’
 extern void *memset (void *__s, int __c, size_t __n) __THROW __nonnull ((1));
                                          ^
/usr/include/string.h:65:56: error: unknown type name ‘size_t’
 extern int memcmp (const void *__s1, const void *__s2, size_t __n)
                                                        ^
/usr/include/string.h:92:48: error: unknown type name ‘size_t’
 extern void *memchr (const void *__s, int __c, size_t __n)
                                                ^
/usr/include/string.h:129:39: error: unknown type name ‘size_t’
         const char *__restrict __src, size_t __n)
                                       ^
/usr/include/string.h:137:9: error: unknown type name ‘size_t’
         size_t __n) __THROW __nonnull ((1, 2));
         ^
/usr/include/string.h:143:57: error: unknown type name ‘size_t’
 extern int strncmp (const char *__s1, const char *__s2, size_t __n)
                                                         ^
/usr/include/string.h:150:1: error: unknown type name ‘size_t’
 extern size_t strxfrm (char *__restrict __dest,
 ^
/usr/include/string.h:151:40: error: unknown type name ‘size_t’
          const char *__restrict __src, size_t __n)
                                        ^
In file included from /public/liqingxing/PET/ITK/InsightToolkit-5.0.1/Modules/ThirdParty/HDF5/src/itkhdf5/config/cmake/ConversionTests.c:149:0:
/usr/include/string.h:165:1: error: unknown type name ‘size_t’
 extern size_t strxfrm_l (char *__dest, const char *__src, size_t __n,
 ^
/usr/include/string.h:165:59: error: unknown type name ‘size_t’
 extern size_t strxfrm_l (char *__dest, const char *__src, size_t __n,
                                                           ^
/usr/include/string.h:179:45: error: unknown type name ‘size_t’
 extern char *strndup (const char *__string, size_t __n)
                                             ^
/usr/include/string.h:280:1: error: unknown type name ‘size_t’
 extern size_t strcspn (const char *__s, const char *__reject)
 ^
/usr/include/string.h:284:1: error: unknown type name ‘size_t’
 extern size_t strspn (const char *__s, const char *__accept)
 ^
/usr/include/string.h:394:1: error: unknown type name ‘size_t’
 extern size_t strlen (const char *__s)
 ^
/usr/include/string.h:401:1: error: unknown type name ‘size_t’
 extern size_t strnlen (const char *__string, size_t __maxlen)
 ^
/usr/include/string.h:401:46: error: unknown type name ‘size_t’
 extern size_t strnlen (const char *__string, size_t __maxlen)
                                              ^
In file included from /usr/include/features.h:367:0,
                 from /usr/include/string.h:25,
                 from /public/liqingxing/PET/ITK/InsightToolkit-5.0.1/Modules/ThirdParty/HDF5/src/itkhdf5/config/cmake/ConversionTests.c:149:
/usr/include/string.h:422:12: error: unknown type name ‘size_t’
 extern int __REDIRECT_NTH (strerror_r,
            ^
In file included from /public/liqingxing/PET/ITK/InsightToolkit-5.0.1/Modules/ThirdParty/HDF5/src/itkhdf5/config/cmake/ConversionTests.c:149:0:
/usr/include/string.h:446:33: error: unknown type name ‘size_t’
 extern void __bzero (void *__s, size_t __n) __THROW __nonnull ((1));
                                 ^
/usr/include/string.h:450:53: error: unknown type name ‘size_t’
 extern void bcopy (const void *__src, void *__dest, size_t __n)
                                                     ^
/usr/include/string.h:454:31: error: unknown type name ‘size_t’
 extern void bzero (void *__s, size_t __n) __THROW __nonnull ((1));
                               ^
/usr/include/string.h:457:54: error: unknown type name ‘size_t’
 extern int bcmp (const void *__s1, const void *__s2, size_t __n)
                                                      ^
/usr/include/string.h:533:61: error: unknown type name ‘size_t’
 extern int strncasecmp (const char *__s1, const char *__s2, size_t __n)
                                                             ^
/usr/include/string.h:570:34: error: unknown type name ‘size_t’
    const char *__restrict __src, size_t __n)
                                  ^
/usr/include/string.h:573:39: error: unknown type name ‘size_t’
         const char *__restrict __src, size_t __n)
                                       ^
In file included from /public/liqingxing/PET/ITK/InsightToolkit-5.0.1/Modules/ThirdParty/HDF5/src/itkhdf5/config/cmake/ConversionTests.c:150:0:
/usr/include/stdlib.h:139:1: error: unknown type name ‘size_t’
 extern size_t __ctype_get_mb_cur_max (void) __THROW __wur;
 ^
In file included from /public/liqingxing/PET/ITK/InsightToolkit-5.0.1/Modules/ThirdParty/HDF5/src/itkhdf5/config/cmake/ConversionTests.c:150:0:
/usr/include/stdlib.h:331:4: error: unknown type name ‘size_t’
    size_t __statelen) __THROW __nonnull ((2));
    ^
/usr/include/stdlib.h:361:4: error: unknown type name ‘size_t’
    size_t __statelen,
    ^
/usr/include/stdlib.h:466:22: error: unknown type name ‘size_t’
 extern void *malloc (size_t __size) __THROW __attribute_malloc__ __wur;
                      ^
/usr/include/stdlib.h:468:22: error: unknown type name ‘size_t’
 extern void *calloc (size_t __nmemb, size_t __size)
                      ^
/usr/include/stdlib.h:468:38: error: unknown type name ‘size_t’
 extern void *calloc (size_t __nmemb, size_t __size)
                                      ^
/usr/include/stdlib.h:480:36: error: unknown type name ‘size_t’
 extern void *realloc (void *__ptr, size_t __size)
                                    ^
In file included from /usr/include/stdlib.h:492:0,
                 from /public/liqingxing/PET/ITK/InsightToolkit-5.0.1/Modules/ThirdParty/HDF5/src/itkhdf5/config/cmake/ConversionTests.c:150:
/usr/include/alloca.h:32:22: error: unknown type name ‘size_t’
 extern void *alloca (size_t __size) __THROW;
                      ^
In file included from /public/liqingxing/PET/ITK/InsightToolkit-5.0.1/Modules/ThirdParty/HDF5/src/itkhdf5/config/cmake/ConversionTests.c:150:0:
/usr/include/stdlib.h:498:22: error: unknown type name ‘size_t’
 extern void *valloc (size_t __size) __THROW __attribute_malloc__ __wur;
                      ^
/usr/include/stdlib.h:503:45: error: unknown type name ‘size_t’
 extern int posix_memalign (void **__memptr, size_t __alignment, size_t __size)
                                             ^
/usr/include/stdlib.h:503:65: error: unknown type name ‘size_t’
 extern int posix_memalign (void **__memptr, size_t __alignment, size_t __size)
                                                                 ^
/usr/include/stdlib.h:755:9: error: unknown type name ‘size_t’
         size_t __nmemb, size_t __size, __compar_fn_t __compar)
         ^
/usr/include/stdlib.h:755:25: error: unknown type name ‘size_t’
         size_t __nmemb, size_t __size, __compar_fn_t __compar)
                         ^
/usr/include/stdlib.h:764:34: error: unknown type name ‘size_t’
 extern void qsort (void *__base, size_t __nmemb, size_t __size,
                                  ^
/usr/include/stdlib.h:764:50: error: unknown type name ‘size_t’
 extern void qsort (void *__base, size_t __nmemb, size_t __size,
                                                  ^
/usr/include/stdlib.h:843:6: error: unknown type name ‘size_t’
      size_t __len) __THROW __nonnull ((3, 4, 5));
      ^
/usr/include/stdlib.h:846:6: error: unknown type name ‘size_t’
      size_t __len) __THROW __nonnull ((3, 4, 5));
      ^
/usr/include/stdlib.h:850:31: error: unknown type name ‘size_t’
       char *__restrict __buf, size_t __len)
                               ^
/usr/include/stdlib.h:854:31: error: unknown type name ‘size_t’
       char *__restrict __buf, size_t __len)
                               ^
/usr/include/stdlib.h:862:36: error: unknown type name ‘size_t’
 extern int mblen (const char *__s, size_t __n) __THROW;
                                    ^
/usr/include/stdlib.h:866:34: error: unknown type name ‘size_t’
      const char *__restrict __s, size_t __n) __THROW;
                                  ^
/usr/include/stdlib.h:873:1: error: unknown type name ‘size_t’
 extern size_t mbstowcs (wchar_t *__restrict  __pwcs,
 ^
/usr/include/stdlib.h:874:32: error: unknown type name ‘size_t’
    const char *__restrict __s, size_t __n) __THROW;
                                ^
/usr/include/stdlib.h:876:1: error: unknown type name ‘size_t’
 extern size_t wcstombs (char *__restrict __s,
 ^
/usr/include/stdlib.h:877:38: error: unknown type name ‘size_t’
    const wchar_t *__restrict __pwcs, size_t __n)
                                      ^
CMakeFiles/cmTC_bb30e.dir/build.make:65: recipe for target 'CMakeFiles/cmTC_bb30e.dir/ConversionTests.c.o' failed
make[1]: *** [CMakeFiles/cmTC_bb30e.dir/ConversionTests.c.o] Error 1
make[1]: Leaving directory '/public/liqingxing/PET/ITK/build/CMakeFiles/CMakeTmp'
Makefile:121: recipe for target 'cmTC_bb30e/fast' failed
make: *** [cmTC_bb30e/fast] Error 2

Test H5_LLONG_TO_LDOUBLE_CORRECT Compile failed with the following output:
 Change Dir: /public/liqingxing/PET/ITK/build/CMakeFiles/CMakeTmp

Run Build Command(s):/usr/bin/make cmTC_32ce8/fast 
/usr/bin/make -f CMakeFiles/cmTC_32ce8.dir/build.make CMakeFiles/cmTC_32ce8.dir/build
make[1]: Entering directory '/public/liqingxing/PET/ITK/build/CMakeFiles/CMakeTmp'
Building C object CMakeFiles/cmTC_32ce8.dir/ConversionTests.c.o
/usr/bin/cc   -mtune=native -march=corei7 -Wno-uninitialized -Wno-unused-parameter -Wall -Wcast-align -Wdisabled-optimization -Wextra -Wformat=2 -Winvalid-pch -Wno-format-nonliteral -Wpointer-arith -Wshadow -Wunused -Wwrite-strings -funit-at-a-time -Wno-strict-overflow  -w -DH5_LLONG_TO_LDOUBLE_CORRECT_TEST -fPIE   -o CMakeFiles/cmTC_32ce8.dir/ConversionTests.c.o   -c /public/liqingxing/PET/ITK/InsightToolkit-5.0.1/Modules/ThirdParty/HDF5/src/itkhdf5/config/cmake/ConversionTests.c
/public/liqingxing/PET/ITK/InsightToolkit-5.0.1/Modules/ThirdParty/HDF5/src/itkhdf5/config/cmake/ConversionTests.c:12:1: error: expected identifier or ‘(’ before ‘+’ token
 +
 ^
In file included from /public/liqingxing/PET/ITK/InsightToolkit-5.0.1/Modules/ThirdParty/HDF5/src/itkhdf5/config/cmake/ConversionTests.c:192:0:
/usr/include/string.h:43:8: error: unknown type name ‘size_t’
        size_t __n) __THROW __nonnull ((1, 2));
        ^
/usr/include/string.h:46:56: error: unknown type name ‘size_t’
 extern void *memmove (void *__dest, const void *__src, size_t __n)
                                                        ^
/usr/include/string.h:55:18: error: unknown type name ‘size_t’
         int __c, size_t __n)
                  ^
/usr/include/string.h:62:42: error: unknown type name ‘size_t’
 extern void *memset (void *__s, int __c, size_t __n) __THROW __nonnull ((1));
                                          ^
/usr/include/string.h:65:56: error: unknown type name ‘size_t’
 extern int memcmp (const void *__s1, const void *__s2, size_t __n)
                                                        ^
/usr/include/string.h:92:48: error: unknown type name ‘size_t’
 extern void *memchr (const void *__s, int __c, size_t __n)
                                                ^
/usr/include/string.h:129:39: error: unknown type name ‘size_t’
         const char *__restrict __src, size_t __n)
                                       ^
/usr/include/string.h:137:9: error: unknown type name ‘size_t’
         size_t __n) __THROW __nonnull ((1, 2));
         ^
/usr/include/string.h:143:57: error: unknown type name ‘size_t’
 extern int strncmp (const char *__s1, const char *__s2, size_t __n)
                                                         ^
/usr/include/string.h:150:1: error: unknown type name ‘size_t’
 extern size_t strxfrm (char *__restrict __dest,
 ^
/usr/include/string.h:151:40: error: unknown type name ‘size_t’
          const char *__restrict __src, size_t __n)
                                        ^
In file included from /public/liqingxing/PET/ITK/InsightToolkit-5.0.1/Modules/ThirdParty/HDF5/src/itkhdf5/config/cmake/ConversionTests.c:192:0:
/usr/include/string.h:165:1: error: unknown type name ‘size_t’
 extern size_t strxfrm_l (char *__dest, const char *__src, size_t __n,
 ^
/usr/include/string.h:165:59: error: unknown type name ‘size_t’
 extern size_t strxfrm_l (char *__dest, const char *__src, size_t __n,
                                                           ^
/usr/include/string.h:179:45: error: unknown type name ‘size_t’
 extern char *strndup (const char *__string, size_t __n)
                                             ^
/usr/include/string.h:280:1: error: unknown type name ‘size_t’
 extern size_t strcspn (const char *__s, const char *__reject)
 ^
/usr/include/string.h:284:1: error: unknown type name ‘size_t’
 extern size_t strspn (const char *__s, const char *__accept)
 ^
/usr/include/string.h:394:1: error: unknown type name ‘size_t’
 extern size_t strlen (const char *__s)
 ^
/usr/include/string.h:401:1: error: unknown type name ‘size_t’
 extern size_t strnlen (const char *__string, size_t __maxlen)
 ^
/usr/include/string.h:401:46: error: unknown type name ‘size_t’
 extern size_t strnlen (const char *__string, size_t __maxlen)
                                              ^
In file included from /usr/include/features.h:367:0,
                 from /usr/include/string.h:25,
                 from /public/liqingxing/PET/ITK/InsightToolkit-5.0.1/Modules/ThirdParty/HDF5/src/itkhdf5/config/cmake/ConversionTests.c:192:
/usr/include/string.h:422:12: error: unknown type name ‘size_t’
 extern int __REDIRECT_NTH (strerror_r,
            ^
In file included from /public/liqingxing/PET/ITK/InsightToolkit-5.0.1/Modules/ThirdParty/HDF5/src/itkhdf5/config/cmake/ConversionTests.c:192:0:
/usr/include/string.h:446:33: error: unknown type name ‘size_t’
 extern void __bzero (void *__s, size_t __n) __THROW __nonnull ((1));
                                 ^
/usr/include/string.h:450:53: error: unknown type name ‘size_t’
 extern void bcopy (const void *__src, void *__dest, size_t __n)
                                                     ^
/usr/include/string.h:454:31: error: unknown type name ‘size_t’
 extern void bzero (void *__s, size_t __n) __THROW __nonnull ((1));
                               ^
/usr/include/string.h:457:54: error: unknown type name ‘size_t’
 extern int bcmp (const void *__s1, const void *__s2, size_t __n)
                                                      ^
/usr/include/string.h:533:61: error: unknown type name ‘size_t’
 extern int strncasecmp (const char *__s1, const char *__s2, size_t __n)
                                                             ^
/usr/include/string.h:570:34: error: unknown type name ‘size_t’
    const char *__restrict __src, size_t __n)
                                  ^
/usr/include/string.h:573:39: error: unknown type name ‘size_t’
         const char *__restrict __src, size_t __n)
                                       ^
In file included from /public/liqingxing/PET/ITK/InsightToolkit-5.0.1/Modules/ThirdParty/HDF5/src/itkhdf5/config/cmake/ConversionTests.c:193:0:
/usr/include/stdlib.h:139:1: error: unknown type name ‘size_t’
 extern size_t __ctype_get_mb_cur_max (void) __THROW __wur;
 ^
In file included from /public/liqingxing/PET/ITK/InsightToolkit-5.0.1/Modules/ThirdParty/HDF5/src/itkhdf5/config/cmake/ConversionTests.c:193:0:
/usr/include/stdlib.h:331:4: error: unknown type name ‘size_t’
    size_t __statelen) __THROW __nonnull ((2));
    ^
/usr/include/stdlib.h:361:4: error: unknown type name ‘size_t’
    size_t __statelen,
    ^
/usr/include/stdlib.h:466:22: error: unknown type name ‘size_t’
 extern void *malloc (size_t __size) __THROW __attribute_malloc__ __wur;
                      ^
/usr/include/stdlib.h:468:22: error: unknown type name ‘size_t’
 extern void *calloc (size_t __nmemb, size_t __size)
                      ^
/usr/include/stdlib.h:468:38: error: unknown type name ‘size_t’
 extern void *calloc (size_t __nmemb, size_t __size)
                                      ^
/usr/include/stdlib.h:480:36: error: unknown type name ‘size_t’
 extern void *realloc (void *__ptr, size_t __size)
                                    ^
In file included from /usr/include/stdlib.h:492:0,
                 from /public/liqingxing/PET/ITK/InsightToolkit-5.0.1/Modules/ThirdParty/HDF5/src/itkhdf5/config/cmake/ConversionTests.c:193:
/usr/include/alloca.h:32:22: error: unknown type name ‘size_t’
 extern void *alloca (size_t __size) __THROW;
                      ^
In file included from /public/liqingxing/PET/ITK/InsightToolkit-5.0.1/Modules/ThirdParty/HDF5/src/itkhdf5/config/cmake/ConversionTests.c:193:0:
/usr/include/stdlib.h:498:22: error: unknown type name ‘size_t’
 extern void *valloc (size_t __size) __THROW __attribute_malloc__ __wur;
                      ^
/usr/include/stdlib.h:503:45: error: unknown type name ‘size_t’
 extern int posix_memalign (void **__memptr, size_t __alignment, size_t __size)
                                             ^
/usr/include/stdlib.h:503:65: error: unknown type name ‘size_t’
 extern int posix_memalign (void **__memptr, size_t __alignment, size_t __size)
                                                                 ^
/usr/include/stdlib.h:755:9: error: unknown type name ‘size_t’
         size_t __nmemb, size_t __size, __compar_fn_t __compar)
         ^
/usr/include/stdlib.h:755:25: error: unknown type name ‘size_t’
         size_t __nmemb, size_t __size, __compar_fn_t __compar)
                         ^
/usr/include/stdlib.h:764:34: error: unknown type name ‘size_t’
 extern void qsort (void *__base, size_t __nmemb, size_t __size,
                                  ^
/usr/include/stdlib.h:764:50: error: unknown type name ‘size_t’
 extern void qsort (void *__base, size_t __nmemb, size_t __size,
                                                  ^
/usr/include/stdlib.h:843:6: error: unknown type name ‘size_t’
      size_t __len) __THROW __nonnull ((3, 4, 5));
      ^
/usr/include/stdlib.h:846:6: error: unknown type name ‘size_t’
      size_t __len) __THROW __nonnull ((3, 4, 5));
      ^
/usr/include/stdlib.h:850:31: error: unknown type name ‘size_t’
       char *__restrict __buf, size_t __len)
                               ^
/usr/include/stdlib.h:854:31: error: unknown type name ‘size_t’
       char *__restrict __buf, size_t __len)
                               ^
/usr/include/stdlib.h:862:36: error: unknown type name ‘size_t’
 extern int mblen (const char *__s, size_t __n) __THROW;
                                    ^
/usr/include/stdlib.h:866:34: error: unknown type name ‘size_t’
      const char *__restrict __s, size_t __n) __THROW;
                                  ^
/usr/include/stdlib.h:873:1: error: unknown type name ‘size_t’
 extern size_t mbstowcs (wchar_t *__restrict  __pwcs,
 ^
/usr/include/stdlib.h:874:32: error: unknown type name ‘size_t’
    const char *__restrict __s, size_t __n) __THROW;
                                ^
/usr/include/stdlib.h:876:1: error: unknown type name ‘size_t’
 extern size_t wcstombs (char *__restrict __s,
 ^
/usr/include/stdlib.h:877:38: error: unknown type name ‘size_t’
    const wchar_t *__restrict __pwcs, size_t __n)
                                      ^
CMakeFiles/cmTC_32ce8.dir/build.make:65: recipe for target 'CMakeFiles/cmTC_32ce8.dir/ConversionTests.c.o' failed
make[1]: *** [CMakeFiles/cmTC_32ce8.dir/ConversionTests.c.o] Error 1
make[1]: Leaving directory '/public/liqingxing/PET/ITK/build/CMakeFiles/CMakeTmp'
Makefile:121: recipe for target 'cmTC_32ce8/fast' failed
make: *** [cmTC_32ce8/fast] Error 2

Test H5_NO_ALIGNMENT_RESTRICTIONS Compile failed with the following output:
 Change Dir: /public/liqingxing/PET/ITK/build/CMakeFiles/CMakeTmp

Run Build Command(s):/usr/bin/make cmTC_45809/fast 
/usr/bin/make -f CMakeFiles/cmTC_45809.dir/build.make CMakeFiles/cmTC_45809.dir/build
make[1]: Entering directory '/public/liqingxing/PET/ITK/build/CMakeFiles/CMakeTmp'
Building C object CMakeFiles/cmTC_45809.dir/ConversionTests.c.o
/usr/bin/cc   -mtune=native -march=corei7 -Wno-uninitialized -Wno-unused-parameter -Wall -Wcast-align -Wdisabled-optimization -Wextra -Wformat=2 -Winvalid-pch -Wno-format-nonliteral -Wpointer-arith -Wshadow -Wunused -Wwrite-strings -funit-at-a-time -Wno-strict-overflow  -w -DH5_NO_ALIGNMENT_RESTRICTIONS_TEST -fPIE   -o CMakeFiles/cmTC_45809.dir/ConversionTests.c.o   -c /public/liqingxing/PET/ITK/InsightToolkit-5.0.1/Modules/ThirdParty/HDF5/src/itkhdf5/config/cmake/ConversionTests.c
/public/liqingxing/PET/ITK/InsightToolkit-5.0.1/Modules/ThirdParty/HDF5/src/itkhdf5/config/cmake/ConversionTests.c:12:1: error: expected identifier or ‘(’ before ‘+’ token
 +
 ^
In file included from /public/liqingxing/PET/ITK/InsightToolkit-5.0.1/Modules/ThirdParty/HDF5/src/itkhdf5/config/cmake/ConversionTests.c:239:0:
/usr/include/stdlib.h:139:1: error: unknown type name ‘size_t’
 extern size_t __ctype_get_mb_cur_max (void) __THROW __wur;
 ^
In file included from /public/liqingxing/PET/ITK/InsightToolkit-5.0.1/Modules/ThirdParty/HDF5/src/itkhdf5/config/cmake/ConversionTests.c:239:0:
/usr/include/stdlib.h:331:4: error: unknown type name ‘size_t’
    size_t __statelen) __THROW __nonnull ((2));
    ^
/usr/include/stdlib.h:361:4: error: unknown type name ‘size_t’
    size_t __statelen,
    ^
/usr/include/stdlib.h:466:22: error: unknown type name ‘size_t’
 extern void *malloc (size_t __size) __THROW __attribute_malloc__ __wur;
                      ^
/usr/include/stdlib.h:468:22: error: unknown type name ‘size_t’
 extern void *calloc (size_t __nmemb, size_t __size)
                      ^
/usr/include/stdlib.h:468:38: error: unknown type name ‘size_t’
 extern void *calloc (size_t __nmemb, size_t __size)
                                      ^
/usr/include/stdlib.h:480:36: error: unknown type name ‘size_t’
 extern void *realloc (void *__ptr, size_t __size)
                                    ^
In file included from /usr/include/stdlib.h:492:0,
                 from /public/liqingxing/PET/ITK/InsightToolkit-5.0.1/Modules/ThirdParty/HDF5/src/itkhdf5/config/cmake/ConversionTests.c:239:
/usr/include/alloca.h:32:22: error: unknown type name ‘size_t’
 extern void *alloca (size_t __size) __THROW;
                      ^
In file included from /public/liqingxing/PET/ITK/InsightToolkit-5.0.1/Modules/ThirdParty/HDF5/src/itkhdf5/config/cmake/ConversionTests.c:239:0:
/usr/include/stdlib.h:498:22: error: unknown type name ‘size_t’
 extern void *valloc (size_t __size) __THROW __attribute_malloc__ __wur;
                      ^
/usr/include/stdlib.h:503:45: error: unknown type name ‘size_t’
 extern int posix_memalign (void **__memptr, size_t __alignment, size_t __size)
                                             ^
/usr/include/stdlib.h:503:65: error: unknown type name ‘size_t’
 extern int posix_memalign (void **__memptr, size_t __alignment, size_t __size)
                                                                 ^
/usr/include/stdlib.h:755:9: error: unknown type name ‘size_t’
         size_t __nmemb, size_t __size, __compar_fn_t __compar)
         ^
/usr/include/stdlib.h:755:25: error: unknown type name ‘size_t’
         size_t __nmemb, size_t __size, __compar_fn_t __compar)
                         ^
/usr/include/stdlib.h:764:34: error: unknown type name ‘size_t’
 extern void qsort (void *__base, size_t __nmemb, size_t __size,
                                  ^
/usr/include/stdlib.h:764:50: error: unknown type name ‘size_t’
 extern void qsort (void *__base, size_t __nmemb, size_t __size,
                                                  ^
/usr/include/stdlib.h:843:6: error: unknown type name ‘size_t’
      size_t __len) __THROW __nonnull ((3, 4, 5));
      ^
/usr/include/stdlib.h:846:6: error: unknown type name ‘size_t’
      size_t __len) __THROW __nonnull ((3, 4, 5));
      ^
/usr/include/stdlib.h:850:31: error: unknown type name ‘size_t’
       char *__restrict __buf, size_t __len)
                               ^
/usr/include/stdlib.h:854:31: error: unknown type name ‘size_t’
       char *__restrict __buf, size_t __len)
                               ^
/usr/include/stdlib.h:862:36: error: unknown type name ‘size_t’
 extern int mblen (const char *__s, size_t __n) __THROW;
                                    ^
/usr/include/stdlib.h:866:34: error: unknown type name ‘size_t’
      const char *__restrict __s, size_t __n) __THROW;
                                  ^
/usr/include/stdlib.h:873:1: error: unknown type name ‘size_t’
 extern size_t mbstowcs (wchar_t *__restrict  __pwcs,
 ^
/usr/include/stdlib.h:874:32: error: unknown type name ‘size_t’
    const char *__restrict __s, size_t __n) __THROW;
                                ^
/usr/include/stdlib.h:876:1: error: unknown type name ‘size_t’
 extern size_t wcstombs (char *__restrict __s,
 ^
/usr/include/stdlib.h:877:38: error: unknown type name ‘size_t’
    const wchar_t *__restrict __pwcs, size_t __n)
                                      ^
In file included from /public/liqingxing/PET/ITK/InsightToolkit-5.0.1/Modules/ThirdParty/HDF5/src/itkhdf5/config/cmake/ConversionTests.c:240:0:
/usr/include/string.h:43:8: error: unknown type name ‘size_t’
        size_t __n) __THROW __nonnull ((1, 2));
        ^
/usr/include/string.h:46:56: error: unknown type name ‘size_t’
 extern void *memmove (void *__dest, const void *__src, size_t __n)
                                                        ^
/usr/include/string.h:55:18: error: unknown type name ‘size_t’
         int __c, size_t __n)
                  ^
/usr/include/string.h:62:42: error: unknown type name ‘size_t’
 extern void *memset (void *__s, int __c, size_t __n) __THROW __nonnull ((1));
                                          ^
/usr/include/string.h:65:56: error: unknown type name ‘size_t’
 extern int memcmp (const void *__s1, const void *__s2, size_t __n)
                                                        ^
/usr/include/string.h:92:48: error: unknown type name ‘size_t’
 extern void *memchr (const void *__s, int __c, size_t __n)
                                                ^
/usr/include/string.h:129:39: error: unknown type name ‘size_t’
         const char *__restrict __src, size_t __n)
                                       ^
/usr/include/string.h:137:9: error: unknown type name ‘size_t’
         size_t __n) __THROW __nonnull ((1, 2));
         ^
/usr/include/string.h:143:57: error: unknown type name ‘size_t’
 extern int strncmp (const char *__s1, const char *__s2, size_t __n)
                                                         ^
/usr/include/string.h:150:1: error: unknown type name ‘size_t’
 extern size_t strxfrm (char *__restrict __dest,
 ^
/usr/include/string.h:151:40: error: unknown type name ‘size_t’
          const char *__restrict __src, size_t __n)
                                        ^
In file included from /public/liqingxing/PET/ITK/InsightToolkit-5.0.1/Modules/ThirdParty/HDF5/src/itkhdf5/config/cmake/ConversionTests.c:240:0:
/usr/include/string.h:165:1: error: unknown type name ‘size_t’
 extern size_t strxfrm_l (char *__dest, const char *__src, size_t __n,
 ^
/usr/include/string.h:165:59: error: unknown type name ‘size_t’
 extern size_t strxfrm_l (char *__dest, const char *__src, size_t __n,
                                                           ^
/usr/include/string.h:179:45: error: unknown type name ‘size_t’
 extern char *strndup (const char *__string, size_t __n)
                                             ^
/usr/include/string.h:280:1: error: unknown type name ‘size_t’
 extern size_t strcspn (const char *__s, const char *__reject)
 ^
/usr/include/string.h:284:1: error: unknown type name ‘size_t’
 extern size_t strspn (const char *__s, const char *__accept)
 ^
/usr/include/string.h:394:1: error: unknown type name ‘size_t’
 extern size_t strlen (const char *__s)
 ^
/usr/include/string.h:401:1: error: unknown type name ‘size_t’
 extern size_t strnlen (const char *__string, size_t __maxlen)
 ^
/usr/include/string.h:401:46: error: unknown type name ‘size_t’
 extern size_t strnlen (const char *__string, size_t __maxlen)
                                              ^
In file included from /usr/include/features.h:367:0,
                 from /usr/include/stdlib.h:24,
                 from /public/liqingxing/PET/ITK/InsightToolkit-5.0.1/Modules/ThirdParty/HDF5/src/itkhdf5/config/cmake/ConversionTests.c:239:
/usr/include/string.h:422:12: error: unknown type name ‘size_t’
 extern int __REDIRECT_NTH (strerror_r,
            ^
In file included from /public/liqingxing/PET/ITK/InsightToolkit-5.0.1/Modules/ThirdParty/HDF5/src/itkhdf5/config/cmake/ConversionTests.c:240:0:
/usr/include/string.h:446:33: error: unknown type name ‘size_t’
 extern void __bzero (void *__s, size_t __n) __THROW __nonnull ((1));
                                 ^
/usr/include/string.h:450:53: error: unknown type name ‘size_t’
 extern void bcopy (const void *__src, void *__dest, size_t __n)
                                                     ^
/usr/include/string.h:454:31: error: unknown type name ‘size_t’
 extern void bzero (void *__s, size_t __n) __THROW __nonnull ((1));
                               ^
/usr/include/string.h:457:54: error: unknown type name ‘size_t’
 extern int bcmp (const void *__s1, const void *__s2, size_t __n)
                                                      ^
/usr/include/string.h:533:61: error: unknown type name ‘size_t’
 extern int strncasecmp (const char *__s1, const char *__s2, size_t __n)
                                                             ^
/usr/include/string.h:570:34: error: unknown type name ‘size_t’
    const char *__restrict __src, size_t __n)
                                  ^
/usr/include/string.h:573:39: error: unknown type name ‘size_t’
         const char *__restrict __src, size_t __n)
                                       ^
/public/liqingxing/PET/ITK/InsightToolkit-5.0.1/Modules/ThirdParty/HDF5/src/itkhdf5/config/cmake/ConversionTests.c:243:5: error: unknown type name ‘size_t’
     size_t len;
     ^
CMakeFiles/cmTC_45809.dir/build.make:65: recipe for target 'CMakeFiles/cmTC_45809.dir/ConversionTests.c.o' failed
make[1]: *** [CMakeFiles/cmTC_45809.dir/ConversionTests.c.o] Error 1
make[1]: Leaving directory '/public/liqingxing/PET/ITK/build/CMakeFiles/CMakeTmp'
Makefile:121: recipe for target 'cmTC_45809/fast' failed
make: *** [cmTC_45809/fast] Error 2

Performing CXX Test OLD_HEADER_FILENAME failed with the following output:
Change Dir: /public/liqingxing/PET/ITK/build/CMakeFiles/CMakeTmp

Run Build Command(s):/usr/bin/make cmTC_1ea90/fast 
/usr/bin/make -f CMakeFiles/cmTC_1ea90.dir/build.make CMakeFiles/cmTC_1ea90.dir/build
make[1]: Entering directory '/public/liqingxing/PET/ITK/build/CMakeFiles/CMakeTmp'
Building CXX object CMakeFiles/cmTC_1ea90.dir/HDFCXXTests.cpp.o
/usr/bin/c++    -mtune=native -march=corei7 -Wall -Wcast-align -Wdisabled-optimization -Wextra -Wformat=2 -Winvalid-pch -Wno-format-nonliteral -Wpointer-arith -Wshadow -Wunused -Wwrite-strings -funit-at-a-time -Wno-strict-overflow -Wno-deprecated -Wno-invalid-offsetof -Woverloaded-virtual -Wstrict-null-sentinel  -Wno-array-bounds -w -fmessage-length=0 -DOLD_HEADER_FILENAME  -DHAVE_SYS_TIME_H -DHAVE_UNISTD_H -DHAVE_SYS_TYPES_H -DHAVE_SYS_SOCKET_H -DHAVE_SYS_FILE_H -D_FILE_OFFSET_BITS=64 -D_LARGEFILE64_SOURCE -D_LARGEFILE_SOURCE -fPIE   -std=c++11 -o CMakeFiles/cmTC_1ea90.dir/HDFCXXTests.cpp.o -c /public/liqingxing/PET/ITK/InsightToolkit-5.0.1/Modules/ThirdParty/HDF5/src/itkhdf5/config/cmake_ext_mod/HDFCXXTests.cpp
Linking CXX executable cmTC_1ea90
/opt/cmake-3.14.5/bin/cmake -E cmake_link_script CMakeFiles/cmTC_1ea90.dir/link.txt --verbose=1
/usr/bin/c++    -mtune=native -march=corei7 -Wall -Wcast-align -Wdisabled-optimization -Wextra -Wformat=2 -Winvalid-pch -Wno-format-nonliteral -Wpointer-arith -Wshadow -Wunused -Wwrite-strings -funit-at-a-time -Wno-strict-overflow -Wno-deprecated -Wno-invalid-offsetof -Woverloaded-virtual -Wstrict-null-sentinel  -Wno-array-bounds -w -fmessage-length=0 -DOLD_HEADER_FILENAME  -DHAVE_SYS_TIME_H -DHAVE_UNISTD_H -DHAVE_SYS_TYPES_H -DHAVE_SYS_SOCKET_H -DHAVE_SYS_FILE_H -D_FILE_OFFSET_BITS=64 -D_LARGEFILE64_SOURCE -D_LARGEFILE_SOURCE     -fPIE -pie CMakeFiles/cmTC_1ea90.dir/HDFCXXTests.cpp.o  -o cmTC_1ea90 -lm -ldl 
make[1]: Leaving directory '/public/liqingxing/PET/ITK/build/CMakeFiles/CMakeTmp'

Performing CXX Test HDF_NO_NAMESPACE failed with the following output:
Change Dir: /public/liqingxing/PET/ITK/build/CMakeFiles/CMakeTmp

Run Build Command(s):/usr/bin/make cmTC_72e7b/fast 
/usr/bin/make -f CMakeFiles/cmTC_72e7b.dir/build.make CMakeFiles/cmTC_72e7b.dir/build
make[1]: Entering directory '/public/liqingxing/PET/ITK/build/CMakeFiles/CMakeTmp'
Building CXX object CMakeFiles/cmTC_72e7b.dir/HDFCXXTests.cpp.o
/usr/bin/c++    -mtune=native -march=corei7 -Wall -Wcast-align -Wdisabled-optimization -Wextra -Wformat=2 -Winvalid-pch -Wno-format-nonliteral -Wpointer-arith -Wshadow -Wunused -Wwrite-strings -funit-at-a-time -Wno-strict-overflow -Wno-deprecated -Wno-invalid-offsetof -Woverloaded-virtual -Wstrict-null-sentinel  -Wno-array-bounds -w -fmessage-length=0 -DHDF_NO_NAMESPACE  -DHAVE_SYS_TIME_H -DHAVE_UNISTD_H -DHAVE_SYS_TYPES_H -DHAVE_SYS_SOCKET_H -DHAVE_SYS_FILE_H -D_FILE_OFFSET_BITS=64 -D_LARGEFILE64_SOURCE -D_LARGEFILE_SOURCE -fPIE   -std=c++11 -o CMakeFiles/cmTC_72e7b.dir/HDFCXXTests.cpp.o -c /public/liqingxing/PET/ITK/InsightToolkit-5.0.1/Modules/ThirdParty/HDF5/src/itkhdf5/config/cmake_ext_mod/HDFCXXTests.cpp
Linking CXX executable cmTC_72e7b
/opt/cmake-3.14.5/bin/cmake -E cmake_link_script CMakeFiles/cmTC_72e7b.dir/link.txt --verbose=1
/usr/bin/c++    -mtune=native -march=corei7 -Wall -Wcast-align -Wdisabled-optimization -Wextra -Wformat=2 -Winvalid-pch -Wno-format-nonliteral -Wpointer-arith -Wshadow -Wunused -Wwrite-strings -funit-at-a-time -Wno-strict-overflow -Wno-deprecated -Wno-invalid-offsetof -Woverloaded-virtual -Wstrict-null-sentinel  -Wno-array-bounds -w -fmessage-length=0 -DHDF_NO_NAMESPACE  -DHAVE_SYS_TIME_H -DHAVE_UNISTD_H -DHAVE_SYS_TYPES_H -DHAVE_SYS_SOCKET_H -DHAVE_SYS_FILE_H -D_FILE_OFFSET_BITS=64 -D_LARGEFILE64_SOURCE -D_LARGEFILE_SOURCE     -fPIE -pie CMakeFiles/cmTC_72e7b.dir/HDFCXXTests.cpp.o  -o cmTC_72e7b -lm -ldl 
make[1]: Leaving directory '/public/liqingxing/PET/ITK/build/CMakeFiles/CMakeTmp'

Performing CXX Test HDF_NO_STD failed with the following output:
Change Dir: /public/liqingxing/PET/ITK/build/CMakeFiles/CMakeTmp

Run Build Command(s):/usr/bin/make cmTC_dcbc4/fast 
/usr/bin/make -f CMakeFiles/cmTC_dcbc4.dir/build.make CMakeFiles/cmTC_dcbc4.dir/build
make[1]: Entering directory '/public/liqingxing/PET/ITK/build/CMakeFiles/CMakeTmp'
Building CXX object CMakeFiles/cmTC_dcbc4.dir/HDFCXXTests.cpp.o
/usr/bin/c++    -mtune=native -march=corei7 -Wall -Wcast-align -Wdisabled-optimization -Wextra -Wformat=2 -Winvalid-pch -Wno-format-nonliteral -Wpointer-arith -Wshadow -Wunused -Wwrite-strings -funit-at-a-time -Wno-strict-overflow -Wno-deprecated -Wno-invalid-offsetof -Woverloaded-virtual -Wstrict-null-sentinel  -Wno-array-bounds -w -fmessage-length=0 -DHDF_NO_STD  -DHAVE_SYS_TIME_H -DHAVE_UNISTD_H -DHAVE_SYS_TYPES_H -DHAVE_SYS_SOCKET_H -DHAVE_SYS_FILE_H -D_FILE_OFFSET_BITS=64 -D_LARGEFILE64_SOURCE -D_LARGEFILE_SOURCE -fPIE   -std=c++11 -o CMakeFiles/cmTC_dcbc4.dir/HDFCXXTests.cpp.o -c /public/liqingxing/PET/ITK/InsightToolkit-5.0.1/Modules/ThirdParty/HDF5/src/itkhdf5/config/cmake_ext_mod/HDFCXXTests.cpp
Linking CXX executable cmTC_dcbc4
/opt/cmake-3.14.5/bin/cmake -E cmake_link_script CMakeFiles/cmTC_dcbc4.dir/link.txt --verbose=1
/usr/bin/c++    -mtune=native -march=corei7 -Wall -Wcast-align -Wdisabled-optimization -Wextra -Wformat=2 -Winvalid-pch -Wno-format-nonliteral -Wpointer-arith -Wshadow -Wunused -Wwrite-strings -funit-at-a-time -Wno-strict-overflow -Wno-deprecated -Wno-invalid-offsetof -Woverloaded-virtual -Wstrict-null-sentinel  -Wno-array-bounds -w -fmessage-length=0 -DHDF_NO_STD  -DHAVE_SYS_TIME_H -DHAVE_UNISTD_H -DHAVE_SYS_TYPES_H -DHAVE_SYS_SOCKET_H -DHAVE_SYS_FILE_H -D_FILE_OFFSET_BITS=64 -D_LARGEFILE64_SOURCE -D_LARGEFILE_SOURCE     -fPIE -pie CMakeFiles/cmTC_dcbc4.dir/HDFCXXTests.cpp.o  -o cmTC_dcbc4 -lm -ldl 
make[1]: Leaving directory '/public/liqingxing/PET/ITK/build/CMakeFiles/CMakeTmp'

Performing CXX Test BOOL_NOTDEFINED failed with the following output:
Change Dir: /public/liqingxing/PET/ITK/build/CMakeFiles/CMakeTmp

Run Build Command(s):/usr/bin/make cmTC_c1657/fast 
/usr/bin/make -f CMakeFiles/cmTC_c1657.dir/build.make CMakeFiles/cmTC_c1657.dir/build
make[1]: Entering directory '/public/liqingxing/PET/ITK/build/CMakeFiles/CMakeTmp'
Building CXX object CMakeFiles/cmTC_c1657.dir/HDFCXXTests.cpp.o
/usr/bin/c++    -mtune=native -march=corei7 -Wall -Wcast-align -Wdisabled-optimization -Wextra -Wformat=2 -Winvalid-pch -Wno-format-nonliteral -Wpointer-arith -Wshadow -Wunused -Wwrite-strings -funit-at-a-time -Wno-strict-overflow -Wno-deprecated -Wno-invalid-offsetof -Woverloaded-virtual -Wstrict-null-sentinel  -Wno-array-bounds -w -fmessage-length=0 -DBOOL_NOTDEFINED  -DHAVE_SYS_TIME_H -DHAVE_UNISTD_H -DHAVE_SYS_TYPES_H -DHAVE_SYS_SOCKET_H -DHAVE_SYS_FILE_H -D_FILE_OFFSET_BITS=64 -D_LARGEFILE64_SOURCE -D_LARGEFILE_SOURCE -fPIE   -std=c++11 -o CMakeFiles/cmTC_c1657.dir/HDFCXXTests.cpp.o -c /public/liqingxing/PET/ITK/InsightToolkit-5.0.1/Modules/ThirdParty/HDF5/src/itkhdf5/config/cmake_ext_mod/HDFCXXTests.cpp
Linking CXX executable cmTC_c1657
/opt/cmake-3.14.5/bin/cmake -E cmake_link_script CMakeFiles/cmTC_c1657.dir/link.txt --verbose=1
/usr/bin/c++    -mtune=native -march=corei7 -Wall -Wcast-align -Wdisabled-optimization -Wextra -Wformat=2 -Winvalid-pch -Wno-format-nonliteral -Wpointer-arith -Wshadow -Wunused -Wwrite-strings -funit-at-a-time -Wno-strict-overflow -Wno-deprecated -Wno-invalid-offsetof -Woverloaded-virtual -Wstrict-null-sentinel  -Wno-array-bounds -w -fmessage-length=0 -DBOOL_NOTDEFINED  -DHAVE_SYS_TIME_H -DHAVE_UNISTD_H -DHAVE_SYS_TYPES_H -DHAVE_SYS_SOCKET_H -DHAVE_SYS_FILE_H -D_FILE_OFFSET_BITS=64 -D_LARGEFILE64_SOURCE -D_LARGEFILE_SOURCE     -fPIE -pie CMakeFiles/cmTC_c1657.dir/HDFCXXTests.cpp.o  -o cmTC_c1657 -lm -ldl 
make[1]: Leaving directory '/public/liqingxing/PET/ITK/build/CMakeFiles/CMakeTmp'

Performing CXX Test NO_STATIC_CAST failed with the following output:
Change Dir: /public/liqingxing/PET/ITK/build/CMakeFiles/CMakeTmp

Run Build Command(s):/usr/bin/make cmTC_0d863/fast 
/usr/bin/make -f CMakeFiles/cmTC_0d863.dir/build.make CMakeFiles/cmTC_0d863.dir/build
make[1]: Entering directory '/public/liqingxing/PET/ITK/build/CMakeFiles/CMakeTmp'
Building CXX object CMakeFiles/cmTC_0d863.dir/HDFCXXTests.cpp.o
/usr/bin/c++    -mtune=native -march=corei7 -Wall -Wcast-align -Wdisabled-optimization -Wextra -Wformat=2 -Winvalid-pch -Wno-format-nonliteral -Wpointer-arith -Wshadow -Wunused -Wwrite-strings -funit-at-a-time -Wno-strict-overflow -Wno-deprecated -Wno-invalid-offsetof -Woverloaded-virtual -Wstrict-null-sentinel  -Wno-array-bounds -w -fmessage-length=0 -DNO_STATIC_CAST  -DHAVE_SYS_TIME_H -DHAVE_UNISTD_H -DHAVE_SYS_TYPES_H -DHAVE_SYS_SOCKET_H -DHAVE_SYS_FILE_H -D_FILE_OFFSET_BITS=64 -D_LARGEFILE64_SOURCE -D_LARGEFILE_SOURCE -fPIE   -std=c++11 -o CMakeFiles/cmTC_0d863.dir/HDFCXXTests.cpp.o -c /public/liqingxing/PET/ITK/InsightToolkit-5.0.1/Modules/ThirdParty/HDF5/src/itkhdf5/config/cmake_ext_mod/HDFCXXTests.cpp
Linking CXX executable cmTC_0d863
/opt/cmake-3.14.5/bin/cmake -E cmake_link_script CMakeFiles/cmTC_0d863.dir/link.txt --verbose=1
/usr/bin/c++    -mtune=native -march=corei7 -Wall -Wcast-align -Wdisabled-optimization -Wextra -Wformat=2 -Winvalid-pch -Wno-format-nonliteral -Wpointer-arith -Wshadow -Wunused -Wwrite-strings -funit-at-a-time -Wno-strict-overflow -Wno-deprecated -Wno-invalid-offsetof -Woverloaded-virtual -Wstrict-null-sentinel  -Wno-array-bounds -w -fmessage-length=0 -DNO_STATIC_CAST  -DHAVE_SYS_TIME_H -DHAVE_UNISTD_H -DHAVE_SYS_TYPES_H -DHAVE_SYS_SOCKET_H -DHAVE_SYS_FILE_H -D_FILE_OFFSET_BITS=64 -D_LARGEFILE64_SOURCE -D_LARGEFILE_SOURCE     -fPIE -pie CMakeFiles/cmTC_0d863.dir/HDFCXXTests.cpp.o  -o cmTC_0d863 -lm -ldl 
make[1]: Leaving directory '/public/liqingxing/PET/ITK/build/CMakeFiles/CMakeTmp'

Performing CXX Test CXX_HAVE_OFFSETOF failed with the following output:
Change Dir: /public/liqingxing/PET/ITK/build/CMakeFiles/CMakeTmp

Run Build Command(s):/usr/bin/make cmTC_b2c16/fast 
/usr/bin/make -f CMakeFiles/cmTC_b2c16.dir/build.make CMakeFiles/cmTC_b2c16.dir/build
make[1]: Entering directory '/public/liqingxing/PET/ITK/build/CMakeFiles/CMakeTmp'
Building CXX object CMakeFiles/cmTC_b2c16.dir/HDFCXXTests.cpp.o
/usr/bin/c++    -mtune=native -march=corei7 -Wall -Wcast-align -Wdisabled-optimization -Wextra -Wformat=2 -Winvalid-pch -Wno-format-nonliteral -Wpointer-arith -Wshadow -Wunused -Wwrite-strings -funit-at-a-time -Wno-strict-overflow -Wno-deprecated -Wno-invalid-offsetof -Woverloaded-virtual -Wstrict-null-sentinel  -Wno-array-bounds -w -fmessage-length=0 -DCXX_HAVE_OFFSETOF  -DHAVE_SYS_TIME_H -DHAVE_UNISTD_H -DHAVE_SYS_TYPES_H -DHAVE_SYS_SOCKET_H -DHAVE_SYS_FILE_H -D_FILE_OFFSET_BITS=64 -D_LARGEFILE64_SOURCE -D_LARGEFILE_SOURCE -fPIE   -std=c++11 -o CMakeFiles/cmTC_b2c16.dir/HDFCXXTests.cpp.o -c /public/liqingxing/PET/ITK/InsightToolkit-5.0.1/Modules/ThirdParty/HDF5/src/itkhdf5/config/cmake_ext_mod/HDFCXXTests.cpp
Linking CXX executable cmTC_b2c16
/opt/cmake-3.14.5/bin/cmake -E cmake_link_script CMakeFiles/cmTC_b2c16.dir/link.txt --verbose=1
/usr/bin/c++    -mtune=native -march=corei7 -Wall -Wcast-align -Wdisabled-optimization -Wextra -Wformat=2 -Winvalid-pch -Wno-format-nonliteral -Wpointer-arith -Wshadow -Wunused -Wwrite-strings -funit-at-a-time -Wno-strict-overflow -Wno-deprecated -Wno-invalid-offsetof -Woverloaded-virtual -Wstrict-null-sentinel  -Wno-array-bounds -w -fmessage-length=0 -DCXX_HAVE_OFFSETOF  -DHAVE_SYS_TIME_H -DHAVE_UNISTD_H -DHAVE_SYS_TYPES_H -DHAVE_SYS_SOCKET_H -DHAVE_SYS_FILE_H -D_FILE_OFFSET_BITS=64 -D_LARGEFILE64_SOURCE -D_LARGEFILE_SOURCE     -fPIE -pie CMakeFiles/cmTC_b2c16.dir/HDFCXXTests.cpp.o  -o cmTC_b2c16 -lm -ldl 
make[1]: Leaving directory '/public/liqingxing/PET/ITK/build/CMakeFiles/CMakeTmp'

Determining if files windows.h exist failed with the following output:
Change Dir: /public/liqingxing/PET/ITK/build/CMakeFiles/CMakeTmp

Run Build Command(s):/usr/bin/make cmTC_76a0d/fast 
/usr/bin/make -f CMakeFiles/cmTC_76a0d.dir/build.make CMakeFiles/cmTC_76a0d.dir/build
make[1]: Entering directory '/public/liqingxing/PET/ITK/build/CMakeFiles/CMakeTmp'
Building C object CMakeFiles/cmTC_76a0d.dir/HAVE_WINDOWS_H.c.o
/usr/bin/cc   -mtune=native -march=corei7 -Wno-uninitialized -Wno-unused-parameter -Wall -Wcast-align -Wdisabled-optimization -Wextra -Wformat=2 -Winvalid-pch -Wno-format-nonliteral -Wpointer-arith -Wshadow -Wunused -Wwrite-strings -funit-at-a-time -Wno-strict-overflow  -w  -fPIE   -o CMakeFiles/cmTC_76a0d.dir/HAVE_WINDOWS_H.c.o   -c /public/liqingxing/PET/ITK/build/CMakeFiles/CheckIncludeFiles/HAVE_WINDOWS_H.c
/public/liqingxing/PET/ITK/build/CMakeFiles/CheckIncludeFiles/HAVE_WINDOWS_H.c:2:21: fatal error: windows.h: No such file or directory
 #include <windows.h>
                     ^
compilation terminated.
CMakeFiles/cmTC_76a0d.dir/build.make:65: recipe for target 'CMakeFiles/cmTC_76a0d.dir/HAVE_WINDOWS_H.c.o' failed
make[1]: *** [CMakeFiles/cmTC_76a0d.dir/HAVE_WINDOWS_H.c.o] Error 1
make[1]: Leaving directory '/public/liqingxing/PET/ITK/build/CMakeFiles/CMakeTmp'
Makefile:121: recipe for target 'cmTC_76a0d/fast' failed
make: *** [cmTC_76a0d/fast] Error 2

Source:
/* */
#include <windows.h>


int main(void){return 0;}

Determining if files ieeefp.h exist failed with the following output:
Change Dir: /public/liqingxing/PET/ITK/build/CMakeFiles/CMakeTmp

Run Build Command(s):/usr/bin/make cmTC_5b149/fast 
/usr/bin/make -f CMakeFiles/cmTC_5b149.dir/build.make CMakeFiles/cmTC_5b149.dir/build
make[1]: Entering directory '/public/liqingxing/PET/ITK/build/CMakeFiles/CMakeTmp'
Building C object CMakeFiles/cmTC_5b149.dir/HAVE_IEEEFP_H.c.o
/usr/bin/cc   -mtune=native -march=corei7 -Wno-uninitialized -Wno-unused-parameter -Wall -Wcast-align -Wdisabled-optimization -Wextra -Wformat=2 -Winvalid-pch -Wno-format-nonliteral -Wpointer-arith -Wshadow -Wunused -Wwrite-strings -funit-at-a-time -Wno-strict-overflow  -w  -fPIE   -o CMakeFiles/cmTC_5b149.dir/HAVE_IEEEFP_H.c.o   -c /public/liqingxing/PET/ITK/build/CMakeFiles/CheckIncludeFiles/HAVE_IEEEFP_H.c
/public/liqingxing/PET/ITK/build/CMakeFiles/CheckIncludeFiles/HAVE_IEEEFP_H.c:2:20: fatal error: ieeefp.h: No such file or directory
 #include <ieeefp.h>
                    ^
compilation terminated.
CMakeFiles/cmTC_5b149.dir/build.make:65: recipe for target 'CMakeFiles/cmTC_5b149.dir/HAVE_IEEEFP_H.c.o' failed
make[1]: *** [CMakeFiles/cmTC_5b149.dir/HAVE_IEEEFP_H.c.o] Error 1
make[1]: Leaving directory '/public/liqingxing/PET/ITK/build/CMakeFiles/CMakeTmp'
Makefile:121: recipe for target 'cmTC_5b149/fast' failed
make: *** [cmTC_5b149/fast] Error 2

Source:
/* */
#include <ieeefp.h>


int main(void){return 0;}

Determining if the function floor exists failed with the following output:
Change Dir: /public/liqingxing/PET/ITK/build/CMakeFiles/CMakeTmp

Run Build Command(s):/usr/bin/make cmTC_a6992/fast 
/usr/bin/make -f CMakeFiles/cmTC_a6992.dir/build.make CMakeFiles/cmTC_a6992.dir/build
make[1]: Entering directory '/public/liqingxing/PET/ITK/build/CMakeFiles/CMakeTmp'
Building C object CMakeFiles/cmTC_a6992.dir/CheckFunctionExists.c.o
/usr/bin/cc   -mtune=native -march=corei7 -Wno-uninitialized -Wno-unused-parameter -Wall -Wcast-align -Wdisabled-optimization -Wextra -Wformat=2 -Winvalid-pch -Wno-format-nonliteral -Wpointer-arith -Wshadow -Wunused -Wwrite-strings -funit-at-a-time -Wno-strict-overflow  -w -DCHECK_FUNCTION_EXISTS=floor -fPIE   -o CMakeFiles/cmTC_a6992.dir/CheckFunctionExists.c.o   -c /opt/cmake-3.14.5/share/cmake-3.14/Modules/CheckFunctionExists.c
Linking C executable cmTC_a6992
/opt/cmake-3.14.5/bin/cmake -E cmake_link_script CMakeFiles/cmTC_a6992.dir/link.txt --verbose=1
/usr/bin/cc  -mtune=native -march=corei7 -Wno-uninitialized -Wno-unused-parameter -Wall -Wcast-align -Wdisabled-optimization -Wextra -Wformat=2 -Winvalid-pch -Wno-format-nonliteral -Wpointer-arith -Wshadow -Wunused -Wwrite-strings -funit-at-a-time -Wno-strict-overflow  -w -DCHECK_FUNCTION_EXISTS=floor     -fPIE -pie CMakeFiles/cmTC_a6992.dir/CheckFunctionExists.c.o  -o cmTC_a6992 
CMakeFiles/cmTC_a6992.dir/CheckFunctionExists.c.o: In function `main':
CheckFunctionExists.c:(.text+0x10): undefined reference to `floor'
collect2: error: ld returned 1 exit status
CMakeFiles/cmTC_a6992.dir/build.make:86: recipe for target 'cmTC_a6992' failed
make[1]: *** [cmTC_a6992] Error 1
make[1]: Leaving directory '/public/liqingxing/PET/ITK/build/CMakeFiles/CMakeTmp'
Makefile:121: recipe for target 'cmTC_a6992/fast' failed
make: *** [cmTC_a6992/fast] Error 2


Determining if the function pow exists failed with the following output:
Change Dir: /public/liqingxing/PET/ITK/build/CMakeFiles/CMakeTmp

Run Build Command(s):/usr/bin/make cmTC_d1711/fast 
/usr/bin/make -f CMakeFiles/cmTC_d1711.dir/build.make CMakeFiles/cmTC_d1711.dir/build
make[1]: Entering directory '/public/liqingxing/PET/ITK/build/CMakeFiles/CMakeTmp'
Building C object CMakeFiles/cmTC_d1711.dir/CheckFunctionExists.c.o
/usr/bin/cc   -mtune=native -march=corei7 -Wno-uninitialized -Wno-unused-parameter -Wall -Wcast-align -Wdisabled-optimization -Wextra -Wformat=2 -Winvalid-pch -Wno-format-nonliteral -Wpointer-arith -Wshadow -Wunused -Wwrite-strings -funit-at-a-time -Wno-strict-overflow  -w -DCHECK_FUNCTION_EXISTS=pow -fPIE   -o CMakeFiles/cmTC_d1711.dir/CheckFunctionExists.c.o   -c /opt/cmake-3.14.5/share/cmake-3.14/Modules/CheckFunctionExists.c
Linking C executable cmTC_d1711
/opt/cmake-3.14.5/bin/cmake -E cmake_link_script CMakeFiles/cmTC_d1711.dir/link.txt --verbose=1
/usr/bin/cc  -mtune=native -march=corei7 -Wno-uninitialized -Wno-unused-parameter -Wall -Wcast-align -Wdisabled-optimization -Wextra -Wformat=2 -Winvalid-pch -Wno-format-nonliteral -Wpointer-arith -Wshadow -Wunused -Wwrite-strings -funit-at-a-time -Wno-strict-overflow  -w -DCHECK_FUNCTION_EXISTS=pow     -fPIE -pie CMakeFiles/cmTC_d1711.dir/CheckFunctionExists.c.o  -o cmTC_d1711 
CMakeFiles/cmTC_d1711.dir/CheckFunctionExists.c.o: In function `main':
CheckFunctionExists.c:(.text+0x10): undefined reference to `pow'
collect2: error: ld returned 1 exit status
CMakeFiles/cmTC_d1711.dir/build.make:86: recipe for target 'cmTC_d1711' failed
make[1]: *** [cmTC_d1711] Error 1
make[1]: Leaving directory '/public/liqingxing/PET/ITK/build/CMakeFiles/CMakeTmp'
Makefile:121: recipe for target 'cmTC_d1711/fast' failed
make: *** [cmTC_d1711/fast] Error 2


Determining if the function sqrt exists failed with the following output:
Change Dir: /public/liqingxing/PET/ITK/build/CMakeFiles/CMakeTmp

Run Build Command(s):/usr/bin/make cmTC_c5443/fast 
/usr/bin/make -f CMakeFiles/cmTC_c5443.dir/build.make CMakeFiles/cmTC_c5443.dir/build
make[1]: Entering directory '/public/liqingxing/PET/ITK/build/CMakeFiles/CMakeTmp'
Building C object CMakeFiles/cmTC_c5443.dir/CheckFunctionExists.c.o
/usr/bin/cc   -mtune=native -march=corei7 -Wno-uninitialized -Wno-unused-parameter -Wall -Wcast-align -Wdisabled-optimization -Wextra -Wformat=2 -Winvalid-pch -Wno-format-nonliteral -Wpointer-arith -Wshadow -Wunused -Wwrite-strings -funit-at-a-time -Wno-strict-overflow  -w -DCHECK_FUNCTION_EXISTS=sqrt -fPIE   -o CMakeFiles/cmTC_c5443.dir/CheckFunctionExists.c.o   -c /opt/cmake-3.14.5/share/cmake-3.14/Modules/CheckFunctionExists.c
Linking C executable cmTC_c5443
/opt/cmake-3.14.5/bin/cmake -E cmake_link_script CMakeFiles/cmTC_c5443.dir/link.txt --verbose=1
/usr/bin/cc  -mtune=native -march=corei7 -Wno-uninitialized -Wno-unused-parameter -Wall -Wcast-align -Wdisabled-optimization -Wextra -Wformat=2 -Winvalid-pch -Wno-format-nonliteral -Wpointer-arith -Wshadow -Wunused -Wwrite-strings -funit-at-a-time -Wno-strict-overflow  -w -DCHECK_FUNCTION_EXISTS=sqrt     -fPIE -pie CMakeFiles/cmTC_c5443.dir/CheckFunctionExists.c.o  -o cmTC_c5443 
CMakeFiles/cmTC_c5443.dir/CheckFunctionExists.c.o: In function `main':
CheckFunctionExists.c:(.text+0x10): undefined reference to `sqrt'
collect2: error: ld returned 1 exit status
CMakeFiles/cmTC_c5443.dir/build.make:86: recipe for target 'cmTC_c5443' failed
make[1]: *** [cmTC_c5443] Error 1
make[1]: Leaving directory '/public/liqingxing/PET/ITK/build/CMakeFiles/CMakeTmp'
Makefile:121: recipe for target 'cmTC_c5443/fast' failed
make: *** [cmTC_c5443/fast] Error 2


Determining if files sys/ndir.h exist failed with the following output:
Change Dir: /public/liqingxing/PET/ITK/build/CMakeFiles/CMakeTmp

Run Build Command(s):/usr/bin/make cmTC_6e957/fast 
/usr/bin/make -f CMakeFiles/cmTC_6e957.dir/build.make CMakeFiles/cmTC_6e957.dir/build
make[1]: Entering directory '/public/liqingxing/PET/ITK/build/CMakeFiles/CMakeTmp'
Building C object CMakeFiles/cmTC_6e957.dir/HAVE_SYS_NDIR_H.c.o
/usr/bin/cc   -mtune=native -march=corei7 -Wno-uninitialized -Wno-unused-parameter -Wall -Wcast-align -Wdisabled-optimization -Wextra -Wformat=2 -Winvalid-pch -Wno-format-nonliteral -Wpointer-arith -Wshadow -Wunused -Wwrite-strings -funit-at-a-time -Wno-strict-overflow  -w   -fPIC  -fPIE   -o CMakeFiles/cmTC_6e957.dir/HAVE_SYS_NDIR_H.c.o   -c /public/liqingxing/PET/ITK/build/CMakeFiles/CheckIncludeFiles/HAVE_SYS_NDIR_H.c
/public/liqingxing/PET/ITK/build/CMakeFiles/CheckIncludeFiles/HAVE_SYS_NDIR_H.c:2:22: fatal error: sys/ndir.h: No such file or directory
 #include <sys/ndir.h>
                      ^
compilation terminated.
CMakeFiles/cmTC_6e957.dir/build.make:65: recipe for target 'CMakeFiles/cmTC_6e957.dir/HAVE_SYS_NDIR_H.c.o' failed
make[1]: *** [CMakeFiles/cmTC_6e957.dir/HAVE_SYS_NDIR_H.c.o] Error 1
make[1]: Leaving directory '/public/liqingxing/PET/ITK/build/CMakeFiles/CMakeTmp'
Makefile:121: recipe for target 'cmTC_6e957/fast' failed
make: *** [cmTC_6e957/fast] Error 2

Source:
/* */
#include <sys/ndir.h>


int main(void){return 0;}

Determining if files vfork.h exist failed with the following output:
Change Dir: /public/liqingxing/PET/ITK/build/CMakeFiles/CMakeTmp

Run Build Command(s):/usr/bin/make cmTC_ec22d/fast 
/usr/bin/make -f CMakeFiles/cmTC_ec22d.dir/build.make CMakeFiles/cmTC_ec22d.dir/build
make[1]: Entering directory '/public/liqingxing/PET/ITK/build/CMakeFiles/CMakeTmp'
Building C object CMakeFiles/cmTC_ec22d.dir/HAVE_VFORK_H.c.o
/usr/bin/cc   -mtune=native -march=corei7 -Wno-uninitialized -Wno-unused-parameter -Wall -Wcast-align -Wdisabled-optimization -Wextra -Wformat=2 -Winvalid-pch -Wno-format-nonliteral -Wpointer-arith -Wshadow -Wunused -Wwrite-strings -funit-at-a-time -Wno-strict-overflow  -w   -fPIC  -fPIE   -o CMakeFiles/cmTC_ec22d.dir/HAVE_VFORK_H.c.o   -c /public/liqingxing/PET/ITK/build/CMakeFiles/CheckIncludeFiles/HAVE_VFORK_H.c
/public/liqingxing/PET/ITK/build/CMakeFiles/CheckIncludeFiles/HAVE_VFORK_H.c:2:19: fatal error: vfork.h: No such file or directory
 #include <vfork.h>
                   ^
compilation terminated.
CMakeFiles/cmTC_ec22d.dir/build.make:65: recipe for target 'CMakeFiles/cmTC_ec22d.dir/HAVE_VFORK_H.c.o' failed
make[1]: *** [CMakeFiles/cmTC_ec22d.dir/HAVE_VFORK_H.c.o] Error 1
make[1]: Leaving directory '/public/liqingxing/PET/ITK/build/CMakeFiles/CMakeTmp'
Makefile:121: recipe for target 'cmTC_ec22d/fast' failed
make: *** [cmTC_ec22d/fast] Error 2

Source:
/* */
#include <vfork.h>


int main(void){return 0;}

Value of the 22nd bit of a 32-bit quiet-NaN is 1TestQnanhibit.c produced following output:
Change Dir: /public/liqingxing/PET/ITK/build/CMakeFiles/CMakeTmp

Run Build Command(s):/usr/bin/make cmTC_a017a/fast 
/usr/bin/make -f CMakeFiles/cmTC_a017a.dir/build.make CMakeFiles/cmTC_a017a.dir/build
make[1]: Entering directory '/public/liqingxing/PET/ITK/build/CMakeFiles/CMakeTmp'
Building C object CMakeFiles/cmTC_a017a.dir/TestQnanhibit.c.o
/usr/bin/cc   -mtune=native -march=corei7 -Wno-uninitialized -Wno-unused-parameter -Wall -Wcast-align -Wdisabled-optimization -Wextra -Wformat=2 -Winvalid-pch -Wno-format-nonliteral -Wpointer-arith -Wshadow -Wunused -Wwrite-strings -funit-at-a-time -Wno-strict-overflow  -w  -fPIE   -o CMakeFiles/cmTC_a017a.dir/TestQnanhibit.c.o   -c /public/liqingxing/PET/ITK/InsightToolkit-5.0.1/Modules/ThirdParty/NrrdIO/src/NrrdIO/CMake/TestQnanhibit.c
Linking C executable cmTC_a017a
/opt/cmake-3.14.5/bin/cmake -E cmake_link_script CMakeFiles/cmTC_a017a.dir/link.txt --verbose=1
/usr/bin/cc  -mtune=native -march=corei7 -Wno-uninitialized -Wno-unused-parameter -Wall -Wcast-align -Wdisabled-optimization -Wextra -Wformat=2 -Winvalid-pch -Wno-format-nonliteral -Wpointer-arith -Wshadow -Wunused -Wwrite-strings -funit-at-a-time -Wno-strict-overflow  -w      -fPIE -pie CMakeFiles/cmTC_a017a.dir/TestQnanhibit.c.o  -o cmTC_a017a 
make[1]: Leaving directory '/public/liqingxing/PET/ITK/build/CMakeFiles/CMakeTmp'
-DTEEM_QNANHIBIT=1


